{"total": {"lines":{"total":3471,"covered":3416,"skipped":0,"pct":98.41},"statements":{"total":3580,"covered":3487,"skipped":0,"pct":97.4},"functions":{"total":1305,"covered":1299,"skipped":0,"pct":99.54},"branches":{"total":1384,"covered":1233,"skipped":0,"pct":89.08},"branchesTrue":{"total":0,"covered":0,"skipped":0,"pct":100}}
,"C:\\Users\\IPF-2026\\Downloads\\Proyecto Final 2\\Omada MCP\\src\\config.ts": {"lines":{"total":92,"covered":89,"skipped":0,"pct":96.73},"functions":{"total":19,"covered":19,"skipped":0,"pct":100},"statements":{"total":96,"covered":93,"skipped":0,"pct":96.87},"branches":{"total":61,"covered":59,"skipped":0,"pct":96.72}}
,"C:\\Users\\IPF-2026\\Downloads\\Proyecto Final 2\\Omada MCP\\src\\env.ts": {"lines":{"total":3,"covered":3,"skipped":0,"pct":100},"functions":{"total":0,"covered":0,"skipped":0,"pct":100},"statements":{"total":3,"covered":3,"skipped":0,"pct":100},"branches":{"total":2,"covered":2,"skipped":0,"pct":100}}
,"C:\\Users\\IPF-2026\\Downloads\\Proyecto Final 2\\Omada MCP\\src\\index.ts": {"lines":{"total":16,"covered":16,"skipped":0,"pct":100},"functions":{"total":2,"covered":2,"skipped":0,"pct":100},"statements":{"total":16,"covered":16,"skipped":0,"pct":100},"branches":{"total":10,"covered":7,"skipped":0,"pct":70}}
,"C:\\Users\\IPF-2026\\Downloads\\Proyecto Final 2\\Omada MCP\\src\\omadaClient\\account.ts": {"lines":{"total":32,"covered":29,"skipped":0,"pct":90.62},"functions":{"total":11,"covered":10,"skipped":0,"pct":90.9},"statements":{"total":32,"covered":29,"skipped":0,"pct":90.62},"branches":{"total":0,"covered":0,"skipped":0,"pct":100}}
,"C:\\Users\\IPF-2026\\Downloads\\Proyecto Final 2\\Omada MCP\\src\\omadaClient\\actions.ts": {"lines":{"total":23,"covered":23,"skipped":0,"pct":100},"functions":{"total":6,"covered":6,"skipped":0,"pct":100},"statements":{"total":23,"covered":23,"skipped":0,"pct":100},"branches":{"total":0,"covered":0,"skipped":0,"pct":100}}
,"C:\\Users\\IPF-2026\\Downloads\\Proyecto Final 2\\Omada MCP\\src\\omadaClient\\auth.ts": {"lines":{"total":39,"covered":38,"skipped":0,"pct":97.43},"functions":{"total":6,"covered":6,"skipped":0,"pct":100},"statements":{"total":39,"covered":38,"skipped":0,"pct":97.43},"branches":{"total":23,"covered":20,"skipped":0,"pct":86.95}}
,"C:\\Users\\IPF-2026\\Downloads\\Proyecto Final 2\\Omada MCP\\src\\omadaClient\\client.ts": {"lines":{"total":76,"covered":76,"skipped":0,"pct":100},"functions":{"total":16,"covered":16,"skipped":0,"pct":100},"statements":{"total":83,"covered":79,"skipped":0,"pct":95.18},"branches":{"total":37,"covered":33,"skipped":0,"pct":89.18}}
,"C:\\Users\\IPF-2026\\Downloads\\Proyecto Final 2\\Omada MCP\\src\\omadaClient\\controller.ts": {"lines":{"total":23,"covered":23,"skipped":0,"pct":100},"functions":{"total":8,"covered":8,"skipped":0,"pct":100},"statements":{"total":23,"covered":23,"skipped":0,"pct":100},"branches":{"total":0,"covered":0,"skipped":0,"pct":100}}
,"C:\\Users\\IPF-2026\\Downloads\\Proyecto Final 2\\Omada MCP\\src\\omadaClient\\device.ts": {"lines":{"total":451,"covered":448,"skipped":0,"pct":99.33},"functions":{"total":93,"covered":91,"skipped":0,"pct":97.84},"statements":{"total":517,"covered":486,"skipped":0,"pct":94},"branches":{"total":182,"covered":151,"skipped":0,"pct":82.96}}
,"C:\\Users\\IPF-2026\\Downloads\\Proyecto Final 2\\Omada MCP\\src\\omadaClient\\insight.ts": {"lines":{"total":45,"covered":45,"skipped":0,"pct":100},"functions":{"total":10,"covered":10,"skipped":0,"pct":100},"statements":{"total":45,"covered":45,"skipped":0,"pct":100},"branches":{"total":8,"covered":8,"skipped":0,"pct":100}}
,"C:\\Users\\IPF-2026\\Downloads\\Proyecto Final 2\\Omada MCP\\src\\omadaClient\\log.ts": {"lines":{"total":97,"covered":94,"skipped":0,"pct":96.9},"functions":{"total":14,"covered":14,"skipped":0,"pct":100},"statements":{"total":103,"covered":97,"skipped":0,"pct":94.17},"branches":{"total":48,"covered":42,"skipped":0,"pct":87.5}}
,"C:\\Users\\IPF-2026\\Downloads\\Proyecto Final 2\\Omada MCP\\src\\omadaClient\\maintenance.ts": {"lines":{"total":48,"covered":48,"skipped":0,"pct":100},"functions":{"total":15,"covered":15,"skipped":0,"pct":100},"statements":{"total":48,"covered":48,"skipped":0,"pct":100},"branches":{"total":3,"covered":3,"skipped":0,"pct":100}}
,"C:\\Users\\IPF-2026\\Downloads\\Proyecto Final 2\\Omada MCP\\src\\omadaClient\\monitor.ts": {"lines":{"total":71,"covered":71,"skipped":0,"pct":100},"functions":{"total":18,"covered":18,"skipped":0,"pct":100},"statements":{"total":71,"covered":71,"skipped":0,"pct":100},"branches":{"total":8,"covered":5,"skipped":0,"pct":62.5}}
,"C:\\Users\\IPF-2026\\Downloads\\Proyecto Final 2\\Omada MCP\\src\\omadaClient\\network.ts": {"lines":{"total":631,"covered":621,"skipped":0,"pct":98.41},"functions":{"total":155,"covered":154,"skipped":0,"pct":99.35},"statements":{"total":635,"covered":624,"skipped":0,"pct":98.26},"branches":{"total":62,"covered":52,"skipped":0,"pct":83.87}}
,"C:\\Users\\IPF-2026\\Downloads\\Proyecto Final 2\\Omada MCP\\src\\omadaClient\\schedules.ts": {"lines":{"total":22,"covered":22,"skipped":0,"pct":100},"functions":{"total":6,"covered":6,"skipped":0,"pct":100},"statements":{"total":22,"covered":22,"skipped":0,"pct":100},"branches":{"total":0,"covered":0,"skipped":0,"pct":100}}
,"C:\\Users\\IPF-2026\\Downloads\\Proyecto Final 2\\Omada MCP\\src\\omadaClient\\security.ts": {"lines":{"total":55,"covered":55,"skipped":0,"pct":100},"functions":{"total":16,"covered":16,"skipped":0,"pct":100},"statements":{"total":55,"covered":55,"skipped":0,"pct":100},"branches":{"total":10,"covered":10,"skipped":0,"pct":100}}
,"C:\\Users\\IPF-2026\\Downloads\\Proyecto Final 2\\Omada MCP\\src\\omadaClient\\site.ts": {"lines":{"total":46,"covered":46,"skipped":0,"pct":100},"functions":{"total":13,"covered":13,"skipped":0,"pct":100},"statements":{"total":46,"covered":46,"skipped":0,"pct":100},"branches":{"total":4,"covered":4,"skipped":0,"pct":100}}
,"C:\\Users\\IPF-2026\\Downloads\\Proyecto Final 2\\Omada MCP\\src\\server\\common.ts": {"lines":{"total":104,"covered":95,"skipped":0,"pct":91.34},"functions":{"total":24,"covered":23,"skipped":0,"pct":95.83},"statements":{"total":107,"covered":97,"skipped":0,"pct":90.65},"branches":{"total":75,"covered":60,"skipped":0,"pct":80}}
,"C:\\Users\\IPF-2026\\Downloads\\Proyecto Final 2\\Omada MCP\\src\\server\\stdio.ts": {"lines":{"total":7,"covered":7,"skipped":0,"pct":100},"functions":{"total":1,"covered":1,"skipped":0,"pct":100},"statements":{"total":7,"covered":7,"skipped":0,"pct":100},"branches":{"total":0,"covered":0,"skipped":0,"pct":100}}
,"C:\\Users\\IPF-2026\\Downloads\\Proyecto Final 2\\Omada MCP\\src\\tools\\backupController.ts": {"lines":{"total":6,"covered":6,"skipped":0,"pct":100},"functions":{"total":3,"covered":3,"skipped":0,"pct":100},"statements":{"total":6,"covered":6,"skipped":0,"pct":100},"branches":{"total":6,"covered":6,"skipped":0,"pct":100}}
,"C:\\Users\\IPF-2026\\Downloads\\Proyecto Final 2\\Omada MCP\\src\\tools\\backupControllerToFileServer.ts": {"lines":{"total":7,"covered":7,"skipped":0,"pct":100},"functions":{"total":3,"covered":3,"skipped":0,"pct":100},"statements":{"total":7,"covered":7,"skipped":0,"pct":100},"branches":{"total":6,"covered":6,"skipped":0,"pct":100}}
,"C:\\Users\\IPF-2026\\Downloads\\Proyecto Final 2\\Omada MCP\\src\\tools\\backupSites.ts": {"lines":{"total":6,"covered":6,"skipped":0,"pct":100},"functions":{"total":3,"covered":3,"skipped":0,"pct":100},"statements":{"total":6,"covered":6,"skipped":0,"pct":100},"branches":{"total":6,"covered":6,"skipped":0,"pct":100}}
,"C:\\Users\\IPF-2026\\Downloads\\Proyecto Final 2\\Omada MCP\\src\\tools\\backupSitesToFileServer.ts": {"lines":{"total":7,"covered":7,"skipped":0,"pct":100},"functions":{"total":3,"covered":3,"skipped":0,"pct":100},"statements":{"total":7,"covered":7,"skipped":0,"pct":100},"branches":{"total":6,"covered":6,"skipped":0,"pct":100}}
,"C:\\Users\\IPF-2026\\Downloads\\Proyecto Final 2\\Omada MCP\\src\\tools\\blockClient.ts": {"lines":{"total":7,"covered":7,"skipped":0,"pct":100},"functions":{"total":3,"covered":3,"skipped":0,"pct":100},"statements":{"total":7,"covered":7,"skipped":0,"pct":100},"branches":{"total":6,"covered":6,"skipped":0,"pct":100}}
,"C:\\Users\\IPF-2026\\Downloads\\Proyecto Final 2\\Omada MCP\\src\\tools\\createDhcpReservation.ts": {"lines":{"total":19,"covered":19,"skipped":0,"pct":100},"functions":{"total":3,"covered":3,"skipped":0,"pct":100},"statements":{"total":19,"covered":19,"skipped":0,"pct":100},"branches":{"total":16,"covered":16,"skipped":0,"pct":100}}
,"C:\\Users\\IPF-2026\\Downloads\\Proyecto Final 2\\Omada MCP\\src\\tools\\createEapAcl.ts": {"lines":{"total":20,"covered":18,"skipped":0,"pct":90},"functions":{"total":4,"covered":4,"skipped":0,"pct":100},"statements":{"total":20,"covered":18,"skipped":0,"pct":90},"branches":{"total":20,"covered":18,"skipped":0,"pct":90}}
,"C:\\Users\\IPF-2026\\Downloads\\Proyecto Final 2\\Omada MCP\\src\\tools\\createGatewayAcl.ts": {"lines":{"total":5,"covered":5,"skipped":0,"pct":100},"functions":{"total":3,"covered":3,"skipped":0,"pct":100},"statements":{"total":5,"covered":5,"skipped":0,"pct":100},"branches":{"total":8,"covered":8,"skipped":0,"pct":100}}
,"C:\\Users\\IPF-2026\\Downloads\\Proyecto Final 2\\Omada MCP\\src\\tools\\deleteAcl.ts": {"lines":{"total":18,"covered":18,"skipped":0,"pct":100},"functions":{"total":3,"covered":3,"skipped":0,"pct":100},"statements":{"total":18,"covered":18,"skipped":0,"pct":100},"branches":{"total":16,"covered":14,"skipped":0,"pct":87.5}}
,"C:\\Users\\IPF-2026\\Downloads\\Proyecto Final 2\\Omada MCP\\src\\tools\\deleteAppControlRule.ts": {"lines":{"total":10,"covered":9,"skipped":0,"pct":90},"functions":{"total":3,"covered":3,"skipped":0,"pct":100},"statements":{"total":10,"covered":9,"skipped":0,"pct":90},"branches":{"total":8,"covered":7,"skipped":0,"pct":87.5}}
,"C:\\Users\\IPF-2026\\Downloads\\Proyecto Final 2\\Omada MCP\\src\\tools\\deleteBandwidthControlRule.ts": {"lines":{"total":10,"covered":9,"skipped":0,"pct":90},"functions":{"total":3,"covered":3,"skipped":0,"pct":100},"statements":{"total":10,"covered":9,"skipped":0,"pct":90},"branches":{"total":8,"covered":7,"skipped":0,"pct":87.5}}
,"C:\\Users\\IPF-2026\\Downloads\\Proyecto Final 2\\Omada MCP\\src\\tools\\deleteDhcpReservation.ts": {"lines":{"total":10,"covered":10,"skipped":0,"pct":100},"functions":{"total":3,"covered":3,"skipped":0,"pct":100},"statements":{"total":10,"covered":10,"skipped":0,"pct":100},"branches":{"total":8,"covered":8,"skipped":0,"pct":100}}
,"C:\\Users\\IPF-2026\\Downloads\\Proyecto Final 2\\Omada MCP\\src\\tools\\dhcpReservationShared.ts": {"lines":{"total":45,"covered":44,"skipped":0,"pct":97.77},"functions":{"total":17,"covered":17,"skipped":0,"pct":100},"statements":{"total":50,"covered":49,"skipped":0,"pct":98},"branches":{"total":63,"covered":53,"skipped":0,"pct":84.12}}
,"C:\\Users\\IPF-2026\\Downloads\\Proyecto Final 2\\Omada MCP\\src\\tools\\diagnoseClient.ts": {"lines":{"total":7,"covered":7,"skipped":0,"pct":100},"functions":{"total":2,"covered":2,"skipped":0,"pct":100},"statements":{"total":7,"covered":7,"skipped":0,"pct":100},"branches":{"total":14,"covered":13,"skipped":0,"pct":92.85}}
,"C:\\Users\\IPF-2026\\Downloads\\Proyecto Final 2\\Omada MCP\\src\\tools\\disableClientRateLimit.ts": {"lines":{"total":3,"covered":3,"skipped":0,"pct":100},"functions":{"total":2,"covered":2,"skipped":0,"pct":100},"statements":{"total":3,"covered":3,"skipped":0,"pct":100},"branches":{"total":0,"covered":0,"skipped":0,"pct":100}}
,"C:\\Users\\IPF-2026\\Downloads\\Proyecto Final 2\\Omada MCP\\src\\tools\\firewallTrafficShared.ts": {"lines":{"total":83,"covered":77,"skipped":0,"pct":92.77},"functions":{"total":30,"covered":29,"skipped":0,"pct":96.66},"statements":{"total":89,"covered":83,"skipped":0,"pct":93.25},"branches":{"total":88,"covered":78,"skipped":0,"pct":88.63}}
,"C:\\Users\\IPF-2026\\Downloads\\Proyecto Final 2\\Omada MCP\\src\\tools\\gatewayAclShared.ts": {"lines":{"total":63,"covered":59,"skipped":0,"pct":93.65},"functions":{"total":22,"covered":22,"skipped":0,"pct":100},"statements":{"total":66,"covered":62,"skipped":0,"pct":93.93},"branches":{"total":68,"covered":50,"skipped":0,"pct":73.52}}
,"C:\\Users\\IPF-2026\\Downloads\\Proyecto Final 2\\Omada MCP\\src\\tools\\getAccessControl.ts": {"lines":{"total":3,"covered":3,"skipped":0,"pct":100},"functions":{"total":2,"covered":2,"skipped":0,"pct":100},"statements":{"total":3,"covered":3,"skipped":0,"pct":100},"branches":{"total":0,"covered":0,"skipped":0,"pct":100}}
,"C:\\Users\\IPF-2026\\Downloads\\Proyecto Final 2\\Omada MCP\\src\\tools\\getAclConfigTypeSetting.ts": {"lines":{"total":2,"covered":2,"skipped":0,"pct":100},"functions":{"total":2,"covered":2,"skipped":0,"pct":100},"statements":{"total":2,"covered":2,"skipped":0,"pct":100},"branches":{"total":0,"covered":0,"skipped":0,"pct":100}}
,"C:\\Users\\IPF-2026\\Downloads\\Proyecto Final 2\\Omada MCP\\src\\tools\\getAdvancedVpnSetting.ts": {"lines":{"total":2,"covered":2,"skipped":0,"pct":100},"functions":{"total":2,"covered":2,"skipped":0,"pct":100},"statements":{"total":2,"covered":2,"skipped":0,"pct":100},"branches":{"total":0,"covered":0,"skipped":0,"pct":100}}
,"C:\\Users\\IPF-2026\\Downloads\\Proyecto Final 2\\Omada MCP\\src\\tools\\getAlg.ts": {"lines":{"total":3,"covered":3,"skipped":0,"pct":100},"functions":{"total":2,"covered":2,"skipped":0,"pct":100},"statements":{"total":3,"covered":3,"skipped":0,"pct":100},"branches":{"total":0,"covered":0,"skipped":0,"pct":100}}
,"C:\\Users\\IPF-2026\\Downloads\\Proyecto Final 2\\Omada MCP\\src\\tools\\getAllCloudUsers.ts": {"lines":{"total":3,"covered":3,"skipped":0,"pct":100},"functions":{"total":2,"covered":2,"skipped":0,"pct":100},"statements":{"total":3,"covered":3,"skipped":0,"pct":100},"branches":{"total":0,"covered":0,"skipped":0,"pct":100}}
,"C:\\Users\\IPF-2026\\Downloads\\Proyecto Final 2\\Omada MCP\\src\\tools\\getAllDeviceBySite.ts": {"lines":{"total":2,"covered":2,"skipped":0,"pct":100},"functions":{"total":2,"covered":2,"skipped":0,"pct":100},"statements":{"total":2,"covered":2,"skipped":0,"pct":100},"branches":{"total":0,"covered":0,"skipped":0,"pct":100}}
,"C:\\Users\\IPF-2026\\Downloads\\Proyecto Final 2\\Omada MCP\\src\\tools\\getAllLocalUsers.ts": {"lines":{"total":3,"covered":3,"skipped":0,"pct":100},"functions":{"total":2,"covered":2,"skipped":0,"pct":100},"statements":{"total":3,"covered":3,"skipped":0,"pct":100},"branches":{"total":0,"covered":0,"skipped":0,"pct":100}}
,"C:\\Users\\IPF-2026\\Downloads\\Proyecto Final 2\\Omada MCP\\src\\tools\\getAllRoles.ts": {"lines":{"total":3,"covered":3,"skipped":0,"pct":100},"functions":{"total":2,"covered":2,"skipped":0,"pct":100},"statements":{"total":3,"covered":3,"skipped":0,"pct":100},"branches":{"total":0,"covered":0,"skipped":0,"pct":100}}
,"C:\\Users\\IPF-2026\\Downloads\\Proyecto Final 2\\Omada MCP\\src\\tools\\getAllUsersApp.ts": {"lines":{"total":3,"covered":3,"skipped":0,"pct":100},"functions":{"total":2,"covered":2,"skipped":0,"pct":100},"statements":{"total":3,"covered":3,"skipped":0,"pct":100},"branches":{"total":0,"covered":0,"skipped":0,"pct":100}}
,"C:\\Users\\IPF-2026\\Downloads\\Proyecto Final 2\\Omada MCP\\src\\tools\\getApDetail.ts": {"lines":{"total":3,"covered":3,"skipped":0,"pct":100},"functions":{"total":2,"covered":2,"skipped":0,"pct":100},"statements":{"total":3,"covered":3,"skipped":0,"pct":100},"branches":{"total":0,"covered":0,"skipped":0,"pct":100}}
,"C:\\Users\\IPF-2026\\Downloads\\Proyecto Final 2\\Omada MCP\\src\\tools\\getApGeneralConfig.ts": {"lines":{"total":3,"covered":3,"skipped":0,"pct":100},"functions":{"total":2,"covered":2,"skipped":0,"pct":100},"statements":{"total":3,"covered":3,"skipped":0,"pct":100},"branches":{"total":0,"covered":0,"skipped":0,"pct":100}}
,"C:\\Users\\IPF-2026\\Downloads\\Proyecto Final 2\\Omada MCP\\src\\tools\\getApIpv6Config.ts": {"lines":{"total":3,"covered":3,"skipped":0,"pct":100},"functions":{"total":2,"covered":2,"skipped":0,"pct":100},"statements":{"total":3,"covered":3,"skipped":0,"pct":100},"branches":{"total":0,"covered":0,"skipped":0,"pct":100}}
,"C:\\Users\\IPF-2026\\Downloads\\Proyecto Final 2\\Omada MCP\\src\\tools\\getApLldpConfig.ts": {"lines":{"total":3,"covered":3,"skipped":0,"pct":100},"functions":{"total":2,"covered":2,"skipped":0,"pct":100},"statements":{"total":3,"covered":3,"skipped":0,"pct":100},"branches":{"total":0,"covered":0,"skipped":0,"pct":100}}
,"C:\\Users\\IPF-2026\\Downloads\\Proyecto Final 2\\Omada MCP\\src\\tools\\getApLoadBalance.ts": {"lines":{"total":3,"covered":3,"skipped":0,"pct":100},"functions":{"total":2,"covered":2,"skipped":0,"pct":100},"statements":{"total":3,"covered":3,"skipped":0,"pct":100},"branches":{"total":0,"covered":0,"skipped":0,"pct":100}}
,"C:\\Users\\IPF-2026\\Downloads\\Proyecto Final 2\\Omada MCP\\src\\tools\\getApOfdmaConfig.ts": {"lines":{"total":3,"covered":3,"skipped":0,"pct":100},"functions":{"total":2,"covered":2,"skipped":0,"pct":100},"statements":{"total":3,"covered":3,"skipped":0,"pct":100},"branches":{"total":0,"covered":0,"skipped":0,"pct":100}}
,"C:\\Users\\IPF-2026\\Downloads\\Proyecto Final 2\\Omada MCP\\src\\tools\\getApQosConfig.ts": {"lines":{"total":3,"covered":3,"skipped":0,"pct":100},"functions":{"total":2,"covered":2,"skipped":0,"pct":100},"statements":{"total":3,"covered":3,"skipped":0,"pct":100},"branches":{"total":0,"covered":0,"skipped":0,"pct":100}}
,"C:\\Users\\IPF-2026\\Downloads\\Proyecto Final 2\\Omada MCP\\src\\tools\\getApRadios.ts": {"lines":{"total":3,"covered":3,"skipped":0,"pct":100},"functions":{"total":2,"covered":2,"skipped":0,"pct":100},"statements":{"total":3,"covered":3,"skipped":0,"pct":100},"branches":{"total":0,"covered":0,"skipped":0,"pct":100}}
,"C:\\Users\\IPF-2026\\Downloads\\Proyecto Final 2\\Omada MCP\\src\\tools\\getApSnmpConfig.ts": {"lines":{"total":3,"covered":3,"skipped":0,"pct":100},"functions":{"total":2,"covered":2,"skipped":0,"pct":100},"statements":{"total":3,"covered":3,"skipped":0,"pct":100},"branches":{"total":0,"covered":0,"skipped":0,"pct":100}}
,"C:\\Users\\IPF-2026\\Downloads\\Proyecto Final 2\\Omada MCP\\src\\tools\\getApUplinkConfig.ts": {"lines":{"total":3,"covered":3,"skipped":0,"pct":100},"functions":{"total":2,"covered":2,"skipped":0,"pct":100},"statements":{"total":3,"covered":3,"skipped":0,"pct":100},"branches":{"total":0,"covered":0,"skipped":0,"pct":100}}
,"C:\\Users\\IPF-2026\\Downloads\\Proyecto Final 2\\Omada MCP\\src\\tools\\getApVlanConfig.ts": {"lines":{"total":3,"covered":3,"skipped":0,"pct":100},"functions":{"total":2,"covered":2,"skipped":0,"pct":100},"statements":{"total":3,"covered":3,"skipped":0,"pct":100},"branches":{"total":0,"covered":0,"skipped":0,"pct":100}}
,"C:\\Users\\IPF-2026\\Downloads\\Proyecto Final 2\\Omada MCP\\src\\tools\\getAppControlCategories.ts": {"lines":{"total":2,"covered":2,"skipped":0,"pct":100},"functions":{"total":2,"covered":2,"skipped":0,"pct":100},"statements":{"total":2,"covered":2,"skipped":0,"pct":100},"branches":{"total":0,"covered":0,"skipped":0,"pct":100}}
,"C:\\Users\\IPF-2026\\Downloads\\Proyecto Final 2\\Omada MCP\\src\\tools\\getAppControlRules.ts": {"lines":{"total":3,"covered":3,"skipped":0,"pct":100},"functions":{"total":2,"covered":2,"skipped":0,"pct":100},"statements":{"total":3,"covered":3,"skipped":0,"pct":100},"branches":{"total":0,"covered":0,"skipped":0,"pct":100}}
,"C:\\Users\\IPF-2026\\Downloads\\Proyecto Final 2\\Omada MCP\\src\\tools\\getAppGroupProfile.ts": {"lines":{"total":2,"covered":2,"skipped":0,"pct":100},"functions":{"total":2,"covered":2,"skipped":0,"pct":100},"statements":{"total":2,"covered":2,"skipped":0,"pct":100},"branches":{"total":0,"covered":0,"skipped":0,"pct":100}}
,"C:\\Users\\IPF-2026\\Downloads\\Proyecto Final 2\\Omada MCP\\src\\tools\\getApplicationAcl.ts": {"lines":{"total":3,"covered":3,"skipped":0,"pct":100},"functions":{"total":2,"covered":2,"skipped":0,"pct":100},"statements":{"total":3,"covered":3,"skipped":0,"pct":100},"branches":{"total":0,"covered":0,"skipped":0,"pct":100}}
,"C:\\Users\\IPF-2026\\Downloads\\Proyecto Final 2\\Omada MCP\\src\\tools\\getApplicationControlStatus.ts": {"lines":{"total":2,"covered":2,"skipped":0,"pct":100},"functions":{"total":2,"covered":2,"skipped":0,"pct":100},"statements":{"total":2,"covered":2,"skipped":0,"pct":100},"branches":{"total":0,"covered":0,"skipped":0,"pct":100}}
,"C:\\Users\\IPF-2026\\Downloads\\Proyecto Final 2\\Omada MCP\\src\\tools\\getAttackDefenseSetting.ts": {"lines":{"total":2,"covered":2,"skipped":0,"pct":100},"functions":{"total":2,"covered":2,"skipped":0,"pct":100},"statements":{"total":2,"covered":2,"skipped":0,"pct":100},"branches":{"total":0,"covered":0,"skipped":0,"pct":100}}
,"C:\\Users\\IPF-2026\\Downloads\\Proyecto Final 2\\Omada MCP\\src\\tools\\getAuditLogSettingForGlobal.ts": {"lines":{"total":2,"covered":2,"skipped":0,"pct":100},"functions":{"total":2,"covered":2,"skipped":0,"pct":100},"statements":{"total":2,"covered":2,"skipped":0,"pct":100},"branches":{"total":0,"covered":0,"skipped":0,"pct":100}}
,"C:\\Users\\IPF-2026\\Downloads\\Proyecto Final 2\\Omada MCP\\src\\tools\\getAuditLogSettingForSite.ts": {"lines":{"total":2,"covered":2,"skipped":0,"pct":100},"functions":{"total":2,"covered":2,"skipped":0,"pct":100},"statements":{"total":2,"covered":2,"skipped":0,"pct":100},"branches":{"total":0,"covered":0,"skipped":0,"pct":100}}
,"C:\\Users\\IPF-2026\\Downloads\\Proyecto Final 2\\Omada MCP\\src\\tools\\getAuditLogsForGlobal.ts": {"lines":{"total":3,"covered":3,"skipped":0,"pct":100},"functions":{"total":2,"covered":2,"skipped":0,"pct":100},"statements":{"total":3,"covered":3,"skipped":0,"pct":100},"branches":{"total":4,"covered":4,"skipped":0,"pct":100}}
,"C:\\Users\\IPF-2026\\Downloads\\Proyecto Final 2\\Omada MCP\\src\\tools\\getAvailableRoles.ts": {"lines":{"total":3,"covered":3,"skipped":0,"pct":100},"functions":{"total":2,"covered":2,"skipped":0,"pct":100},"statements":{"total":3,"covered":3,"skipped":0,"pct":100},"branches":{"total":0,"covered":0,"skipped":0,"pct":100}}
,"C:\\Users\\IPF-2026\\Downloads\\Proyecto Final 2\\Omada MCP\\src\\tools\\getBackupFileList.ts": {"lines":{"total":3,"covered":3,"skipped":0,"pct":100},"functions":{"total":2,"covered":2,"skipped":0,"pct":100},"statements":{"total":3,"covered":3,"skipped":0,"pct":100},"branches":{"total":0,"covered":0,"skipped":0,"pct":100}}
,"C:\\Users\\IPF-2026\\Downloads\\Proyecto Final 2\\Omada MCP\\src\\tools\\getBackupResult.ts": {"lines":{"total":3,"covered":3,"skipped":0,"pct":100},"functions":{"total":2,"covered":2,"skipped":0,"pct":100},"statements":{"total":3,"covered":3,"skipped":0,"pct":100},"branches":{"total":0,"covered":0,"skipped":0,"pct":100}}
,"C:\\Users\\IPF-2026\\Downloads\\Proyecto Final 2\\Omada MCP\\src\\tools\\getBandSteeringSetting.ts": {"lines":{"total":2,"covered":2,"skipped":0,"pct":100},"functions":{"total":2,"covered":2,"skipped":0,"pct":100},"statements":{"total":2,"covered":2,"skipped":0,"pct":100},"branches":{"total":0,"covered":0,"skipped":0,"pct":100}}
,"C:\\Users\\IPF-2026\\Downloads\\Proyecto Final 2\\Omada MCP\\src\\tools\\getBandwidthControl.ts": {"lines":{"total":3,"covered":3,"skipped":0,"pct":100},"functions":{"total":2,"covered":2,"skipped":0,"pct":100},"statements":{"total":3,"covered":3,"skipped":0,"pct":100},"branches":{"total":0,"covered":0,"skipped":0,"pct":100}}
,"C:\\Users\\IPF-2026\\Downloads\\Proyecto Final 2\\Omada MCP\\src\\tools\\getBandwidthCtrl.ts": {"lines":{"total":3,"covered":3,"skipped":0,"pct":100},"functions":{"total":2,"covered":2,"skipped":0,"pct":100},"statements":{"total":3,"covered":3,"skipped":0,"pct":100},"branches":{"total":0,"covered":0,"skipped":0,"pct":100}}
,"C:\\Users\\IPF-2026\\Downloads\\Proyecto Final 2\\Omada MCP\\src\\tools\\getBandwidthCtrlDetail.ts": {"lines":{"total":2,"covered":2,"skipped":0,"pct":100},"functions":{"total":2,"covered":2,"skipped":0,"pct":100},"statements":{"total":2,"covered":2,"skipped":0,"pct":100},"branches":{"total":0,"covered":0,"skipped":0,"pct":100}}
,"C:\\Users\\IPF-2026\\Downloads\\Proyecto Final 2\\Omada MCP\\src\\tools\\getBeaconControlSetting.ts": {"lines":{"total":2,"covered":2,"skipped":0,"pct":100},"functions":{"total":2,"covered":2,"skipped":0,"pct":100},"statements":{"total":2,"covered":2,"skipped":0,"pct":100},"branches":{"total":0,"covered":0,"skipped":0,"pct":100}}
,"C:\\Users\\IPF-2026\\Downloads\\Proyecto Final 2\\Omada MCP\\src\\tools\\getBuiltinRadiusUsers.ts": {"lines":{"total":3,"covered":3,"skipped":0,"pct":100},"functions":{"total":2,"covered":2,"skipped":0,"pct":100},"statements":{"total":3,"covered":3,"skipped":0,"pct":100},"branches":{"total":0,"covered":0,"skipped":0,"pct":100}}
,"C:\\Users\\IPF-2026\\Downloads\\Proyecto Final 2\\Omada MCP\\src\\tools\\getCableTestFullResults.ts": {"lines":{"total":3,"covered":3,"skipped":0,"pct":100},"functions":{"total":2,"covered":2,"skipped":0,"pct":100},"statements":{"total":3,"covered":3,"skipped":0,"pct":100},"branches":{"total":0,"covered":0,"skipped":0,"pct":100}}
,"C:\\Users\\IPF-2026\\Downloads\\Proyecto Final 2\\Omada MCP\\src\\tools\\getCableTestLogs.ts": {"lines":{"total":3,"covered":3,"skipped":0,"pct":100},"functions":{"total":2,"covered":2,"skipped":0,"pct":100},"statements":{"total":3,"covered":3,"skipped":0,"pct":100},"branches":{"total":0,"covered":0,"skipped":0,"pct":100}}
,"C:\\Users\\IPF-2026\\Downloads\\Proyecto Final 2\\Omada MCP\\src\\tools\\getCertificate.ts": {"lines":{"total":3,"covered":3,"skipped":0,"pct":100},"functions":{"total":2,"covered":2,"skipped":0,"pct":100},"statements":{"total":3,"covered":3,"skipped":0,"pct":100},"branches":{"total":0,"covered":0,"skipped":0,"pct":100}}
,"C:\\Users\\IPF-2026\\Downloads\\Proyecto Final 2\\Omada MCP\\src\\tools\\getChannelLimitSetting.ts": {"lines":{"total":2,"covered":2,"skipped":0,"pct":100},"functions":{"total":2,"covered":2,"skipped":0,"pct":100},"statements":{"total":2,"covered":2,"skipped":0,"pct":100},"branches":{"total":0,"covered":0,"skipped":0,"pct":100}}
,"C:\\Users\\IPF-2026\\Downloads\\Proyecto Final 2\\Omada MCP\\src\\tools\\getChannels.ts": {"lines":{"total":2,"covered":2,"skipped":0,"pct":100},"functions":{"total":2,"covered":2,"skipped":0,"pct":100},"statements":{"total":2,"covered":2,"skipped":0,"pct":100},"branches":{"total":0,"covered":0,"skipped":0,"pct":100}}
,"C:\\Users\\IPF-2026\\Downloads\\Proyecto Final 2\\Omada MCP\\src\\tools\\getClient.ts": {"lines":{"total":2,"covered":2,"skipped":0,"pct":100},"functions":{"total":2,"covered":2,"skipped":0,"pct":100},"statements":{"total":2,"covered":2,"skipped":0,"pct":100},"branches":{"total":0,"covered":0,"skipped":0,"pct":100}}
,"C:\\Users\\IPF-2026\\Downloads\\Proyecto Final 2\\Omada MCP\\src\\tools\\getClientActiveTimeout.ts": {"lines":{"total":2,"covered":2,"skipped":0,"pct":100},"functions":{"total":2,"covered":2,"skipped":0,"pct":100},"statements":{"total":2,"covered":2,"skipped":0,"pct":100},"branches":{"total":0,"covered":0,"skipped":0,"pct":100}}
,"C:\\Users\\IPF-2026\\Downloads\\Proyecto Final 2\\Omada MCP\\src\\tools\\getClientDetail.ts": {"lines":{"total":3,"covered":3,"skipped":0,"pct":100},"functions":{"total":2,"covered":2,"skipped":0,"pct":100},"statements":{"total":3,"covered":3,"skipped":0,"pct":100},"branches":{"total":0,"covered":0,"skipped":0,"pct":100}}
,"C:\\Users\\IPF-2026\\Downloads\\Proyecto Final 2\\Omada MCP\\src\\tools\\getClientHistoryDataEnable.ts": {"lines":{"total":3,"covered":3,"skipped":0,"pct":100},"functions":{"total":2,"covered":2,"skipped":0,"pct":100},"statements":{"total":3,"covered":3,"skipped":0,"pct":100},"branches":{"total":0,"covered":0,"skipped":0,"pct":100}}
,"C:\\Users\\IPF-2026\\Downloads\\Proyecto Final 2\\Omada MCP\\src\\tools\\getClientToSiteVpnServerInfo.ts": {"lines":{"total":3,"covered":3,"skipped":0,"pct":100},"functions":{"total":2,"covered":2,"skipped":0,"pct":100},"statements":{"total":3,"covered":3,"skipped":0,"pct":100},"branches":{"total":0,"covered":0,"skipped":0,"pct":100}}
,"C:\\Users\\IPF-2026\\Downloads\\Proyecto Final 2\\Omada MCP\\src\\tools\\getClientsDistribution.ts": {"lines":{"total":2,"covered":2,"skipped":0,"pct":100},"functions":{"total":2,"covered":2,"skipped":0,"pct":100},"statements":{"total":2,"covered":2,"skipped":0,"pct":100},"branches":{"total":0,"covered":0,"skipped":0,"pct":100}}
,"C:\\Users\\IPF-2026\\Downloads\\Proyecto Final 2\\Omada MCP\\src\\tools\\getCloudAccessStatus.ts": {"lines":{"total":3,"covered":3,"skipped":0,"pct":100},"functions":{"total":2,"covered":2,"skipped":0,"pct":100},"statements":{"total":3,"covered":3,"skipped":0,"pct":100},"branches":{"total":0,"covered":0,"skipped":0,"pct":100}}
,"C:\\Users\\IPF-2026\\Downloads\\Proyecto Final 2\\Omada MCP\\src\\tools\\getCloudUserInfo.ts": {"lines":{"total":3,"covered":3,"skipped":0,"pct":100},"functions":{"total":2,"covered":2,"skipped":0,"pct":100},"statements":{"total":3,"covered":3,"skipped":0,"pct":100},"branches":{"total":0,"covered":0,"skipped":0,"pct":100}}
,"C:\\Users\\IPF-2026\\Downloads\\Proyecto Final 2\\Omada MCP\\src\\tools\\getControllerPort.ts": {"lines":{"total":3,"covered":3,"skipped":0,"pct":100},"functions":{"total":2,"covered":2,"skipped":0,"pct":100},"statements":{"total":3,"covered":3,"skipped":0,"pct":100},"branches":{"total":0,"covered":0,"skipped":0,"pct":100}}
,"C:\\Users\\IPF-2026\\Downloads\\Proyecto Final 2\\Omada MCP\\src\\tools\\getControllerStatus.ts": {"lines":{"total":2,"covered":2,"skipped":0,"pct":100},"functions":{"total":2,"covered":2,"skipped":0,"pct":100},"statements":{"total":2,"covered":2,"skipped":0,"pct":100},"branches":{"total":0,"covered":0,"skipped":0,"pct":100}}
,"C:\\Users\\IPF-2026\\Downloads\\Proyecto Final 2\\Omada MCP\\src\\tools\\getDashboardMostActiveEaps.ts": {"lines":{"total":2,"covered":2,"skipped":0,"pct":100},"functions":{"total":2,"covered":2,"skipped":0,"pct":100},"statements":{"total":2,"covered":2,"skipped":0,"pct":100},"branches":{"total":0,"covered":0,"skipped":0,"pct":100}}
,"C:\\Users\\IPF-2026\\Downloads\\Proyecto Final 2\\Omada MCP\\src\\tools\\getDashboardMostActiveSwitches.ts": {"lines":{"total":2,"covered":2,"skipped":0,"pct":100},"functions":{"total":2,"covered":2,"skipped":0,"pct":100},"statements":{"total":2,"covered":2,"skipped":0,"pct":100},"branches":{"total":0,"covered":0,"skipped":0,"pct":100}}
,"C:\\Users\\IPF-2026\\Downloads\\Proyecto Final 2\\Omada MCP\\src\\tools\\getDashboardOverview.ts": {"lines":{"total":2,"covered":2,"skipped":0,"pct":100},"functions":{"total":2,"covered":2,"skipped":0,"pct":100},"statements":{"total":2,"covered":2,"skipped":0,"pct":100},"branches":{"total":0,"covered":0,"skipped":0,"pct":100}}
,"C:\\Users\\IPF-2026\\Downloads\\Proyecto Final 2\\Omada MCP\\src\\tools\\getDashboardPoEUsage.ts": {"lines":{"total":2,"covered":2,"skipped":0,"pct":100},"functions":{"total":2,"covered":2,"skipped":0,"pct":100},"statements":{"total":2,"covered":2,"skipped":0,"pct":100},"branches":{"total":0,"covered":0,"skipped":0,"pct":100}}
,"C:\\Users\\IPF-2026\\Downloads\\Proyecto Final 2\\Omada MCP\\src\\tools\\getDashboardSwitchSummary.ts": {"lines":{"total":2,"covered":2,"skipped":0,"pct":100},"functions":{"total":2,"covered":2,"skipped":0,"pct":100},"statements":{"total":2,"covered":2,"skipped":0,"pct":100},"branches":{"total":0,"covered":0,"skipped":0,"pct":100}}
,"C:\\Users\\IPF-2026\\Downloads\\Proyecto Final 2\\Omada MCP\\src\\tools\\getDashboardTopCpuUsage.ts": {"lines":{"total":2,"covered":2,"skipped":0,"pct":100},"functions":{"total":2,"covered":2,"skipped":0,"pct":100},"statements":{"total":2,"covered":2,"skipped":0,"pct":100},"branches":{"total":0,"covered":0,"skipped":0,"pct":100}}
,"C:\\Users\\IPF-2026\\Downloads\\Proyecto Final 2\\Omada MCP\\src\\tools\\getDashboardTopMemoryUsage.ts": {"lines":{"total":2,"covered":2,"skipped":0,"pct":100},"functions":{"total":2,"covered":2,"skipped":0,"pct":100},"statements":{"total":2,"covered":2,"skipped":0,"pct":100},"branches":{"total":0,"covered":0,"skipped":0,"pct":100}}
,"C:\\Users\\IPF-2026\\Downloads\\Proyecto Final 2\\Omada MCP\\src\\tools\\getDashboardTrafficActivities.ts": {"lines":{"total":2,"covered":2,"skipped":0,"pct":100},"functions":{"total":2,"covered":2,"skipped":0,"pct":100},"statements":{"total":2,"covered":2,"skipped":0,"pct":100},"branches":{"total":0,"covered":0,"skipped":0,"pct":100}}
,"C:\\Users\\IPF-2026\\Downloads\\Proyecto Final 2\\Omada MCP\\src\\tools\\getDashboardWifiSummary.ts": {"lines":{"total":2,"covered":2,"skipped":0,"pct":100},"functions":{"total":2,"covered":2,"skipped":0,"pct":100},"statements":{"total":2,"covered":2,"skipped":0,"pct":100},"branches":{"total":0,"covered":0,"skipped":0,"pct":100}}
,"C:\\Users\\IPF-2026\\Downloads\\Proyecto Final 2\\Omada MCP\\src\\tools\\getDataRetention.ts": {"lines":{"total":3,"covered":3,"skipped":0,"pct":100},"functions":{"total":2,"covered":2,"skipped":0,"pct":100},"statements":{"total":3,"covered":3,"skipped":0,"pct":100},"branches":{"total":0,"covered":0,"skipped":0,"pct":100}}
,"C:\\Users\\IPF-2026\\Downloads\\Proyecto Final 2\\Omada MCP\\src\\tools\\getDdnsGrid.ts": {"lines":{"total":3,"covered":3,"skipped":0,"pct":100},"functions":{"total":2,"covered":2,"skipped":0,"pct":100},"statements":{"total":3,"covered":3,"skipped":0,"pct":100},"branches":{"total":0,"covered":0,"skipped":0,"pct":100}}
,"C:\\Users\\IPF-2026\\Downloads\\Proyecto Final 2\\Omada MCP\\src\\tools\\getDevice.ts": {"lines":{"total":2,"covered":2,"skipped":0,"pct":100},"functions":{"total":2,"covered":2,"skipped":0,"pct":100},"statements":{"total":2,"covered":2,"skipped":0,"pct":100},"branches":{"total":0,"covered":0,"skipped":0,"pct":100}}
,"C:\\Users\\IPF-2026\\Downloads\\Proyecto Final 2\\Omada MCP\\src\\tools\\getDeviceAccessManagement.ts": {"lines":{"total":2,"covered":2,"skipped":0,"pct":100},"functions":{"total":2,"covered":2,"skipped":0,"pct":100},"statements":{"total":2,"covered":2,"skipped":0,"pct":100},"branches":{"total":0,"covered":0,"skipped":0,"pct":100}}
,"C:\\Users\\IPF-2026\\Downloads\\Proyecto Final 2\\Omada MCP\\src\\tools\\getDeviceTagList.ts": {"lines":{"total":2,"covered":2,"skipped":0,"pct":100},"functions":{"total":2,"covered":2,"skipped":0,"pct":100},"statements":{"total":2,"covered":2,"skipped":0,"pct":100},"branches":{"total":0,"covered":0,"skipped":0,"pct":100}}
,"C:\\Users\\IPF-2026\\Downloads\\Proyecto Final 2\\Omada MCP\\src\\tools\\getDevicesStats.ts": {"lines":{"total":3,"covered":3,"skipped":0,"pct":100},"functions":{"total":2,"covered":2,"skipped":0,"pct":100},"statements":{"total":3,"covered":3,"skipped":0,"pct":100},"branches":{"total":0,"covered":0,"skipped":0,"pct":100}}
,"C:\\Users\\IPF-2026\\Downloads\\Proyecto Final 2\\Omada MCP\\src\\tools\\getDhcpReservationGrid.ts": {"lines":{"total":3,"covered":3,"skipped":0,"pct":100},"functions":{"total":2,"covered":2,"skipped":0,"pct":100},"statements":{"total":3,"covered":3,"skipped":0,"pct":100},"branches":{"total":0,"covered":0,"skipped":0,"pct":100}}
,"C:\\Users\\IPF-2026\\Downloads\\Proyecto Final 2\\Omada MCP\\src\\tools\\getDisableNatList.ts": {"lines":{"total":3,"covered":3,"skipped":0,"pct":100},"functions":{"total":2,"covered":2,"skipped":0,"pct":100},"statements":{"total":3,"covered":3,"skipped":0,"pct":100},"branches":{"total":4,"covered":4,"skipped":0,"pct":100}}
,"C:\\Users\\IPF-2026\\Downloads\\Proyecto Final 2\\Omada MCP\\src\\tools\\getDnsCacheDataList.ts": {"lines":{"total":3,"covered":3,"skipped":0,"pct":100},"functions":{"total":2,"covered":2,"skipped":0,"pct":100},"statements":{"total":3,"covered":3,"skipped":0,"pct":100},"branches":{"total":4,"covered":4,"skipped":0,"pct":100}}
,"C:\\Users\\IPF-2026\\Downloads\\Proyecto Final 2\\Omada MCP\\src\\tools\\getDnsCacheSetting.ts": {"lines":{"total":3,"covered":3,"skipped":0,"pct":100},"functions":{"total":2,"covered":2,"skipped":0,"pct":100},"statements":{"total":3,"covered":3,"skipped":0,"pct":100},"branches":{"total":0,"covered":0,"skipped":0,"pct":100}}
,"C:\\Users\\IPF-2026\\Downloads\\Proyecto Final 2\\Omada MCP\\src\\tools\\getDnsProxy.ts": {"lines":{"total":3,"covered":3,"skipped":0,"pct":100},"functions":{"total":2,"covered":2,"skipped":0,"pct":100},"statements":{"total":3,"covered":3,"skipped":0,"pct":100},"branches":{"total":0,"covered":0,"skipped":0,"pct":100}}
,"C:\\Users\\IPF-2026\\Downloads\\Proyecto Final 2\\Omada MCP\\src\\tools\\getDot1xConfig.ts": {"lines":{"total":2,"covered":2,"skipped":0,"pct":100},"functions":{"total":2,"covered":2,"skipped":0,"pct":100},"statements":{"total":2,"covered":2,"skipped":0,"pct":100},"branches":{"total":0,"covered":0,"skipped":0,"pct":100}}
,"C:\\Users\\IPF-2026\\Downloads\\Proyecto Final 2\\Omada MCP\\src\\tools\\getDownlinkWiredDevices.ts": {"lines":{"total":3,"covered":3,"skipped":0,"pct":100},"functions":{"total":2,"covered":2,"skipped":0,"pct":100},"statements":{"total":3,"covered":3,"skipped":0,"pct":100},"branches":{"total":0,"covered":0,"skipped":0,"pct":100}}
,"C:\\Users\\IPF-2026\\Downloads\\Proyecto Final 2\\Omada MCP\\src\\tools\\getDscpConfig.ts": {"lines":{"total":2,"covered":2,"skipped":0,"pct":100},"functions":{"total":2,"covered":2,"skipped":0,"pct":100},"statements":{"total":2,"covered":2,"skipped":0,"pct":100},"branches":{"total":0,"covered":0,"skipped":0,"pct":100}}
,"C:\\Users\\IPF-2026\\Downloads\\Proyecto Final 2\\Omada MCP\\src\\tools\\getEapDot1xSetting.ts": {"lines":{"total":2,"covered":2,"skipped":0,"pct":100},"functions":{"total":2,"covered":2,"skipped":0,"pct":100},"statements":{"total":2,"covered":2,"skipped":0,"pct":100},"branches":{"total":0,"covered":0,"skipped":0,"pct":100}}
,"C:\\Users\\IPF-2026\\Downloads\\Proyecto Final 2\\Omada MCP\\src\\tools\\getExperienceImprovement.ts": {"lines":{"total":3,"covered":3,"skipped":0,"pct":100},"functions":{"total":2,"covered":2,"skipped":0,"pct":100},"statements":{"total":3,"covered":3,"skipped":0,"pct":100},"branches":{"total":0,"covered":0,"skipped":0,"pct":100}}
,"C:\\Users\\IPF-2026\\Downloads\\Proyecto Final 2\\Omada MCP\\src\\tools\\getFirewallSetting.ts": {"lines":{"total":2,"covered":2,"skipped":0,"pct":100},"functions":{"total":2,"covered":2,"skipped":0,"pct":100},"statements":{"total":2,"covered":2,"skipped":0,"pct":100},"branches":{"total":0,"covered":0,"skipped":0,"pct":100}}
,"C:\\Users\\IPF-2026\\Downloads\\Proyecto Final 2\\Omada MCP\\src\\tools\\getFirmwareInfo.ts": {"lines":{"total":3,"covered":3,"skipped":0,"pct":100},"functions":{"total":2,"covered":2,"skipped":0,"pct":100},"statements":{"total":3,"covered":3,"skipped":0,"pct":100},"branches":{"total":0,"covered":0,"skipped":0,"pct":100}}
,"C:\\Users\\IPF-2026\\Downloads\\Proyecto Final 2\\Omada MCP\\src\\tools\\getFirmwareUpgradePlan.ts": {"lines":{"total":3,"covered":3,"skipped":0,"pct":100},"functions":{"total":2,"covered":2,"skipped":0,"pct":100},"statements":{"total":3,"covered":3,"skipped":0,"pct":100},"branches":{"total":4,"covered":2,"skipped":0,"pct":50}}
,"C:\\Users\\IPF-2026\\Downloads\\Proyecto Final 2\\Omada MCP\\src\\tools\\getGatewayDetail.ts": {"lines":{"total":3,"covered":3,"skipped":0,"pct":100},"functions":{"total":2,"covered":2,"skipped":0,"pct":100},"statements":{"total":3,"covered":3,"skipped":0,"pct":100},"branches":{"total":0,"covered":0,"skipped":0,"pct":100}}
,"C:\\Users\\IPF-2026\\Downloads\\Proyecto Final 2\\Omada MCP\\src\\tools\\getGatewayHealth.ts": {"lines":{"total":13,"covered":13,"skipped":0,"pct":100},"functions":{"total":3,"covered":3,"skipped":0,"pct":100},"statements":{"total":13,"covered":13,"skipped":0,"pct":100},"branches":{"total":14,"covered":11,"skipped":0,"pct":78.57}}
,"C:\\Users\\IPF-2026\\Downloads\\Proyecto Final 2\\Omada MCP\\src\\tools\\getGatewayLanStatus.ts": {"lines":{"total":3,"covered":3,"skipped":0,"pct":100},"functions":{"total":2,"covered":2,"skipped":0,"pct":100},"statements":{"total":3,"covered":3,"skipped":0,"pct":100},"branches":{"total":0,"covered":0,"skipped":0,"pct":100}}
,"C:\\Users\\IPF-2026\\Downloads\\Proyecto Final 2\\Omada MCP\\src\\tools\\getGatewayPorts.ts": {"lines":{"total":3,"covered":3,"skipped":0,"pct":100},"functions":{"total":2,"covered":2,"skipped":0,"pct":100},"statements":{"total":3,"covered":3,"skipped":0,"pct":100},"branches":{"total":0,"covered":0,"skipped":0,"pct":100}}
,"C:\\Users\\IPF-2026\\Downloads\\Proyecto Final 2\\Omada MCP\\src\\tools\\getGatewayQosClassRules.ts": {"lines":{"total":3,"covered":3,"skipped":0,"pct":100},"functions":{"total":2,"covered":2,"skipped":0,"pct":100},"statements":{"total":3,"covered":3,"skipped":0,"pct":100},"branches":{"total":0,"covered":0,"skipped":0,"pct":100}}
,"C:\\Users\\IPF-2026\\Downloads\\Proyecto Final 2\\Omada MCP\\src\\tools\\getGatewayWanStatus.ts": {"lines":{"total":3,"covered":3,"skipped":0,"pct":100},"functions":{"total":2,"covered":2,"skipped":0,"pct":100},"statements":{"total":3,"covered":3,"skipped":0,"pct":100},"branches":{"total":0,"covered":0,"skipped":0,"pct":100}}
,"C:\\Users\\IPF-2026\\Downloads\\Proyecto Final 2\\Omada MCP\\src\\tools\\getGeneralSettings.ts": {"lines":{"total":2,"covered":2,"skipped":0,"pct":100},"functions":{"total":2,"covered":2,"skipped":0,"pct":100},"statements":{"total":2,"covered":2,"skipped":0,"pct":100},"branches":{"total":0,"covered":0,"skipped":0,"pct":100}}
,"C:\\Users\\IPF-2026\\Downloads\\Proyecto Final 2\\Omada MCP\\src\\tools\\getGlobalDashboardOverview.ts": {"lines":{"total":3,"covered":3,"skipped":0,"pct":100},"functions":{"total":2,"covered":2,"skipped":0,"pct":100},"statements":{"total":3,"covered":3,"skipped":0,"pct":100},"branches":{"total":0,"covered":0,"skipped":0,"pct":100}}
,"C:\\Users\\IPF-2026\\Downloads\\Proyecto Final 2\\Omada MCP\\src\\tools\\getGlobalSecuritySetting.ts": {"lines":{"total":3,"covered":3,"skipped":0,"pct":100},"functions":{"total":2,"covered":2,"skipped":0,"pct":100},"statements":{"total":3,"covered":3,"skipped":0,"pct":100},"branches":{"total":0,"covered":0,"skipped":0,"pct":100}}
,"C:\\Users\\IPF-2026\\Downloads\\Proyecto Final 2\\Omada MCP\\src\\tools\\getGoogleLdapProfile.ts": {"lines":{"total":2,"covered":2,"skipped":0,"pct":100},"functions":{"total":2,"covered":2,"skipped":0,"pct":100},"statements":{"total":2,"covered":2,"skipped":0,"pct":100},"branches":{"total":0,"covered":0,"skipped":0,"pct":100}}
,"C:\\Users\\IPF-2026\\Downloads\\Proyecto Final 2\\Omada MCP\\src\\tools\\getGridAllowList.ts": {"lines":{"total":3,"covered":3,"skipped":0,"pct":100},"functions":{"total":2,"covered":2,"skipped":0,"pct":100},"statements":{"total":3,"covered":3,"skipped":0,"pct":100},"branches":{"total":4,"covered":4,"skipped":0,"pct":100}}
,"C:\\Users\\IPF-2026\\Downloads\\Proyecto Final 2\\Omada MCP\\src\\tools\\getGridAllowMacFiltering.ts": {"lines":{"total":2,"covered":2,"skipped":0,"pct":100},"functions":{"total":2,"covered":2,"skipped":0,"pct":100},"statements":{"total":2,"covered":2,"skipped":0,"pct":100},"branches":{"total":4,"covered":4,"skipped":0,"pct":100}}
,"C:\\Users\\IPF-2026\\Downloads\\Proyecto Final 2\\Omada MCP\\src\\tools\\getGridAutoCheckUpgrade.ts": {"lines":{"total":3,"covered":3,"skipped":0,"pct":100},"functions":{"total":2,"covered":2,"skipped":0,"pct":100},"statements":{"total":3,"covered":3,"skipped":0,"pct":100},"branches":{"total":4,"covered":4,"skipped":0,"pct":100}}
,"C:\\Users\\IPF-2026\\Downloads\\Proyecto Final 2\\Omada MCP\\src\\tools\\getGridBandwidthCtrlRule.ts": {"lines":{"total":3,"covered":3,"skipped":0,"pct":100},"functions":{"total":2,"covered":2,"skipped":0,"pct":100},"statements":{"total":3,"covered":3,"skipped":0,"pct":100},"branches":{"total":0,"covered":0,"skipped":0,"pct":100}}
,"C:\\Users\\IPF-2026\\Downloads\\Proyecto Final 2\\Omada MCP\\src\\tools\\getGridBlockList.ts": {"lines":{"total":3,"covered":3,"skipped":0,"pct":100},"functions":{"total":2,"covered":2,"skipped":0,"pct":100},"statements":{"total":3,"covered":3,"skipped":0,"pct":100},"branches":{"total":4,"covered":4,"skipped":0,"pct":100}}
,"C:\\Users\\IPF-2026\\Downloads\\Proyecto Final 2\\Omada MCP\\src\\tools\\getGridClientHistory.ts": {"lines":{"total":3,"covered":3,"skipped":0,"pct":100},"functions":{"total":2,"covered":2,"skipped":0,"pct":100},"statements":{"total":3,"covered":3,"skipped":0,"pct":100},"branches":{"total":4,"covered":4,"skipped":0,"pct":100}}
,"C:\\Users\\IPF-2026\\Downloads\\Proyecto Final 2\\Omada MCP\\src\\tools\\getGridDashboardIpsecTunnelStats.ts": {"lines":{"total":2,"covered":2,"skipped":0,"pct":100},"functions":{"total":2,"covered":2,"skipped":0,"pct":100},"statements":{"total":2,"covered":2,"skipped":0,"pct":100},"branches":{"total":0,"covered":0,"skipped":0,"pct":100}}
,"C:\\Users\\IPF-2026\\Downloads\\Proyecto Final 2\\Omada MCP\\src\\tools\\getGridDashboardOpenVpnTunnelStats.ts": {"lines":{"total":3,"covered":3,"skipped":0,"pct":100},"functions":{"total":2,"covered":2,"skipped":0,"pct":100},"statements":{"total":3,"covered":3,"skipped":0,"pct":100},"branches":{"total":0,"covered":0,"skipped":0,"pct":100}}
,"C:\\Users\\IPF-2026\\Downloads\\Proyecto Final 2\\Omada MCP\\src\\tools\\getGridDashboardTunnelStats.ts": {"lines":{"total":3,"covered":3,"skipped":0,"pct":100},"functions":{"total":2,"covered":2,"skipped":0,"pct":100},"statements":{"total":3,"covered":3,"skipped":0,"pct":100},"branches":{"total":0,"covered":0,"skipped":0,"pct":100}}
,"C:\\Users\\IPF-2026\\Downloads\\Proyecto Final 2\\Omada MCP\\src\\tools\\getGridDenyMacFiltering.ts": {"lines":{"total":2,"covered":2,"skipped":0,"pct":100},"functions":{"total":2,"covered":2,"skipped":0,"pct":100},"statements":{"total":2,"covered":2,"skipped":0,"pct":100},"branches":{"total":4,"covered":4,"skipped":0,"pct":100}}
,"C:\\Users\\IPF-2026\\Downloads\\Proyecto Final 2\\Omada MCP\\src\\tools\\getGridEapRule.ts": {"lines":{"total":2,"covered":2,"skipped":0,"pct":100},"functions":{"total":2,"covered":2,"skipped":0,"pct":100},"statements":{"total":2,"covered":2,"skipped":0,"pct":100},"branches":{"total":4,"covered":4,"skipped":0,"pct":100}}
,"C:\\Users\\IPF-2026\\Downloads\\Proyecto Final 2\\Omada MCP\\src\\tools\\getGridGatewayRule.ts": {"lines":{"total":2,"covered":2,"skipped":0,"pct":100},"functions":{"total":2,"covered":2,"skipped":0,"pct":100},"statements":{"total":2,"covered":2,"skipped":0,"pct":100},"branches":{"total":4,"covered":4,"skipped":0,"pct":100}}
,"C:\\Users\\IPF-2026\\Downloads\\Proyecto Final 2\\Omada MCP\\src\\tools\\getGridIpMacBinding.ts": {"lines":{"total":3,"covered":3,"skipped":0,"pct":100},"functions":{"total":2,"covered":2,"skipped":0,"pct":100},"statements":{"total":3,"covered":3,"skipped":0,"pct":100},"branches":{"total":0,"covered":0,"skipped":0,"pct":100}}
,"C:\\Users\\IPF-2026\\Downloads\\Proyecto Final 2\\Omada MCP\\src\\tools\\getGridIpsecFailover.ts": {"lines":{"total":2,"covered":2,"skipped":0,"pct":100},"functions":{"total":2,"covered":2,"skipped":0,"pct":100},"statements":{"total":2,"covered":2,"skipped":0,"pct":100},"branches":{"total":4,"covered":4,"skipped":0,"pct":100}}
,"C:\\Users\\IPF-2026\\Downloads\\Proyecto Final 2\\Omada MCP\\src\\tools\\getGridKnownClients.ts": {"lines":{"total":3,"covered":3,"skipped":0,"pct":100},"functions":{"total":2,"covered":2,"skipped":0,"pct":100},"statements":{"total":3,"covered":3,"skipped":0,"pct":100},"branches":{"total":4,"covered":4,"skipped":0,"pct":100}}
,"C:\\Users\\IPF-2026\\Downloads\\Proyecto Final 2\\Omada MCP\\src\\tools\\getGridOtoNats.ts": {"lines":{"total":3,"covered":3,"skipped":0,"pct":100},"functions":{"total":2,"covered":2,"skipped":0,"pct":100},"statements":{"total":3,"covered":3,"skipped":0,"pct":100},"branches":{"total":0,"covered":0,"skipped":0,"pct":100}}
,"C:\\Users\\IPF-2026\\Downloads\\Proyecto Final 2\\Omada MCP\\src\\tools\\getGridPolicyRouting.ts": {"lines":{"total":3,"covered":3,"skipped":0,"pct":100},"functions":{"total":2,"covered":2,"skipped":0,"pct":100},"statements":{"total":3,"covered":3,"skipped":0,"pct":100},"branches":{"total":0,"covered":0,"skipped":0,"pct":100}}
,"C:\\Users\\IPF-2026\\Downloads\\Proyecto Final 2\\Omada MCP\\src\\tools\\getGridSessionLimitRule.ts": {"lines":{"total":3,"covered":3,"skipped":0,"pct":100},"functions":{"total":2,"covered":2,"skipped":0,"pct":100},"statements":{"total":3,"covered":3,"skipped":0,"pct":100},"branches":{"total":0,"covered":0,"skipped":0,"pct":100}}
,"C:\\Users\\IPF-2026\\Downloads\\Proyecto Final 2\\Omada MCP\\src\\tools\\getGridSignature.ts": {"lines":{"total":2,"covered":2,"skipped":0,"pct":100},"functions":{"total":2,"covered":2,"skipped":0,"pct":100},"statements":{"total":2,"covered":2,"skipped":0,"pct":100},"branches":{"total":4,"covered":4,"skipped":0,"pct":100}}
,"C:\\Users\\IPF-2026\\Downloads\\Proyecto Final 2\\Omada MCP\\src\\tools\\getGridStaticRouting.ts": {"lines":{"total":3,"covered":3,"skipped":0,"pct":100},"functions":{"total":2,"covered":2,"skipped":0,"pct":100},"statements":{"total":3,"covered":3,"skipped":0,"pct":100},"branches":{"total":0,"covered":0,"skipped":0,"pct":100}}
,"C:\\Users\\IPF-2026\\Downloads\\Proyecto Final 2\\Omada MCP\\src\\tools\\getGridVirtualWan.ts": {"lines":{"total":3,"covered":3,"skipped":0,"pct":100},"functions":{"total":2,"covered":2,"skipped":0,"pct":100},"statements":{"total":3,"covered":3,"skipped":0,"pct":100},"branches":{"total":0,"covered":0,"skipped":0,"pct":100}}
,"C:\\Users\\IPF-2026\\Downloads\\Proyecto Final 2\\Omada MCP\\src\\tools\\getGroupPolicyDetail.ts": {"lines":{"total":3,"covered":3,"skipped":0,"pct":100},"functions":{"total":2,"covered":2,"skipped":0,"pct":100},"statements":{"total":3,"covered":3,"skipped":0,"pct":100},"branches":{"total":0,"covered":0,"skipped":0,"pct":100}}
,"C:\\Users\\IPF-2026\\Downloads\\Proyecto Final 2\\Omada MCP\\src\\tools\\getGroupProfilesByType.ts": {"lines":{"total":3,"covered":3,"skipped":0,"pct":100},"functions":{"total":2,"covered":2,"skipped":0,"pct":100},"statements":{"total":3,"covered":3,"skipped":0,"pct":100},"branches":{"total":0,"covered":0,"skipped":0,"pct":100}}
,"C:\\Users\\IPF-2026\\Downloads\\Proyecto Final 2\\Omada MCP\\src\\tools\\getIgmp.ts": {"lines":{"total":3,"covered":3,"skipped":0,"pct":100},"functions":{"total":2,"covered":2,"skipped":0,"pct":100},"statements":{"total":3,"covered":3,"skipped":0,"pct":100},"branches":{"total":0,"covered":0,"skipped":0,"pct":100}}
,"C:\\Users\\IPF-2026\\Downloads\\Proyecto Final 2\\Omada MCP\\src\\tools\\getInterfaceLanNetwork.ts": {"lines":{"total":3,"covered":3,"skipped":0,"pct":100},"functions":{"total":2,"covered":2,"skipped":0,"pct":100},"statements":{"total":3,"covered":3,"skipped":0,"pct":100},"branches":{"total":0,"covered":0,"skipped":0,"pct":100}}
,"C:\\Users\\IPF-2026\\Downloads\\Proyecto Final 2\\Omada MCP\\src\\tools\\getInterfaceLanNetworkV2.ts": {"lines":{"total":3,"covered":3,"skipped":0,"pct":100},"functions":{"total":2,"covered":2,"skipped":0,"pct":100},"statements":{"total":3,"covered":3,"skipped":0,"pct":100},"branches":{"total":0,"covered":0,"skipped":0,"pct":100}}
,"C:\\Users\\IPF-2026\\Downloads\\Proyecto Final 2\\Omada MCP\\src\\tools\\getInterference.ts": {"lines":{"total":2,"covered":2,"skipped":0,"pct":100},"functions":{"total":2,"covered":2,"skipped":0,"pct":100},"statements":{"total":2,"covered":2,"skipped":0,"pct":100},"branches":{"total":0,"covered":0,"skipped":0,"pct":100}}
,"C:\\Users\\IPF-2026\\Downloads\\Proyecto Final 2\\Omada MCP\\src\\tools\\getInternet.ts": {"lines":{"total":3,"covered":3,"skipped":0,"pct":100},"functions":{"total":2,"covered":2,"skipped":0,"pct":100},"statements":{"total":3,"covered":3,"skipped":0,"pct":100},"branches":{"total":0,"covered":0,"skipped":0,"pct":100}}
,"C:\\Users\\IPF-2026\\Downloads\\Proyecto Final 2\\Omada MCP\\src\\tools\\getInternetBasicPortInfo.ts": {"lines":{"total":3,"covered":3,"skipped":0,"pct":100},"functions":{"total":2,"covered":2,"skipped":0,"pct":100},"statements":{"total":3,"covered":3,"skipped":0,"pct":100},"branches":{"total":0,"covered":0,"skipped":0,"pct":100}}
,"C:\\Users\\IPF-2026\\Downloads\\Proyecto Final 2\\Omada MCP\\src\\tools\\getInternetInfo.ts": {"lines":{"total":2,"covered":2,"skipped":0,"pct":100},"functions":{"total":2,"covered":2,"skipped":0,"pct":100},"statements":{"total":2,"covered":2,"skipped":0,"pct":100},"branches":{"total":0,"covered":0,"skipped":0,"pct":100}}
,"C:\\Users\\IPF-2026\\Downloads\\Proyecto Final 2\\Omada MCP\\src\\tools\\getInternetLoadBalance.ts": {"lines":{"total":3,"covered":3,"skipped":0,"pct":100},"functions":{"total":2,"covered":2,"skipped":0,"pct":100},"statements":{"total":3,"covered":3,"skipped":0,"pct":100},"branches":{"total":0,"covered":0,"skipped":0,"pct":100}}
,"C:\\Users\\IPF-2026\\Downloads\\Proyecto Final 2\\Omada MCP\\src\\tools\\getIpGroupProfile.ts": {"lines":{"total":2,"covered":2,"skipped":0,"pct":100},"functions":{"total":2,"covered":2,"skipped":0,"pct":100},"statements":{"total":2,"covered":2,"skipped":0,"pct":100},"branches":{"total":0,"covered":0,"skipped":0,"pct":100}}
,"C:\\Users\\IPF-2026\\Downloads\\Proyecto Final 2\\Omada MCP\\src\\tools\\getIpMacBindingGeneralSetting.ts": {"lines":{"total":3,"covered":3,"skipped":0,"pct":100},"functions":{"total":2,"covered":2,"skipped":0,"pct":100},"statements":{"total":3,"covered":3,"skipped":0,"pct":100},"branches":{"total":0,"covered":0,"skipped":0,"pct":100}}
,"C:\\Users\\IPF-2026\\Downloads\\Proyecto Final 2\\Omada MCP\\src\\tools\\getIpsConfig.ts": {"lines":{"total":2,"covered":2,"skipped":0,"pct":100},"functions":{"total":2,"covered":2,"skipped":0,"pct":100},"statements":{"total":2,"covered":2,"skipped":0,"pct":100},"branches":{"total":0,"covered":0,"skipped":0,"pct":100}}
,"C:\\Users\\IPF-2026\\Downloads\\Proyecto Final 2\\Omada MCP\\src\\tools\\getIpsecTunnelDetail.ts": {"lines":{"total":3,"covered":3,"skipped":0,"pct":100},"functions":{"total":2,"covered":2,"skipped":0,"pct":100},"statements":{"total":3,"covered":3,"skipped":0,"pct":100},"branches":{"total":0,"covered":0,"skipped":0,"pct":100}}
,"C:\\Users\\IPF-2026\\Downloads\\Proyecto Final 2\\Omada MCP\\src\\tools\\getIpsecTunnelList.ts": {"lines":{"total":2,"covered":2,"skipped":0,"pct":100},"functions":{"total":2,"covered":2,"skipped":0,"pct":100},"statements":{"total":2,"covered":2,"skipped":0,"pct":100},"branches":{"total":0,"covered":0,"skipped":0,"pct":100}}
,"C:\\Users\\IPF-2026\\Downloads\\Proyecto Final 2\\Omada MCP\\src\\tools\\getIpsecVpnStats.ts": {"lines":{"total":3,"covered":3,"skipped":0,"pct":100},"functions":{"total":2,"covered":2,"skipped":0,"pct":100},"statements":{"total":3,"covered":3,"skipped":0,"pct":100},"branches":{"total":4,"covered":4,"skipped":0,"pct":100}}
,"C:\\Users\\IPF-2026\\Downloads\\Proyecto Final 2\\Omada MCP\\src\\tools\\getIptvSetting.ts": {"lines":{"total":3,"covered":3,"skipped":0,"pct":100},"functions":{"total":2,"covered":2,"skipped":0,"pct":100},"statements":{"total":3,"covered":3,"skipped":0,"pct":100},"branches":{"total":0,"covered":0,"skipped":0,"pct":100}}
,"C:\\Users\\IPF-2026\\Downloads\\Proyecto Final 2\\Omada MCP\\src\\tools\\getIspBandScan.ts": {"lines":{"total":3,"covered":3,"skipped":0,"pct":100},"functions":{"total":2,"covered":2,"skipped":0,"pct":100},"statements":{"total":3,"covered":3,"skipped":0,"pct":100},"branches":{"total":0,"covered":0,"skipped":0,"pct":100}}
,"C:\\Users\\IPF-2026\\Downloads\\Proyecto Final 2\\Omada MCP\\src\\tools\\getIspLoad.ts": {"lines":{"total":3,"covered":3,"skipped":0,"pct":100},"functions":{"total":2,"covered":2,"skipped":0,"pct":100},"statements":{"total":3,"covered":3,"skipped":0,"pct":100},"branches":{"total":0,"covered":0,"skipped":0,"pct":100}}
,"C:\\Users\\IPF-2026\\Downloads\\Proyecto Final 2\\Omada MCP\\src\\tools\\getLanClientCount.ts": {"lines":{"total":3,"covered":3,"skipped":0,"pct":100},"functions":{"total":2,"covered":2,"skipped":0,"pct":100},"statements":{"total":3,"covered":3,"skipped":0,"pct":100},"branches":{"total":0,"covered":0,"skipped":0,"pct":100}}
,"C:\\Users\\IPF-2026\\Downloads\\Proyecto Final 2\\Omada MCP\\src\\tools\\getLanDnsRules.ts": {"lines":{"total":3,"covered":3,"skipped":0,"pct":100},"functions":{"total":2,"covered":2,"skipped":0,"pct":100},"statements":{"total":3,"covered":3,"skipped":0,"pct":100},"branches":{"total":4,"covered":4,"skipped":0,"pct":100}}
,"C:\\Users\\IPF-2026\\Downloads\\Proyecto Final 2\\Omada MCP\\src\\tools\\getLanNetworkList.ts": {"lines":{"total":2,"covered":2,"skipped":0,"pct":100},"functions":{"total":2,"covered":2,"skipped":0,"pct":100},"statements":{"total":2,"covered":2,"skipped":0,"pct":100},"branches":{"total":0,"covered":0,"skipped":0,"pct":100}}
,"C:\\Users\\IPF-2026\\Downloads\\Proyecto Final 2\\Omada MCP\\src\\tools\\getLanNetworkListV2.ts": {"lines":{"total":3,"covered":3,"skipped":0,"pct":100},"functions":{"total":2,"covered":2,"skipped":0,"pct":100},"statements":{"total":3,"covered":3,"skipped":0,"pct":100},"branches":{"total":0,"covered":0,"skipped":0,"pct":100}}
,"C:\\Users\\IPF-2026\\Downloads\\Proyecto Final 2\\Omada MCP\\src\\tools\\getLanProfileEsUsage.ts": {"lines":{"total":3,"covered":3,"skipped":0,"pct":100},"functions":{"total":2,"covered":2,"skipped":0,"pct":100},"statements":{"total":3,"covered":3,"skipped":0,"pct":100},"branches":{"total":0,"covered":0,"skipped":0,"pct":100}}
,"C:\\Users\\IPF-2026\\Downloads\\Proyecto Final 2\\Omada MCP\\src\\tools\\getLanProfileList.ts": {"lines":{"total":2,"covered":2,"skipped":0,"pct":100},"functions":{"total":2,"covered":2,"skipped":0,"pct":100},"statements":{"total":2,"covered":2,"skipped":0,"pct":100},"branches":{"total":0,"covered":0,"skipped":0,"pct":100}}
,"C:\\Users\\IPF-2026\\Downloads\\Proyecto Final 2\\Omada MCP\\src\\tools\\getLdapProfileList.ts": {"lines":{"total":2,"covered":2,"skipped":0,"pct":100},"functions":{"total":2,"covered":2,"skipped":0,"pct":100},"statements":{"total":2,"covered":2,"skipped":0,"pct":100},"branches":{"total":0,"covered":0,"skipped":0,"pct":100}}
,"C:\\Users\\IPF-2026\\Downloads\\Proyecto Final 2\\Omada MCP\\src\\tools\\getLldpSetting.ts": {"lines":{"total":3,"covered":3,"skipped":0,"pct":100},"functions":{"total":2,"covered":2,"skipped":0,"pct":100},"statements":{"total":3,"covered":3,"skipped":0,"pct":100},"branches":{"total":0,"covered":0,"skipped":0,"pct":100}}
,"C:\\Users\\IPF-2026\\Downloads\\Proyecto Final 2\\Omada MCP\\src\\tools\\getLogSettingForGlobal.ts": {"lines":{"total":2,"covered":2,"skipped":0,"pct":100},"functions":{"total":2,"covered":2,"skipped":0,"pct":100},"statements":{"total":2,"covered":2,"skipped":0,"pct":100},"branches":{"total":0,"covered":0,"skipped":0,"pct":100}}
,"C:\\Users\\IPF-2026\\Downloads\\Proyecto Final 2\\Omada MCP\\src\\tools\\getLogSettingForGlobalV2.ts": {"lines":{"total":2,"covered":2,"skipped":0,"pct":100},"functions":{"total":2,"covered":2,"skipped":0,"pct":100},"statements":{"total":2,"covered":2,"skipped":0,"pct":100},"branches":{"total":0,"covered":0,"skipped":0,"pct":100}}
,"C:\\Users\\IPF-2026\\Downloads\\Proyecto Final 2\\Omada MCP\\src\\tools\\getLogSettingForSite.ts": {"lines":{"total":2,"covered":2,"skipped":0,"pct":100},"functions":{"total":2,"covered":2,"skipped":0,"pct":100},"statements":{"total":2,"covered":2,"skipped":0,"pct":100},"branches":{"total":0,"covered":0,"skipped":0,"pct":100}}
,"C:\\Users\\IPF-2026\\Downloads\\Proyecto Final 2\\Omada MCP\\src\\tools\\getLogSettingForSiteV2.ts": {"lines":{"total":2,"covered":2,"skipped":0,"pct":100},"functions":{"total":2,"covered":2,"skipped":0,"pct":100},"statements":{"total":2,"covered":2,"skipped":0,"pct":100},"branches":{"total":0,"covered":0,"skipped":0,"pct":100}}
,"C:\\Users\\IPF-2026\\Downloads\\Proyecto Final 2\\Omada MCP\\src\\tools\\getLogging.ts": {"lines":{"total":2,"covered":2,"skipped":0,"pct":100},"functions":{"total":2,"covered":2,"skipped":0,"pct":100},"statements":{"total":2,"covered":2,"skipped":0,"pct":100},"branches":{"total":0,"covered":0,"skipped":0,"pct":100}}
,"C:\\Users\\IPF-2026\\Downloads\\Proyecto Final 2\\Omada MCP\\src\\tools\\getLtePortConfig.ts": {"lines":{"total":3,"covered":3,"skipped":0,"pct":100},"functions":{"total":2,"covered":2,"skipped":0,"pct":100},"statements":{"total":3,"covered":3,"skipped":0,"pct":100},"branches":{"total":0,"covered":0,"skipped":0,"pct":100}}
,"C:\\Users\\IPF-2026\\Downloads\\Proyecto Final 2\\Omada MCP\\src\\tools\\getMacAuthSetting.ts": {"lines":{"total":2,"covered":2,"skipped":0,"pct":100},"functions":{"total":2,"covered":2,"skipped":0,"pct":100},"statements":{"total":2,"covered":2,"skipped":0,"pct":100},"branches":{"total":0,"covered":0,"skipped":0,"pct":100}}
,"C:\\Users\\IPF-2026\\Downloads\\Proyecto Final 2\\Omada MCP\\src\\tools\\getMacAuthSsids.ts": {"lines":{"total":2,"covered":2,"skipped":0,"pct":100},"functions":{"total":2,"covered":2,"skipped":0,"pct":100},"statements":{"total":2,"covered":2,"skipped":0,"pct":100},"branches":{"total":0,"covered":0,"skipped":0,"pct":100}}
,"C:\\Users\\IPF-2026\\Downloads\\Proyecto Final 2\\Omada MCP\\src\\tools\\getMacFilterDetail.ts": {"lines":{"total":2,"covered":2,"skipped":0,"pct":100},"functions":{"total":2,"covered":2,"skipped":0,"pct":100},"statements":{"total":2,"covered":2,"skipped":0,"pct":100},"branches":{"total":0,"covered":0,"skipped":0,"pct":100}}
,"C:\\Users\\IPF-2026\\Downloads\\Proyecto Final 2\\Omada MCP\\src\\tools\\getMacFilteringGeneralSetting.ts": {"lines":{"total":2,"covered":2,"skipped":0,"pct":100},"functions":{"total":2,"covered":2,"skipped":0,"pct":100},"statements":{"total":2,"covered":2,"skipped":0,"pct":100},"branches":{"total":0,"covered":0,"skipped":0,"pct":100}}
,"C:\\Users\\IPF-2026\\Downloads\\Proyecto Final 2\\Omada MCP\\src\\tools\\getMailServerStatus.ts": {"lines":{"total":2,"covered":2,"skipped":0,"pct":100},"functions":{"total":2,"covered":2,"skipped":0,"pct":100},"statements":{"total":2,"covered":2,"skipped":0,"pct":100},"branches":{"total":0,"covered":0,"skipped":0,"pct":100}}
,"C:\\Users\\IPF-2026\\Downloads\\Proyecto Final 2\\Omada MCP\\src\\tools\\getMeshSetting.ts": {"lines":{"total":2,"covered":2,"skipped":0,"pct":100},"functions":{"total":2,"covered":2,"skipped":0,"pct":100},"statements":{"total":2,"covered":2,"skipped":0,"pct":100},"branches":{"total":0,"covered":0,"skipped":0,"pct":100}}
,"C:\\Users\\IPF-2026\\Downloads\\Proyecto Final 2\\Omada MCP\\src\\tools\\getMeshStatistics.ts": {"lines":{"total":3,"covered":3,"skipped":0,"pct":100},"functions":{"total":2,"covered":2,"skipped":0,"pct":100},"statements":{"total":3,"covered":3,"skipped":0,"pct":100},"branches":{"total":0,"covered":0,"skipped":0,"pct":100}}
,"C:\\Users\\IPF-2026\\Downloads\\Proyecto Final 2\\Omada MCP\\src\\tools\\getMfaStatus.ts": {"lines":{"total":3,"covered":3,"skipped":0,"pct":100},"functions":{"total":2,"covered":2,"skipped":0,"pct":100},"statements":{"total":3,"covered":3,"skipped":0,"pct":100},"branches":{"total":0,"covered":0,"skipped":0,"pct":100}}
,"C:\\Users\\IPF-2026\\Downloads\\Proyecto Final 2\\Omada MCP\\src\\tools\\getMulticastRateLimit.ts": {"lines":{"total":2,"covered":2,"skipped":0,"pct":100},"functions":{"total":2,"covered":2,"skipped":0,"pct":100},"statements":{"total":2,"covered":2,"skipped":0,"pct":100},"branches":{"total":0,"covered":0,"skipped":0,"pct":100}}
,"C:\\Users\\IPF-2026\\Downloads\\Proyecto Final 2\\Omada MCP\\src\\tools\\getNetworkHealthSummary.ts": {"lines":{"total":3,"covered":3,"skipped":0,"pct":100},"functions":{"total":2,"covered":2,"skipped":0,"pct":100},"statements":{"total":3,"covered":3,"skipped":0,"pct":100},"branches":{"total":8,"covered":8,"skipped":0,"pct":100}}
,"C:\\Users\\IPF-2026\\Downloads\\Proyecto Final 2\\Omada MCP\\src\\tools\\getNtpSetting.ts": {"lines":{"total":3,"covered":3,"skipped":0,"pct":100},"functions":{"total":2,"covered":2,"skipped":0,"pct":100},"statements":{"total":3,"covered":3,"skipped":0,"pct":100},"branches":{"total":0,"covered":0,"skipped":0,"pct":100}}
,"C:\\Users\\IPF-2026\\Downloads\\Proyecto Final 2\\Omada MCP\\src\\tools\\getOsgCustomAclList.ts": {"lines":{"total":2,"covered":2,"skipped":0,"pct":100},"functions":{"total":2,"covered":2,"skipped":0,"pct":100},"statements":{"total":2,"covered":2,"skipped":0,"pct":100},"branches":{"total":4,"covered":4,"skipped":0,"pct":100}}
,"C:\\Users\\IPF-2026\\Downloads\\Proyecto Final 2\\Omada MCP\\src\\tools\\getOspfInterface.ts": {"lines":{"total":3,"covered":3,"skipped":0,"pct":100},"functions":{"total":2,"covered":2,"skipped":0,"pct":100},"statements":{"total":3,"covered":3,"skipped":0,"pct":100},"branches":{"total":0,"covered":0,"skipped":0,"pct":100}}
,"C:\\Users\\IPF-2026\\Downloads\\Proyecto Final 2\\Omada MCP\\src\\tools\\getOspfNeighbors.ts": {"lines":{"total":3,"covered":3,"skipped":0,"pct":100},"functions":{"total":2,"covered":2,"skipped":0,"pct":100},"statements":{"total":3,"covered":3,"skipped":0,"pct":100},"branches":{"total":0,"covered":0,"skipped":0,"pct":100}}
,"C:\\Users\\IPF-2026\\Downloads\\Proyecto Final 2\\Omada MCP\\src\\tools\\getOspfProcess.ts": {"lines":{"total":3,"covered":3,"skipped":0,"pct":100},"functions":{"total":2,"covered":2,"skipped":0,"pct":100},"statements":{"total":3,"covered":3,"skipped":0,"pct":100},"branches":{"total":0,"covered":0,"skipped":0,"pct":100}}
,"C:\\Users\\IPF-2026\\Downloads\\Proyecto Final 2\\Omada MCP\\src\\tools\\getOswAclList.ts": {"lines":{"total":2,"covered":2,"skipped":0,"pct":100},"functions":{"total":2,"covered":2,"skipped":0,"pct":100},"statements":{"total":2,"covered":2,"skipped":0,"pct":100},"branches":{"total":4,"covered":4,"skipped":0,"pct":100}}
,"C:\\Users\\IPF-2026\\Downloads\\Proyecto Final 2\\Omada MCP\\src\\tools\\getOswStackLagList.ts": {"lines":{"total":3,"covered":3,"skipped":0,"pct":100},"functions":{"total":2,"covered":2,"skipped":0,"pct":100},"statements":{"total":3,"covered":3,"skipped":0,"pct":100},"branches":{"total":0,"covered":0,"skipped":0,"pct":100}}
,"C:\\Users\\IPF-2026\\Downloads\\Proyecto Final 2\\Omada MCP\\src\\tools\\getOuiProfileList.ts": {"lines":{"total":2,"covered":2,"skipped":0,"pct":100},"functions":{"total":2,"covered":2,"skipped":0,"pct":100},"statements":{"total":2,"covered":2,"skipped":0,"pct":100},"branches":{"total":4,"covered":4,"skipped":0,"pct":100}}
,"C:\\Users\\IPF-2026\\Downloads\\Proyecto Final 2\\Omada MCP\\src\\tools\\getPPSKProfiles.ts": {"lines":{"total":3,"covered":3,"skipped":0,"pct":100},"functions":{"total":2,"covered":2,"skipped":0,"pct":100},"statements":{"total":3,"covered":3,"skipped":0,"pct":100},"branches":{"total":0,"covered":0,"skipped":0,"pct":100}}
,"C:\\Users\\IPF-2026\\Downloads\\Proyecto Final 2\\Omada MCP\\src\\tools\\getPastClientNum.ts": {"lines":{"total":3,"covered":3,"skipped":0,"pct":100},"functions":{"total":2,"covered":2,"skipped":0,"pct":100},"statements":{"total":3,"covered":3,"skipped":0,"pct":100},"branches":{"total":0,"covered":0,"skipped":0,"pct":100}}
,"C:\\Users\\IPF-2026\\Downloads\\Proyecto Final 2\\Omada MCP\\src\\tools\\getPoeScheduleList.ts": {"lines":{"total":2,"covered":2,"skipped":0,"pct":100},"functions":{"total":2,"covered":2,"skipped":0,"pct":100},"statements":{"total":2,"covered":2,"skipped":0,"pct":100},"branches":{"total":0,"covered":0,"skipped":0,"pct":100}}
,"C:\\Users\\IPF-2026\\Downloads\\Proyecto Final 2\\Omada MCP\\src\\tools\\getPortForwardingList.ts": {"lines":{"total":3,"covered":3,"skipped":0,"pct":100},"functions":{"total":2,"covered":2,"skipped":0,"pct":100},"statements":{"total":3,"covered":3,"skipped":0,"pct":100},"branches":{"total":0,"covered":0,"skipped":0,"pct":100}}
,"C:\\Users\\IPF-2026\\Downloads\\Proyecto Final 2\\Omada MCP\\src\\tools\\getPortForwardingStatus.ts": {"lines":{"total":10,"covered":10,"skipped":0,"pct":100},"functions":{"total":3,"covered":3,"skipped":0,"pct":100},"statements":{"total":10,"covered":10,"skipped":0,"pct":100},"branches":{"total":7,"covered":7,"skipped":0,"pct":100}}
,"C:\\Users\\IPF-2026\\Downloads\\Proyecto Final 2\\Omada MCP\\src\\tools\\getPortScheduleList.ts": {"lines":{"total":2,"covered":2,"skipped":0,"pct":100},"functions":{"total":2,"covered":2,"skipped":0,"pct":100},"statements":{"total":2,"covered":2,"skipped":0,"pct":100},"branches":{"total":0,"covered":0,"skipped":0,"pct":100}}
,"C:\\Users\\IPF-2026\\Downloads\\Proyecto Final 2\\Omada MCP\\src\\tools\\getPortSchedulePorts.ts": {"lines":{"total":2,"covered":2,"skipped":0,"pct":100},"functions":{"total":2,"covered":2,"skipped":0,"pct":100},"statements":{"total":2,"covered":2,"skipped":0,"pct":100},"branches":{"total":0,"covered":0,"skipped":0,"pct":100}}
,"C:\\Users\\IPF-2026\\Downloads\\Proyecto Final 2\\Omada MCP\\src\\tools\\getPortalPort.ts": {"lines":{"total":3,"covered":3,"skipped":0,"pct":100},"functions":{"total":2,"covered":2,"skipped":0,"pct":100},"statements":{"total":3,"covered":3,"skipped":0,"pct":100},"branches":{"total":0,"covered":0,"skipped":0,"pct":100}}
,"C:\\Users\\IPF-2026\\Downloads\\Proyecto Final 2\\Omada MCP\\src\\tools\\getPortalProfile.ts": {"lines":{"total":2,"covered":2,"skipped":0,"pct":100},"functions":{"total":2,"covered":2,"skipped":0,"pct":100},"statements":{"total":2,"covered":2,"skipped":0,"pct":100},"branches":{"total":0,"covered":0,"skipped":0,"pct":100}}
,"C:\\Users\\IPF-2026\\Downloads\\Proyecto Final 2\\Omada MCP\\src\\tools\\getPpskNetworkProfile.ts": {"lines":{"total":3,"covered":3,"skipped":0,"pct":100},"functions":{"total":2,"covered":2,"skipped":0,"pct":100},"statements":{"total":3,"covered":3,"skipped":0,"pct":100},"branches":{"total":0,"covered":0,"skipped":0,"pct":100}}
,"C:\\Users\\IPF-2026\\Downloads\\Proyecto Final 2\\Omada MCP\\src\\tools\\getPpskUserGroup.ts": {"lines":{"total":3,"covered":3,"skipped":0,"pct":100},"functions":{"total":2,"covered":2,"skipped":0,"pct":100},"statements":{"total":3,"covered":3,"skipped":0,"pct":100},"branches":{"total":0,"covered":0,"skipped":0,"pct":100}}
,"C:\\Users\\IPF-2026\\Downloads\\Proyecto Final 2\\Omada MCP\\src\\tools\\getPpskUserList.ts": {"lines":{"total":3,"covered":3,"skipped":0,"pct":100},"functions":{"total":2,"covered":2,"skipped":0,"pct":100},"statements":{"total":3,"covered":3,"skipped":0,"pct":100},"branches":{"total":0,"covered":0,"skipped":0,"pct":100}}
,"C:\\Users\\IPF-2026\\Downloads\\Proyecto Final 2\\Omada MCP\\src\\tools\\getQosMarkingRule.ts": {"lines":{"total":2,"covered":2,"skipped":0,"pct":100},"functions":{"total":2,"covered":2,"skipped":0,"pct":100},"statements":{"total":2,"covered":2,"skipped":0,"pct":100},"branches":{"total":0,"covered":0,"skipped":0,"pct":100}}
,"C:\\Users\\IPF-2026\\Downloads\\Proyecto Final 2\\Omada MCP\\src\\tools\\getQosPolicy.ts": {"lines":{"total":2,"covered":2,"skipped":0,"pct":100},"functions":{"total":2,"covered":2,"skipped":0,"pct":100},"statements":{"total":2,"covered":2,"skipped":0,"pct":100},"branches":{"total":0,"covered":0,"skipped":0,"pct":100}}
,"C:\\Users\\IPF-2026\\Downloads\\Proyecto Final 2\\Omada MCP\\src\\tools\\getQosPolicyRule.ts": {"lines":{"total":2,"covered":2,"skipped":0,"pct":100},"functions":{"total":2,"covered":2,"skipped":0,"pct":100},"statements":{"total":2,"covered":2,"skipped":0,"pct":100},"branches":{"total":0,"covered":0,"skipped":0,"pct":100}}
,"C:\\Users\\IPF-2026\\Downloads\\Proyecto Final 2\\Omada MCP\\src\\tools\\getQosProfile.ts": {"lines":{"total":2,"covered":2,"skipped":0,"pct":100},"functions":{"total":2,"covered":2,"skipped":0,"pct":100},"statements":{"total":2,"covered":2,"skipped":0,"pct":100},"branches":{"total":0,"covered":0,"skipped":0,"pct":100}}
,"C:\\Users\\IPF-2026\\Downloads\\Proyecto Final 2\\Omada MCP\\src\\tools\\getRFScanResult.ts": {"lines":{"total":3,"covered":3,"skipped":0,"pct":100},"functions":{"total":2,"covered":2,"skipped":0,"pct":100},"statements":{"total":3,"covered":3,"skipped":0,"pct":100},"branches":{"total":0,"covered":0,"skipped":0,"pct":100}}
,"C:\\Users\\IPF-2026\\Downloads\\Proyecto Final 2\\Omada MCP\\src\\tools\\getRadioFrequencyPlanningConfig.ts": {"lines":{"total":2,"covered":2,"skipped":0,"pct":100},"functions":{"total":2,"covered":2,"skipped":0,"pct":100},"statements":{"total":2,"covered":2,"skipped":0,"pct":100},"branches":{"total":0,"covered":0,"skipped":0,"pct":100}}
,"C:\\Users\\IPF-2026\\Downloads\\Proyecto Final 2\\Omada MCP\\src\\tools\\getRadioFrequencyPlanningResult.ts": {"lines":{"total":2,"covered":2,"skipped":0,"pct":100},"functions":{"total":2,"covered":2,"skipped":0,"pct":100},"statements":{"total":2,"covered":2,"skipped":0,"pct":100},"branches":{"total":0,"covered":0,"skipped":0,"pct":100}}
,"C:\\Users\\IPF-2026\\Downloads\\Proyecto Final 2\\Omada MCP\\src\\tools\\getRadiosConfig.ts": {"lines":{"total":3,"covered":3,"skipped":0,"pct":100},"functions":{"total":2,"covered":2,"skipped":0,"pct":100},"statements":{"total":3,"covered":3,"skipped":0,"pct":100},"branches":{"total":0,"covered":0,"skipped":0,"pct":100}}
,"C:\\Users\\IPF-2026\\Downloads\\Proyecto Final 2\\Omada MCP\\src\\tools\\getRadiusProxyConfig.ts": {"lines":{"total":3,"covered":3,"skipped":0,"pct":100},"functions":{"total":2,"covered":2,"skipped":0,"pct":100},"statements":{"total":3,"covered":3,"skipped":0,"pct":100},"branches":{"total":0,"covered":0,"skipped":0,"pct":100}}
,"C:\\Users\\IPF-2026\\Downloads\\Proyecto Final 2\\Omada MCP\\src\\tools\\getRadiusServer.ts": {"lines":{"total":2,"covered":2,"skipped":0,"pct":100},"functions":{"total":2,"covered":2,"skipped":0,"pct":100},"statements":{"total":2,"covered":2,"skipped":0,"pct":100},"branches":{"total":0,"covered":0,"skipped":0,"pct":100}}
,"C:\\Users\\IPF-2026\\Downloads\\Proyecto Final 2\\Omada MCP\\src\\tools\\getRadiusUserDetail.ts": {"lines":{"total":3,"covered":3,"skipped":0,"pct":100},"functions":{"total":2,"covered":2,"skipped":0,"pct":100},"statements":{"total":3,"covered":3,"skipped":0,"pct":100},"branches":{"total":0,"covered":0,"skipped":0,"pct":100}}
,"C:\\Users\\IPF-2026\\Downloads\\Proyecto Final 2\\Omada MCP\\src\\tools\\getRadiusUserList.ts": {"lines":{"total":3,"covered":3,"skipped":0,"pct":100},"functions":{"total":2,"covered":2,"skipped":0,"pct":100},"statements":{"total":3,"covered":3,"skipped":0,"pct":100},"branches":{"total":4,"covered":4,"skipped":0,"pct":100}}
,"C:\\Users\\IPF-2026\\Downloads\\Proyecto Final 2\\Omada MCP\\src\\tools\\getRateLimitProfiles.ts": {"lines":{"total":2,"covered":2,"skipped":0,"pct":100},"functions":{"total":2,"covered":2,"skipped":0,"pct":100},"statements":{"total":2,"covered":2,"skipped":0,"pct":100},"branches":{"total":0,"covered":0,"skipped":0,"pct":100}}
,"C:\\Users\\IPF-2026\\Downloads\\Proyecto Final 2\\Omada MCP\\src\\tools\\getRebootScheduleList.ts": {"lines":{"total":3,"covered":3,"skipped":0,"pct":100},"functions":{"total":2,"covered":2,"skipped":0,"pct":100},"statements":{"total":3,"covered":3,"skipped":0,"pct":100},"branches":{"total":0,"covered":0,"skipped":0,"pct":100}}
,"C:\\Users\\IPF-2026\\Downloads\\Proyecto Final 2\\Omada MCP\\src\\tools\\getRemoteBindingStatus.ts": {"lines":{"total":3,"covered":3,"skipped":0,"pct":100},"functions":{"total":2,"covered":2,"skipped":0,"pct":100},"statements":{"total":3,"covered":3,"skipped":0,"pct":100},"branches":{"total":0,"covered":0,"skipped":0,"pct":100}}
,"C:\\Users\\IPF-2026\\Downloads\\Proyecto Final 2\\Omada MCP\\src\\tools\\getRemoteLogging.ts": {"lines":{"total":2,"covered":2,"skipped":0,"pct":100},"functions":{"total":2,"covered":2,"skipped":0,"pct":100},"statements":{"total":2,"covered":2,"skipped":0,"pct":100},"branches":{"total":0,"covered":0,"skipped":0,"pct":100}}
,"C:\\Users\\IPF-2026\\Downloads\\Proyecto Final 2\\Omada MCP\\src\\tools\\getRemoteLoggingSetting.ts": {"lines":{"total":3,"covered":3,"skipped":0,"pct":100},"functions":{"total":2,"covered":2,"skipped":0,"pct":100},"statements":{"total":3,"covered":3,"skipped":0,"pct":100},"branches":{"total":0,"covered":0,"skipped":0,"pct":100}}
,"C:\\Users\\IPF-2026\\Downloads\\Proyecto Final 2\\Omada MCP\\src\\tools\\getRestoreResult.ts": {"lines":{"total":3,"covered":3,"skipped":0,"pct":100},"functions":{"total":2,"covered":2,"skipped":0,"pct":100},"statements":{"total":3,"covered":3,"skipped":0,"pct":100},"branches":{"total":0,"covered":0,"skipped":0,"pct":100}}
,"C:\\Users\\IPF-2026\\Downloads\\Proyecto Final 2\\Omada MCP\\src\\tools\\getRetention.ts": {"lines":{"total":2,"covered":2,"skipped":0,"pct":100},"functions":{"total":2,"covered":2,"skipped":0,"pct":100},"statements":{"total":2,"covered":2,"skipped":0,"pct":100},"branches":{"total":0,"covered":0,"skipped":0,"pct":100}}
,"C:\\Users\\IPF-2026\\Downloads\\Proyecto Final 2\\Omada MCP\\src\\tools\\getRetryAndDroppedRate.ts": {"lines":{"total":3,"covered":3,"skipped":0,"pct":100},"functions":{"total":2,"covered":2,"skipped":0,"pct":100},"statements":{"total":3,"covered":3,"skipped":0,"pct":100},"branches":{"total":0,"covered":0,"skipped":0,"pct":100}}
,"C:\\Users\\IPF-2026\\Downloads\\Proyecto Final 2\\Omada MCP\\src\\tools\\getRoamingSetting.ts": {"lines":{"total":2,"covered":2,"skipped":0,"pct":100},"functions":{"total":2,"covered":2,"skipped":0,"pct":100},"statements":{"total":2,"covered":2,"skipped":0,"pct":100},"branches":{"total":0,"covered":0,"skipped":0,"pct":100}}
,"C:\\Users\\IPF-2026\\Downloads\\Proyecto Final 2\\Omada MCP\\src\\tools\\getRogueApExport.ts": {"lines":{"total":4,"covered":4,"skipped":0,"pct":100},"functions":{"total":2,"covered":2,"skipped":0,"pct":100},"statements":{"total":4,"covered":4,"skipped":0,"pct":100},"branches":{"total":0,"covered":0,"skipped":0,"pct":100}}
,"C:\\Users\\IPF-2026\\Downloads\\Proyecto Final 2\\Omada MCP\\src\\tools\\getRogueAps.ts": {"lines":{"total":2,"covered":2,"skipped":0,"pct":100},"functions":{"total":2,"covered":2,"skipped":0,"pct":100},"statements":{"total":2,"covered":2,"skipped":0,"pct":100},"branches":{"total":0,"covered":0,"skipped":0,"pct":100}}
,"C:\\Users\\IPF-2026\\Downloads\\Proyecto Final 2\\Omada MCP\\src\\tools\\getRoleDetail.ts": {"lines":{"total":3,"covered":3,"skipped":0,"pct":100},"functions":{"total":2,"covered":2,"skipped":0,"pct":100},"statements":{"total":3,"covered":3,"skipped":0,"pct":100},"branches":{"total":0,"covered":0,"skipped":0,"pct":100}}
,"C:\\Users\\IPF-2026\\Downloads\\Proyecto Final 2\\Omada MCP\\src\\tools\\getRoutingTable.ts": {"lines":{"total":3,"covered":3,"skipped":0,"pct":100},"functions":{"total":2,"covered":2,"skipped":0,"pct":100},"statements":{"total":3,"covered":3,"skipped":0,"pct":100},"branches":{"total":0,"covered":0,"skipped":0,"pct":100}}
,"C:\\Users\\IPF-2026\\Downloads\\Proyecto Final 2\\Omada MCP\\src\\tools\\getScheduleProfile.ts": {"lines":{"total":2,"covered":2,"skipped":0,"pct":100},"functions":{"total":2,"covered":2,"skipped":0,"pct":100},"statements":{"total":2,"covered":2,"skipped":0,"pct":100},"branches":{"total":0,"covered":0,"skipped":0,"pct":100}}
,"C:\\Users\\IPF-2026\\Downloads\\Proyecto Final 2\\Omada MCP\\src\\tools\\getSecurityOverview.ts": {"lines":{"total":3,"covered":3,"skipped":0,"pct":100},"functions":{"total":2,"covered":2,"skipped":0,"pct":100},"statements":{"total":3,"covered":3,"skipped":0,"pct":100},"branches":{"total":4,"covered":4,"skipped":0,"pct":100}}
,"C:\\Users\\IPF-2026\\Downloads\\Proyecto Final 2\\Omada MCP\\src\\tools\\getServiceProfile.ts": {"lines":{"total":3,"covered":3,"skipped":0,"pct":100},"functions":{"total":2,"covered":2,"skipped":0,"pct":100},"statements":{"total":3,"covered":3,"skipped":0,"pct":100},"branches":{"total":0,"covered":0,"skipped":0,"pct":100}}
,"C:\\Users\\IPF-2026\\Downloads\\Proyecto Final 2\\Omada MCP\\src\\tools\\getServiceTypeSummary.ts": {"lines":{"total":2,"covered":2,"skipped":0,"pct":100},"functions":{"total":2,"covered":2,"skipped":0,"pct":100},"statements":{"total":2,"covered":2,"skipped":0,"pct":100},"branches":{"total":0,"covered":0,"skipped":0,"pct":100}}
,"C:\\Users\\IPF-2026\\Downloads\\Proyecto Final 2\\Omada MCP\\src\\tools\\getSessionLimit.ts": {"lines":{"total":3,"covered":3,"skipped":0,"pct":100},"functions":{"total":2,"covered":2,"skipped":0,"pct":100},"statements":{"total":3,"covered":3,"skipped":0,"pct":100},"branches":{"total":0,"covered":0,"skipped":0,"pct":100}}
[...]
,"C:\\Users\\IPF-2026\\Downloads\\Proyecto Final 2\\Omada MCP\\src\\tools\\listClients.ts": {"lines":{"total":2,"covered":2,"skipped":0,"pct":100},"functions":{"total":2,"covered":2,"skipped":0,"pct":100},"statements":{"total":2,"covered":2,"skipped":0,"pct":100},"branches":{"total":0,"covered":0,"skipped":0,"pct":100}}
,"C:\\Users\\IPF-2026\\Downloads\\Proyecto Final 2\\Omada MCP\\src\\tools\\listClientsActivity.ts": {"lines":{"total":3,"covered":3,"skipped":0,"pct":100},"functions":{"total":2,"covered":2,"skipped":0,"pct":100},"statements":{"total":3,"covered":3,"skipped":0,"pct":100},"branches":{"total":0,"covered":0,"skipped":0,"pct":100}}
,"C:\\Users\\IPF-2026\\Downloads\\Proyecto Final 2\\Omada MCP\\src\\tools\\listClientsPastConnections.ts": {"lines":{"total":3,"covered":3,"skipped":0,"pct":100},"functions":{"total":2,"covered":2,"skipped":0,"pct":100},"statements":{"total":3,"covered":3,"skipped":0,"pct":100},"branches":{"total":0,"covered":0,"skipped":0,"pct":100}}
,"C:\\Users\\IPF-2026\\Downloads\\Proyecto Final 2\\Omada MCP\\src\\tools\\listDevices.ts": {"lines":{"total":2,"covered":2,"skipped":0,"pct":100},"functions":{"total":2,"covered":2,"skipped":0,"pct":100},"statements":{"total":2,"covered":2,"skipped":0,"pct":100},"branches":{"total":0,"covered":0,"skipped":0,"pct":100}}
,"C:\\Users\\IPF-2026\\Downloads\\Proyecto Final 2\\Omada MCP\\src\\tools\\listDevicesStats.ts": {"lines":{"total":3,"covered":3,"skipped":0,"pct":100},"functions":{"total":2,"covered":2,"skipped":0,"pct":100},"statements":{"total":3,"covered":3,"skipped":0,"pct":100},"branches":{"total":0,"covered":0,"skipped":0,"pct":100}}
,"C:\\Users\\IPF-2026\\Downloads\\Proyecto Final 2\\Omada MCP\\src\\tools\\listEapAcls.ts": {"lines":{"total":2,"covered":2,"skipped":0,"pct":100},"functions":{"total":2,"covered":2,"skipped":0,"pct":100},"statements":{"total":2,"covered":2,"skipped":0,"pct":100},"branches":{"total":0,"covered":0,"skipped":0,"pct":100}}
,"C:\\Users\\IPF-2026\\Downloads\\Proyecto Final 2\\Omada MCP\\src\\tools\\listGlobalAlerts.ts": {"lines":{"total":3,"covered":3,"skipped":0,"pct":100},"functions":{"total":2,"covered":2,"skipped":0,"pct":100},"statements":{"total":3,"covered":3,"skipped":0,"pct":100},"branches":{"total":0,"covered":0,"skipped":0,"pct":100}}
,"C:\\Users\\IPF-2026\\Downloads\\Proyecto Final 2\\Omada MCP\\src\\tools\\listGlobalEvents.ts": {"lines":{"total":3,"covered":3,"skipped":0,"pct":100},"functions":{"total":2,"covered":2,"skipped":0,"pct":100},"statements":{"total":3,"covered":3,"skipped":0,"pct":100},"branches":{"total":0,"covered":0,"skipped":0,"pct":100}}
,"C:\\Users\\IPF-2026\\Downloads\\Proyecto Final 2\\Omada MCP\\src\\tools\\listGroupProfiles.ts": {"lines":{"total":3,"covered":3,"skipped":0,"pct":100},"functions":{"total":2,"covered":2,"skipped":0,"pct":100},"statements":{"total":3,"covered":3,"skipped":0,"pct":100},"branches":{"total":0,"covered":0,"skipped":0,"pct":100}}
,"C:\\Users\\IPF-2026\\Downloads\\Proyecto Final 2\\Omada MCP\\src\\tools\\listMdnsProfile.ts": {"lines":{"total":2,"covered":2,"skipped":0,"pct":100},"functions":{"total":2,"covered":2,"skipped":0,"pct":100},"statements":{"total":2,"covered":2,"skipped":0,"pct":100},"branches":{"total":0,"covered":0,"skipped":0,"pct":100}}
,"C:\\Users\\IPF-2026\\Downloads\\Proyecto Final 2\\Omada MCP\\src\\tools\\listMostActiveClients.ts": {"lines":{"total":2,"covered":2,"skipped":0,"pct":100},"functions":{"total":2,"covered":2,"skipped":0,"pct":100},"statements":{"total":2,"covered":2,"skipped":0,"pct":100},"branches":{"total":0,"covered":0,"skipped":0,"pct":100}}
,"C:\\Users\\IPF-2026\\Downloads\\Proyecto Final 2\\Omada MCP\\src\\tools\\listOsgAcls.ts": {"lines":{"total":2,"covered":2,"skipped":0,"pct":100},"functions":{"total":2,"covered":2,"skipped":0,"pct":100},"statements":{"total":2,"covered":2,"skipped":0,"pct":100},"branches":{"total":0,"covered":0,"skipped":0,"pct":100}}
,"C:\\Users\\IPF-2026\\Downloads\\Proyecto Final 2\\Omada MCP\\src\\tools\\listPendingDevices.ts": {"lines":{"total":2,"covered":2,"skipped":0,"pct":100},"functions":{"total":2,"covered":2,"skipped":0,"pct":100},"statements":{"total":2,"covered":2,"skipped":0,"pct":100},"branches":{"total":0,"covered":0,"skipped":0,"pct":100}}
,"C:\\Users\\IPF-2026\\Downloads\\Proyecto Final 2\\Omada MCP\\src\\tools\\listPolicyRoutes.ts": {"lines":{"total":3,"covered":3,"skipped":0,"pct":100},"functions":{"total":2,"covered":2,"skipped":0,"pct":100},"statements":{"total":3,"covered":3,"skipped":0,"pct":100},"branches":{"total":0,"covered":0,"skipped":0,"pct":100}}
,"C:\\Users\\IPF-2026\\Downloads\\Proyecto Final 2\\Omada MCP\\src\\tools\\listPortForwardingRules.ts": {"lines":{"total":2,"covered":2,"skipped":0,"pct":100},"functions":{"total":2,"covered":2,"skipped":0,"pct":100},"statements":{"total":2,"covered":2,"skipped":0,"pct":100},"branches":{"total":0,"covered":0,"skipped":0,"pct":100}}
,"C:\\Users\\IPF-2026\\Downloads\\Proyecto Final 2\\Omada MCP\\src\\tools\\listRadiusProfiles.ts": {"lines":{"total":2,"covered":2,"skipped":0,"pct":100},"functions":{"total":2,"covered":2,"skipped":0,"pct":100},"statements":{"total":2,"covered":2,"skipped":0,"pct":100},"branches":{"total":0,"covered":0,"skipped":0,"pct":100}}
,"C:\\Users\\IPF-2026\\Downloads\\Proyecto Final 2\\Omada MCP\\src\\tools\\listServiceType.ts": {"lines":{"total":2,"covered":2,"skipped":0,"pct":100},"functions":{"total":2,"covered":2,"skipped":0,"pct":100},"statements":{"total":2,"covered":2,"skipped":0,"pct":100},"branches":{"total":4,"covered":4,"skipped":0,"pct":100}}
,"C:\\Users\\IPF-2026\\Downloads\\Proyecto Final 2\\Omada MCP\\src\\tools\\listSiteAlerts.ts": {"lines":{"total":3,"covered":3,"skipped":0,"pct":100},"functions":{"total":2,"covered":2,"skipped":0,"pct":100},"statements":{"total":3,"covered":3,"skipped":0,"pct":100},"branches":{"total":0,"covered":0,"skipped":0,"pct":100}}
,"C:\\Users\\IPF-2026\\Downloads\\Proyecto Final 2\\Omada MCP\\src\\tools\\listSiteAuditLogs.ts": {"lines":{"total":3,"covered":3,"skipped":0,"pct":100},"functions":{"total":2,"covered":2,"skipped":0,"pct":100},"statements":{"total":3,"covered":3,"skipped":0,"pct":100},"branches":{"total":0,"covered":0,"skipped":0,"pct":100}}
,"C:\\Users\\IPF-2026\\Downloads\\Proyecto Final 2\\Omada MCP\\src\\tools\\listSiteEvents.ts": {"lines":{"total":3,"covered":3,"skipped":0,"pct":100},"functions":{"total":2,"covered":2,"skipped":0,"pct":100},"statements":{"total":3,"covered":3,"skipped":0,"pct":100},"branches":{"total":0,"covered":0,"skipped":0,"pct":100}}
,"C:\\Users\\IPF-2026\\Downloads\\Proyecto Final 2\\Omada MCP\\src\\tools\\listSiteThreatManagement.ts": {"lines":{"total":3,"covered":3,"skipped":0,"pct":100},"functions":{"total":2,"covered":2,"skipped":0,"pct":100},"statements":{"total":3,"covered":3,"skipped":0,"pct":100},"branches":{"total":0,"covered":0,"skipped":0,"pct":100}}
,"C:\\Users\\IPF-2026\\Downloads\\Proyecto Final 2\\Omada MCP\\src\\tools\\listSiteToSiteVpns.ts": {"lines":{"total":2,"covered":2,"skipped":0,"pct":100},"functions":{"total":2,"covered":2,"skipped":0,"pct":100},"statements":{"total":2,"covered":2,"skipped":0,"pct":100},"branches":{"total":0,"covered":0,"skipped":0,"pct":100}}
,"C:\\Users\\IPF-2026\\Downloads\\Proyecto Final 2\\Omada MCP\\src\\tools\\listSites.ts": {"lines":{"total":3,"covered":3,"skipped":0,"pct":100},"functions":{"total":2,"covered":2,"skipped":0,"pct":100},"statements":{"total":3,"covered":3,"skipped":0,"pct":100},"branches":{"total":0,"covered":0,"skipped":0,"pct":100}}
,"C:\\Users\\IPF-2026\\Downloads\\Proyecto Final 2\\Omada MCP\\src\\tools\\listSitesApsPorts.ts": {"lines":{"total":3,"covered":3,"skipped":0,"pct":100},"functions":{"total":2,"covered":2,"skipped":0,"pct":100},"statements":{"total":3,"covered":3,"skipped":0,"pct":100},"branches":{"total":0,"covered":0,"skipped":0,"pct":100}}
,"C:\\Users\\IPF-2026\\Downloads\\Proyecto Final 2\\Omada MCP\\src\\tools\\listSitesCableTestSwitchesIncrementResults.ts": {"lines":{"total":3,"covered":3,"skipped":0,"pct":100},"functions":{"total":2,"covered":2,"skipped":0,"pct":100},"statements":{"total":3,"covered":3,"skipped":0,"pct":100},"branches":{"total":0,"covered":0,"skipped":0,"pct":100}}
,"C:\\Users\\IPF-2026\\Downloads\\Proyecto Final 2\\Omada MCP\\src\\tools\\listSitesCableTestSwitchesPorts.ts": {"lines":{"total":3,"covered":3,"skipped":0,"pct":100},"functions":{"total":2,"covered":2,"skipped":0,"pct":100},"statements":{"total":3,"covered":3,"skipped":0,"pct":100},"branches":{"total":0,"covered":0,"skipped":0,"pct":100}}
,"C:\\Users\\IPF-2026\\Downloads\\Proyecto Final 2\\Omada MCP\\src\\tools\\listSitesStacks.ts": {"lines":{"total":3,"covered":3,"skipped":0,"pct":100},"functions":{"total":2,"covered":2,"skipped":0,"pct":100},"statements":{"total":3,"covered":3,"skipped":0,"pct":100},"branches":{"total":4,"covered":4,"skipped":0,"pct":100}}
,"C:\\Users\\IPF-2026\\Downloads\\Proyecto Final 2\\Omada MCP\\src\\tools\\listStaticRoutes.ts": {"lines":{"total":2,"covered":2,"skipped":0,"pct":100},"functions":{"total":2,"covered":2,"skipped":0,"pct":100},"statements":{"total":2,"covered":2,"skipped":0,"pct":100},"branches":{"total":0,"covered":0,"skipped":0,"pct":100}}
,"C:\\Users\\IPF-2026\\Downloads\\Proyecto Final 2\\Omada MCP\\src\\tools\\listSwitchNetworks.ts": {"lines":{"total":3,"covered":3,"skipped":0,"pct":100},"functions":{"total":2,"covered":2,"skipped":0,"pct":100},"statements":{"total":3,"covered":3,"skipped":0,"pct":100},"branches":{"total":0,"covered":0,"skipped":0,"pct":100}}
,"C:\\Users\\IPF-2026\\Downloads\\Proyecto Final 2\\Omada MCP\\src\\tools\\listTimeRangeProfiles.ts": {"lines":{"total":2,"covered":2,"skipped":0,"pct":100},"functions":{"total":2,"covered":2,"skipped":0,"pct":100},"statements":{"total":2,"covered":2,"skipped":0,"pct":100},"branches":{"total":0,"covered":0,"skipped":0,"pct":100}}
,"C:\\Users\\IPF-2026\\Downloads\\Proyecto Final 2\\Omada MCP\\src\\tools\\listUpgradeFirmwares.ts": {"lines":{"total":3,"covered":3,"skipped":0,"pct":100},"functions":{"total":2,"covered":2,"skipped":0,"pct":100},"statements":{"total":3,"covered":3,"skipped":0,"pct":100},"branches":{"total":4,"covered":4,"skipped":0,"pct":100}}
,"C:\\Users\\IPF-2026\\Downloads\\Proyecto Final 2\\Omada MCP\\src\\tools\\listUpgradeOverviewFirmwares.ts": {"lines":{"total":3,"covered":3,"skipped":0,"pct":100},"functions":{"total":2,"covered":2,"skipped":0,"pct":100},"statements":{"total":3,"covered":3,"skipped":0,"pct":100},"branches":{"total":4,"covered":4,"skipped":0,"pct":100}}
,"C:\\Users\\IPF-2026\\Downloads\\Proyecto Final 2\\Omada MCP\\src\\tools\\listWireguard.ts": {"lines":{"total":3,"covered":3,"skipped":0,"pct":100},"functions":{"total":2,"covered":2,"skipped":0,"pct":100},"statements":{"total":3,"covered":3,"skipped":0,"pct":100},"branches":{"total":4,"covered":4,"skipped":0,"pct":100}}
,"C:\\Users\\IPF-2026\\Downloads\\Proyecto Final 2\\Omada MCP\\src\\tools\\listWireguardPeers.ts": {"lines":{"total":2,"covered":2,"skipped":0,"pct":100},"functions":{"total":2,"covered":2,"skipped":0,"pct":100},"statements":{"total":2,"covered":2,"skipped":0,"pct":100},"branches":{"total":4,"covered":4,"skipped":0,"pct":100}}
,"C:\\Users\\IPF-2026\\Downloads\\Proyecto Final 2\\Omada MCP\\src\\tools\\rebootDevice.ts": {"lines":{"total":6,"covered":6,"skipped":0,"pct":100},"functions":{"total":3,"covered":3,"skipped":0,"pct":100},"statements":{"total":6,"covered":6,"skipped":0,"pct":100},"branches":{"total":6,"covered":6,"skipped":0,"pct":100}}
,"C:\\Users\\IPF-2026\\Downloads\\Proyecto Final 2\\Omada MCP\\src\\tools\\reconnectClient.ts": {"lines":{"total":7,"covered":7,"skipped":0,"pct":100},"functions":{"total":3,"covered":3,"skipped":0,"pct":100},"statements":{"total":7,"covered":7,"skipped":0,"pct":100},"branches":{"total":6,"covered":6,"skipped":0,"pct":100}}
,"C:\\Users\\IPF-2026\\Downloads\\Proyecto Final 2\\Omada MCP\\src\\tools\\restoreController.ts": {"lines":{"total":9,"covered":9,"skipped":0,"pct":100},"functions":{"total":2,"covered":2,"skipped":0,"pct":100},"statements":{"total":9,"covered":9,"skipped":0,"pct":100},"branches":{"total":4,"covered":4,"skipped":0,"pct":100}}
,"C:\\Users\\IPF-2026\\Downloads\\Proyecto Final 2\\Omada MCP\\src\\tools\\restoreControllerFromFileServer.ts": {"lines":{"total":10,"covered":10,"skipped":0,"pct":100},"functions":{"total":2,"covered":2,"skipped":0,"pct":100},"statements":{"total":10,"covered":10,"skipped":0,"pct":100},"branches":{"total":4,"covered":4,"skipped":0,"pct":100}}
,"C:\\Users\\IPF-2026\\Downloads\\Proyecto Final 2\\Omada MCP\\src\\tools\\restoreSites.ts": {"lines":{"total":11,"covered":11,"skipped":0,"pct":100},"functions":{"total":3,"covered":3,"skipped":0,"pct":100},"statements":{"total":12,"covered":12,"skipped":0,"pct":100},"branches":{"total":4,"covered":4,"skipped":0,"pct":100}}
,"C:\\Users\\IPF-2026\\Downloads\\Proyecto Final 2\\Omada MCP\\src\\tools\\restoreSitesFromFileServer.ts": {"lines":{"total":12,"covered":12,"skipped":0,"pct":100},"functions":{"total":3,"covered":3,"skipped":0,"pct":100},"statements":{"total":13,"covered":13,"skipped":0,"pct":100},"branches":{"total":4,"covered":4,"skipped":0,"pct":100}}
,"C:\\Users\\IPF-2026\\Downloads\\Proyecto Final 2\\Omada MCP\\src\\tools\\searchDevices.ts": {"lines":{"total":3,"covered":3,"skipped":0,"pct":100},"functions":{"total":2,"covered":2,"skipped":0,"pct":100},"statements":{"total":3,"covered":3,"skipped":0,"pct":100},"branches":{"total":0,"covered":0,"skipped":0,"pct":100}}
,"C:\\Users\\IPF-2026\\Downloads\\Proyecto Final 2\\Omada MCP\\src\\tools\\setAccessControl.ts": {"lines":{"total":7,"covered":7,"skipped":0,"pct":100},"functions":{"total":3,"covered":3,"skipped":0,"pct":100},"statements":{"total":7,"covered":7,"skipped":0,"pct":100},"branches":{"total":8,"covered":8,"skipped":0,"pct":100}}
,"C:\\Users\\IPF-2026\\Downloads\\Proyecto Final 2\\Omada MCP\\src\\tools\\setAclConfigTypeSetting.ts": {"lines":{"total":7,"covered":7,"skipped":0,"pct":100},"functions":{"total":3,"covered":3,"skipped":0,"pct":100},"statements":{"total":7,"covered":7,"skipped":0,"pct":100},"branches":{"total":8,"covered":8,"skipped":0,"pct":100}}
,"C:\\Users\\IPF-2026\\Downloads\\Proyecto Final 2\\Omada MCP\\src\\tools\\setApChannelLimit.ts": {"lines":{"total":10,"covered":10,"skipped":0,"pct":100},"functions":{"total":3,"covered":3,"skipped":0,"pct":100},"statements":{"total":10,"covered":10,"skipped":0,"pct":100},"branches":{"total":8,"covered":8,"skipped":0,"pct":100}}
,"C:\\Users\\IPF-2026\\Downloads\\Proyecto Final 2\\Omada MCP\\src\\tools\\setApConfig.ts": {"lines":{"total":72,"covered":69,"skipped":0,"pct":95.83},"functions":{"total":11,"covered":11,"skipped":0,"pct":100},"statements":{"total":72,"covered":69,"skipped":0,"pct":95.83},"branches":{"total":62,"covered":58,"skipped":0,"pct":93.54}}
,"C:\\Users\\IPF-2026\\Downloads\\Proyecto Final 2\\Omada MCP\\src\\tools\\setApPowerSaving.ts": {"lines":{"total":21,"covered":21,"skipped":0,"pct":100},"functions":{"total":4,"covered":4,"skipped":0,"pct":100},"statements":{"total":21,"covered":21,"skipped":0,"pct":100},"branches":{"total":20,"covered":20,"skipped":0,"pct":100}}
,"C:\\Users\\IPF-2026\\Downloads\\Proyecto Final 2\\Omada MCP\\src\\tools\\setAppControlRule.ts": {"lines":{"total":10,"covered":10,"skipped":0,"pct":100},"functions":{"total":3,"covered":3,"skipped":0,"pct":100},"statements":{"total":10,"covered":10,"skipped":0,"pct":100},"branches":{"total":19,"covered":19,"skipped":0,"pct":100}}
,"C:\\Users\\IPF-2026\\Downloads\\Proyecto Final 2\\Omada MCP\\src\\tools\\setBandwidthControlRule.ts": {"lines":{"total":30,"covered":28,"skipped":0,"pct":93.33},"functions":{"total":6,"covered":6,"skipped":0,"pct":100},"statements":{"total":30,"covered":28,"skipped":0,"pct":93.33},"branches":{"total":43,"covered":35,"skipped":0,"pct":81.39}}
,"C:\\Users\\IPF-2026\\Downloads\\Proyecto Final 2\\Omada MCP\\src\\tools\\setClientRateLimit.ts": {"lines":{"total":3,"covered":3,"skipped":0,"pct":100},"functions":{"total":2,"covered":2,"skipped":0,"pct":100},"statements":{"total":3,"covered":3,"skipped":0,"pct":100},"branches":{"total":0,"covered":0,"skipped":0,"pct":100}}
,"C:\\Users\\IPF-2026\\Downloads\\Proyecto Final 2\\Omada MCP\\src\\tools\\setClientRateLimitProfile.ts": {"lines":{"total":3,"covered":3,"skipped":0,"pct":100},"functions":{"total":2,"covered":2,"skipped":0,"pct":100},"statements":{"total":3,"covered":3,"skipped":0,"pct":100},"branches":{"total":0,"covered":0,"skipped":0,"pct":100}}
,"C:\\Users\\IPF-2026\\Downloads\\Proyecto Final 2\\Omada MCP\\src\\tools\\setDeviceLed.ts": {"lines":{"total":6,"covered":6,"skipped":0,"pct":100},"functions":{"total":3,"covered":3,"skipped":0,"pct":100},"statements":{"total":6,"covered":6,"skipped":0,"pct":100},"branches":{"total":6,"covered":6,"skipped":0,"pct":100}}
,"C:\\Users\\IPF-2026\\Downloads\\Proyecto Final 2\\Omada MCP\\src\\tools\\setFirewallSetting.ts": {"lines":{"total":8,"covered":8,"skipped":0,"pct":100},"functions":{"total":3,"covered":3,"skipped":0,"pct":100},"statements":{"total":8,"covered":8,"skipped":0,"pct":100},"branches":{"total":8,"covered":7,"skipped":0,"pct":87.5}}
,"C:\\Users\\IPF-2026\\Downloads\\Proyecto Final 2\\Omada MCP\\src\\tools\\setGatewayConfig.ts": {"lines":{"total":31,"covered":28,"skipped":0,"pct":90.32},"functions":{"total":7,"covered":7,"skipped":0,"pct":100},"statements":{"total":31,"covered":28,"skipped":0,"pct":90.32},"branches":{"total":28,"covered":24,"skipped":0,"pct":85.71}}
,"C:\\Users\\IPF-2026\\Downloads\\Proyecto Final 2\\Omada MCP\\src\\tools\\unblockClient.ts": {"lines":{"total":7,"covered":7,"skipped":0,"pct":100},"functions":{"total":3,"covered":3,"skipped":0,"pct":100},"statements":{"total":7,"covered":7,"skipped":0,"pct":100},"branches":{"total":6,"covered":6,"skipped":0,"pct":100}}
,"C:\\Users\\IPF-2026\\Downloads\\Proyecto Final 2\\Omada MCP\\src\\tools\\updateDhcpReservation.ts": {"lines":{"total":20,"covered":20,"skipped":0,"pct":100},"functions":{"total":3,"covered":3,"skipped":0,"pct":100},"statements":{"total":20,"covered":20,"skipped":0,"pct":100},"branches":{"total":16,"covered":16,"skipped":0,"pct":100}}
,"C:\\Users\\IPF-2026\\Downloads\\Proyecto Final 2\\Omada MCP\\src\\tools\\updateEapAcl.ts": {"lines":{"total":10,"covered":10,"skipped":0,"pct":100},"functions":{"total":3,"covered":3,"skipped":0,"pct":100},"statements":{"total":10,"covered":10,"skipped":0,"pct":100},"branches":{"total":8,"covered":8,"skipped":0,"pct":100}}
,"C:\\Users\\IPF-2026\\Downloads\\Proyecto Final 2\\Omada MCP\\src\\tools\\updateGatewayAcl.ts": {"lines":{"total":8,"covered":8,"skipped":0,"pct":100},"functions":{"total":3,"covered":3,"skipped":0,"pct":100},"statements":{"total":8,"covered":8,"skipped":0,"pct":100},"branches":{"total":8,"covered":8,"skipped":0,"pct":100}}
,"C:\\Users\\IPF-2026\\Downloads\\Proyecto Final 2\\Omada MCP\\src\\utils\\config-validations.ts": {"lines":{"total":31,"covered":31,"skipped":0,"pct":100},"functions":{"total":11,"covered":11,"skipped":0,"pct":100},"statements":{"total":31,"covered":31,"skipped":0,"pct":100},"branches":{"total":31,"covered":29,"skipped":0,"pct":93.54}}
,"C:\\Users\\IPF-2026\\Downloads\\Proyecto Final 2\\Omada MCP\\src\\utils\\logger.ts": {"lines":{"total":30,"covered":30,"skipped":0,"pct":100},"functions":{"total":10,"covered":10,"skipped":0,"pct":100},"statements":{"total":30,"covered":30,"skipped":0,"pct":100},"branches":{"total":23,"covered":21,"skipped":0,"pct":91.3}}
,"C:\\Users\\IPF-2026\\Downloads\\Proyecto Final 2\\Omada MCP\\src\\utils\\pagination-schema.ts": {"lines":{"total":1,"covered":1,"skipped":0,"pct":100},"functions":{"total":1,"covered":1,"skipped":0,"pct":100},"statements":{"total":1,"covered":1,"skipped":0,"pct":100},"branches":{"total":1,"covered":1,"skipped":0,"pct":100}}
}
