{"C:\\Users\\IPF-2026\\Downloads\\Omada MCP\\src\\config.ts": {"path":"C:\\Users\\IPF-2026\\Downloads\\Omada MCP\\src\\config.ts","statementMap":{"0":{"start":{"line":13,"column":30},"end":{"line":65,"column":null}},"1":{"start":{"line":70,"column":33},"end":{"line":80,"column":null}},"2":{"start":{"line":83,"column":70},"end":{"line":90,"column":null}},"3":{"start":{"line":118,"column":23},"end":{"line":118,"column":null}},"4":{"start":{"line":119,"column":31},"end":{"line":119,"column":null}},"5":{"start":{"line":121,"column":19},"end":{"line":124,"column":null}},"6":{"start":{"line":123,"column":20},"end":{"line":123,"column":28}},"7":{"start":{"line":126,"column":4},"end":{"line":184,"column":null}},"8":{"start":{"line":128,"column":26},"end":{"line":128,"column":null}},"9":{"start":{"line":132,"column":8},"end":{"line":145,"column":null}},"10":{"start":{"line":133,"column":30},"end":{"line":133,"column":null}},"11":{"start":{"line":134,"column":12},"end":{"line":141,"column":null}},"12":{"start":{"line":135,"column":16},"end":{"line":135,"column":null}},"13":{"start":{"line":136,"column":16},"end":{"line":136,"column":null}},"14":{"start":{"line":139,"column":16},"end":{"line":139,"column":null}},"15":{"start":{"line":140,"column":16},"end":{"line":140,"column":null}},"16":{"start":{"line":143,"column":12},"end":{"line":143,"column":null}},"17":{"start":{"line":144,"column":12},"end":{"line":144,"column":null}},"18":{"start":{"line":147,"column":49},"end":{"line":147,"column":null}},"19":{"start":{"line":148,"column":8},"end":{"line":155,"column":null}},"20":{"start":{"line":149,"column":12},"end":{"line":149,"column":null}},"21":{"start":{"line":150,"column":12},"end":{"line":150,"column":null}},"22":{"start":{"line":151,"column":8},"end":{"line":155,"column":null}},"23":{"start":{"line":152,"column":12},"end":{"line":152,"column":null}},"24":{"start":{"line":154,"column":12},"end":{"line":154,"column":null}},"25":{"start":{"line":158,"column":8},"end":{"line":169,"column":null}},"26":{"start":{"line":159,"column":12},"end":{"line":167,"column":null}},"27":{"start":{"line":160,"column":16},"end":{"line":166,"column":null}},"28":{"start":{"line":161,"column":20},"end":{"line":163,"column":null}},"29":{"start":{"line":165,"column":20},"end":{"line":165,"column":null}},"30":{"start":{"line":168,"column":12},"end":{"line":168,"column":null}},"31":{"start":{"line":172,"column":8},"end":{"line":175,"column":null}},"32":{"start":{"line":173,"column":12},"end":{"line":173,"column":null}},"33":{"start":{"line":174,"column":12},"end":{"line":174,"column":null}},"34":{"start":{"line":178,"column":8},"end":{"line":181,"column":null}},"35":{"start":{"line":179,"column":12},"end":{"line":179,"column":null}},"36":{"start":{"line":180,"column":12},"end":{"line":180,"column":null}},"37":{"start":{"line":183,"column":8},"end":{"line":183,"column":null}},"38":{"start":{"line":186,"column":4},"end":{"line":186,"column":null}},"39":{"start":{"line":190,"column":21},"end":{"line":190,"column":null}},"40":{"start":{"line":191,"column":4},"end":{"line":195,"column":null}},"41":{"start":{"line":192,"column":8},"end":{"line":192,"column":null}},"42":{"start":{"line":192,"column":31},"end":{"line":192,"column":null}},"43":{"start":{"line":194,"column":8},"end":{"line":194,"column":null}},"44":{"start":{"line":199,"column":39},"end":{"line":199,"column":null}},"45":{"start":{"line":201,"column":61},"end":{"line":201,"column":null}},"46":{"start":{"line":203,"column":78},"end":{"line":208,"column":null}},"47":{"start":{"line":210,"column":34},"end":{"line":219,"column":null}},"48":{"start":{"line":213,"column":4},"end":{"line":219,"column":null}},"49":{"start":{"line":217,"column":12},"end":{"line":217,"column":null}},"50":{"start":{"line":217,"column":37},"end":{"line":217,"column":null}},"51":{"start":{"line":218,"column":12},"end":{"line":218,"column":null}},"52":{"start":{"line":221,"column":28},"end":{"line":225,"column":null}},"53":{"start":{"line":224,"column":47},"end":{"line":224,"column":94}},"54":{"start":{"line":227,"column":25},"end":{"line":237,"column":null}},"55":{"start":{"line":231,"column":8},"end":{"line":236,"column":null}},"56":{"start":{"line":234,"column":38},"end":{"line":234,"column":46}},"57":{"start":{"line":239,"column":18},"end":{"line":317,"column":null}},"58":{"start":{"line":271,"column":22},"end":{"line":271,"column":39}},"59":{"start":{"line":272,"column":22},"end":{"line":272,"column":43}},"60":{"start":{"line":276,"column":22},"end":{"line":276,"column":39}},"61":{"start":{"line":277,"column":22},"end":{"line":277,"column":62}},"62":{"start":{"line":281,"column":22},"end":{"line":281,"column":103}},"63":{"start":{"line":288,"column":12},"end":{"line":290,"column":null}},"64":{"start":{"line":289,"column":16},"end":{"line":289,"column":null}},"65":{"start":{"line":291,"column":12},"end":{"line":291,"column":null}},"66":{"start":{"line":301,"column":12},"end":{"line":307,"column":null}},"67":{"start":{"line":302,"column":16},"end":{"line":306,"column":null}},"68":{"start":{"line":303,"column":20},"end":{"line":305,"column":null}},"69":{"start":{"line":304,"column":24},"end":{"line":304,"column":null}},"70":{"start":{"line":308,"column":12},"end":{"line":308,"column":null}},"71":{"start":{"line":311,"column":34},"end":{"line":311,"column":null}},"72":{"start":{"line":311,"column":76},"end":{"line":311,"column":98}},"73":{"start":{"line":312,"column":12},"end":{"line":315,"column":null}},"74":{"start":{"line":370,"column":19},"end":{"line":400,"column":null}},"75":{"start":{"line":402,"column":4},"end":{"line":405,"column":null}},"76":{"start":{"line":403,"column":25},"end":{"line":403,"column":null}},"77":{"start":{"line":403,"column":72},"end":{"line":403,"column":85}},"78":{"start":{"line":404,"column":8},"end":{"line":404,"column":null}},"79":{"start":{"line":408,"column":21},"end":{"line":408,"column":null}},"80":{"start":{"line":411,"column":25},"end":{"line":411,"column":null}},"81":{"start":{"line":412,"column":29},"end":{"line":412,"column":null}},"82":{"start":{"line":414,"column":31},"end":{"line":414,"column":null}},"83":{"start":{"line":418,"column":4},"end":{"line":421,"column":null}},"84":{"start":{"line":419,"column":8},"end":{"line":419,"column":null}},"85":{"start":{"line":420,"column":8},"end":{"line":420,"column":null}},"86":{"start":{"line":423,"column":30},"end":{"line":423,"column":null}},"87":{"start":{"line":424,"column":71},"end":{"line":424,"column":null}},"88":{"start":{"line":425,"column":4},"end":{"line":425,"column":null}},"89":{"start":{"line":426,"column":4},"end":{"line":428,"column":null}},"90":{"start":{"line":427,"column":8},"end":{"line":427,"column":null}},"91":{"start":{"line":429,"column":4},"end":{"line":431,"column":null}},"92":{"start":{"line":430,"column":8},"end":{"line":430,"column":null}},"93":{"start":{"line":432,"column":4},"end":{"line":434,"column":null}},"94":{"start":{"line":433,"column":8},"end":{"line":433,"column":null}},"95":{"start":{"line":436,"column":4},"end":{"line":468,"column":null}}},"fnMap":{"0":{"name":"parseToolCategories","decl":{"start":{"line":117,"column":16},"end":{"line":117,"column":36}},"loc":{"start":{"line":117,"column":76},"end":{"line":187,"column":null}},"line":117},"1":{"name":"(anonymous_1)","decl":{"start":{"line":123,"column":13},"end":{"line":123,"column":14}},"loc":{"start":{"line":123,"column":20},"end":{"line":123,"column":28}},"line":123},"2":{"name":"mergePermissions","decl":{"start":{"line":189,"column":9},"end":{"line":189,"column":26}},"loc":{"start":{"line":189,"column":124},"end":{"line":196,"column":null}},"line":189},"3":{"name":"(anonymous_3)","decl":{"start":{"line":210,"column":34},"end":{"line":210,"column":null}},"loc":{"start":{"line":213,"column":4},"end":{"line":219,"column":null}},"line":213},"4":{"name":"(anonymous_4)","decl":{"start":{"line":216,"column":19},"end":{"line":216,"column":20}},"loc":{"start":{"line":216,"column":60},"end":{"line":219,"column":9}},"line":216},"5":{"name":"(anonymous_5)","decl":{"start":{"line":224,"column":15},"end":{"line":224,"column":16}},"loc":{"start":{"line":224,"column":47},"end":{"line":224,"column":94}},"line":224},"6":{"name":"(anonymous_6)","decl":{"start":{"line":230,"column":15},"end":{"line":230,"column":16}},"loc":{"start":{"line":231,"column":8},"end":{"line":236,"column":null}},"line":231},"7":{"name":"(anonymous_7)","decl":{"start":{"line":234,"column":23},"end":{"line":234,"column":24}},"loc":{"start":{"line":234,"column":38},"end":{"line":234,"column":46}},"line":234},"8":{"name":"(anonymous_8)","decl":{"start":{"line":271,"column":12},"end":{"line":271,"column":13}},"loc":{"start":{"line":271,"column":22},"end":{"line":271,"column":39}},"line":271},"9":{"name":"(anonymous_9)","decl":{"start":{"line":272,"column":12},"end":{"line":272,"column":13}},"loc":{"start":{"line":272,"column":22},"end":{"line":272,"column":43}},"line":272},"10":{"name":"(anonymous_10)","decl":{"start":{"line":276,"column":12},"end":{"line":276,"column":13}},"loc":{"start":{"line":276,"column":22},"end":{"line":276,"column":39}},"line":276},"11":{"name":"(anonymous_11)","decl":{"start":{"line":277,"column":12},"end":{"line":277,"column":13}},"loc":{"start":{"line":277,"column":22},"end":{"line":277,"column":62}},"line":277},"12":{"name":"(anonymous_12)","decl":{"start":{"line":281,"column":12},"end":{"line":281,"column":13}},"loc":{"start":{"line":281,"column":22},"end":{"line":281,"column":103}},"line":281},"13":{"name":"(anonymous_13)","decl":{"start":{"line":286,"column":8},"end":{"line":286,"column":9}},"loc":{"start":{"line":286,"column":18},"end":{"line":292,"column":null}},"line":286},"14":{"name":"(anonymous_14)","decl":{"start":{"line":299,"column":8},"end":{"line":299,"column":9}},"loc":{"start":{"line":299,"column":18},"end":{"line":309,"column":null}},"line":299},"15":{"name":"(anonymous_15)","decl":{"start":{"line":310,"column":8},"end":{"line":310,"column":9}},"loc":{"start":{"line":310,"column":18},"end":{"line":316,"column":null}},"line":310},"16":{"name":"(anonymous_16)","decl":{"start":{"line":311,"column":64},"end":{"line":311,"column":65}},"loc":{"start":{"line":311,"column":76},"end":{"line":311,"column":98}},"line":311},"17":{"name":"loadConfigFromEnv","decl":{"start":{"line":369,"column":16},"end":{"line":369,"column":34}},"loc":{"start":{"line":369,"column":91},"end":{"line":469,"column":null}},"line":369},"18":{"name":"(anonymous_18)","decl":{"start":{"line":403,"column":49},"end":{"line":403,"column":50}},"loc":{"start":{"line":403,"column":72},"end":{"line":403,"column":85}},"line":403}},"branchMap":{"0":{"loc":{"start":{"line":132,"column":8},"end":{"line":145,"column":null}},"type":"if","locations":[{"start":{"line":132,"column":8},"end":{"line":145,"column":null}},{"start":{"line":142,"column":15},"end":{"line":145,"column":null}}],"line":132},"1":{"loc":{"start":{"line":134,"column":12},"end":{"line":141,"column":null}},"type":"if","locations":[{"start":{"line":134,"column":12},"end":{"line":141,"column":null}},{"start":{"line":137,"column":19},"end":{"line":141,"column":null}}],"line":134},"2":{"loc":{"start":{"line":134,"column":16},"end":{"line":134,"column":78}},"type":"binary-expr","locations":[{"start":{"line":134,"column":16},"end":{"line":134,"column":37}},{"start":{"line":134,"column":37},"end":{"line":134,"column":58}},{"start":{"line":134,"column":58},"end":{"line":134,"column":78}}],"line":134},"3":{"loc":{"start":{"line":148,"column":8},"end":{"line":155,"column":null}},"type":"if","locations":[{"start":{"line":148,"column":8},"end":{"line":155,"column":null}},{"start":{"line":151,"column":8},"end":{"line":155,"column":null}}],"line":148},"4":{"loc":{"start":{"line":148,"column":12},"end":{"line":148,"column":40}},"type":"binary-expr","locations":[{"start":{"line":148,"column":12},"end":{"line":148,"column":23}},{"start":{"line":148,"column":23},"end":{"line":148,"column":40}}],"line":148},"5":{"loc":{"start":{"line":151,"column":8},"end":{"line":155,"column":null}},"type":"if","locations":[{"start":{"line":151,"column":8},"end":{"line":155,"column":null}},{"start":{"line":153,"column":15},"end":{"line":155,"column":null}}],"line":151},"6":{"loc":{"start":{"line":158,"column":8},"end":{"line":169,"column":null}},"type":"if","locations":[{"start":{"line":158,"column":8},"end":{"line":169,"column":null}},{"start":{},"end":{}}],"line":158},"7":{"loc":{"start":{"line":160,"column":16},"end":{"line":166,"column":null}},"type":"if","locations":[{"start":{"line":160,"column":16},"end":{"line":166,"column":null}},{"start":{"line":164,"column":23},"end":{"line":166,"column":null}}],"line":160},"8":{"loc":{"start":{"line":172,"column":8},"end":{"line":175,"column":null}},"type":"if","locations":[{"start":{"line":172,"column":8},"end":{"line":175,"column":null}},{"start":{},"end":{}}],"line":172},"9":{"loc":{"start":{"line":178,"column":8},"end":{"line":181,"column":null}},"type":"if","locations":[{"start":{"line":178,"column":8},"end":{"line":181,"column":null}},{"start":{},"end":{}}],"line":178},"10":{"loc":{"start":{"line":191,"column":4},"end":{"line":195,"column":null}},"type":"if","locations":[{"start":{"line":191,"column":4},"end":{"line":195,"column":null}},{"start":{"line":193,"column":11},"end":{"line":195,"column":null}}],"line":191},"11":{"loc":{"start":{"line":217,"column":12},"end":{"line":217,"column":null}},"type":"if","locations":[{"start":{"line":217,"column":12},"end":{"line":217,"column":null}},{"start":{},"end":{}}],"line":217},"12":{"loc":{"start":{"line":224,"column":47},"end":{"line":224,"column":94}},"type":"cond-expr","locations":[{"start":{"line":224,"column":55},"end":{"line":224,"column":84}},{"start":{"line":224,"column":84},"end":{"line":224,"column":94}}],"line":224},"13":{"loc":{"start":{"line":231,"column":8},"end":{"line":236,"column":null}},"type":"cond-expr","locations":[{"start":{"line":232,"column":14},"end":{"line":235,"column":null}},{"start":{"line":236,"column":14},"end":{"line":236,"column":null}}],"line":231},"14":{"loc":{"start":{"line":277,"column":22},"end":{"line":277,"column":62}},"type":"binary-expr","locations":[{"start":{"line":277,"column":22},"end":{"line":277,"column":39}},{"start":{"line":277,"column":39},"end":{"line":277,"column":62}}],"line":277},"15":{"loc":{"start":{"line":281,"column":22},"end":{"line":281,"column":103}},"type":"binary-expr","locations":[{"start":{"line":281,"column":22},"end":{"line":281,"column":39}},{"start":{"line":281,"column":39},"end":{"line":281,"column":61}},{"start":{"line":281,"column":45},"end":{"line":281,"column":103}}],"line":281},"16":{"loc":{"start":{"line":288,"column":12},"end":{"line":290,"column":null}},"type":"if","locations":[{"start":{"line":288,"column":12},"end":{"line":290,"column":null}},{"start":{},"end":{}}],"line":288},"17":{"loc":{"start":{"line":288,"column":16},"end":{"line":288,"column":77}},"type":"binary-expr","locations":[{"start":{"line":288,"column":16},"end":{"line":288,"column":37}},{"start":{"line":288,"column":37},"end":{"line":288,"column":77}}],"line":288},"18":{"loc":{"start":{"line":301,"column":12},"end":{"line":307,"column":null}},"type":"if","locations":[{"start":{"line":301,"column":12},"end":{"line":307,"column":null}},{"start":{},"end":{}}],"line":301},"19":{"loc":{"start":{"line":303,"column":20},"end":{"line":305,"column":null}},"type":"if","locations":[{"start":{"line":303,"column":20},"end":{"line":305,"column":null}},{"start":{},"end":{}}],"line":303},"20":{"loc":{"start":{"line":369,"column":34},"end":{"line":369,"column":91}},"type":"default-arg","locations":[{"start":{"line":369,"column":59},"end":{"line":369,"column":91}}],"line":369},"21":{"loc":{"start":{"line":402,"column":4},"end":{"line":405,"column":null}},"type":"if","locations":[{"start":{"line":402,"column":4},"end":{"line":405,"column":null}},{"start":{},"end":{}}],"line":402},"22":{"loc":{"start":{"line":408,"column":21},"end":{"line":408,"column":null}},"type":"binary-expr","locations":[{"start":{"line":408,"column":21},"end":{"line":408,"column":45}},{"start":{"line":408,"column":45},"end":{"line":408,"column":null}}],"line":408},"23":{"loc":{"start":{"line":411,"column":25},"end":{"line":411,"column":null}},"type":"binary-expr","locations":[{"start":{"line":411,"column":25},"end":{"line":411,"column":53}},{"start":{"line":411,"column":53},"end":{"line":411,"column":null}}],"line":411},"24":{"loc":{"start":{"line":412,"column":29},"end":{"line":412,"column":null}},"type":"binary-expr","locations":[{"start":{"line":412,"column":29},"end":{"line":412,"column":63}},{"start":{"line":412,"column":63},"end":{"line":412,"column":null}}],"line":412},"25":{"loc":{"start":{"line":418,"column":4},"end":{"line":421,"column":null}},"type":"if","locations":[{"start":{"line":418,"column":4},"end":{"line":421,"column":null}},{"start":{},"end":{}}],"line":418},"26":{"loc":{"start":{"line":423,"column":30},"end":{"line":423,"column":null}},"type":"binary-expr","locations":[{"start":{"line":423,"column":30},"end":{"line":423,"column":60}},{"start":{"line":423,"column":60},"end":{"line":423,"column":null}}],"line":423},"27":{"loc":{"start":{"line":426,"column":4},"end":{"line":428,"column":null}},"type":"if","locations":[{"start":{"line":426,"column":4},"end":{"line":428,"column":null}},{"start":{},"end":{}}],"line":426},"28":{"loc":{"start":{"line":429,"column":4},"end":{"line":431,"column":null}},"type":"if","locations":[{"start":{"line":429,"column":4},"end":{"line":431,"column":null}},{"start":{},"end":{}}],"line":429},"29":{"loc":{"start":{"line":432,"column":4},"end":{"line":434,"column":null}},"type":"if","locations":[{"start":{"line":432,"column":4},"end":{"line":434,"column":null}},{"start":{},"end":{}}],"line":432}},"s":{"0":2,"1":2,"2":2,"3":79,"4":79,"5":79,"6":221,"7":79,"8":219,"9":219,"10":216,"11":216,"12":216,"13":216,"14":0,"15":0,"16":3,"17":3,"18":219,"19":219,"20":12,"21":12,"22":207,"23":202,"24":5,"25":219,"26":55,"27":358,"28":36,"29":322,"30":55,"31":164,"32":6,"33":6,"34":158,"35":4,"36":4,"37":154,"38":79,"39":476,"40":476,"41":1,"42":1,"43":475,"44":2,"45":2,"46":2,"47":2,"48":12,"49":300,"50":274,"51":26,"52":2,"53":100,"54":2,"55":50,"56":8,"57":2,"58":49,"59":49,"60":49,"61":49,"62":49,"63":49,"64":1,"65":48,"66":49,"67":4,"68":8,"69":1,"70":48,"71":1,"72":2,"73":1,"74":50,"75":50,"76":11,"77":11,"78":11,"79":39,"80":50,"81":50,"82":50,"83":50,"84":1,"85":1,"86":39,"87":50,"88":50,"89":50,"90":36,"91":39,"92":0,"93":39,"94":3,"95":39},"f":{"0":79,"1":221,"2":476,"3":12,"4":300,"5":100,"6":50,"7":8,"8":49,"9":49,"10":49,"11":49,"12":49,"13":49,"14":49,"15":1,"16":2,"17":50,"18":11},"b":{"0":[216,3],"1":[216,0],"2":[216,14,9],"3":[12,207],"4":[219,216],"5":[202,5],"6":[55,164],"7":[36,322],"8":[6,158],"9":[4,154],"10":[1,475],"11":[274,26],"12":[4,96],"13":[4,46],"14":[49,7],"15":[49,7,1],"16":[1,48],"17":[49,4],"18":[4,45],"19":[1,7],"20":[50],"21":[11,39],"22":[39,37],"23":[50,36],"24":[50,36],"25":[1,49],"26":[39,36],"27":[36,14],"28":[0,39],"29":[3,36]},"meta":{"lastBranch":30,"lastFunction":19,"lastStatement":96,"seen":{"s:13:30:65:Infinity":0,"s:70:33:80:Infinity":1,"s:83:70:90:Infinity":2,"f:117:16:117:36":0,"s:118:23:118:Infinity":3,"s:119:31:119:Infinity":4,"s:121:19:124:Infinity":5,"f:123:13:123:14":1,"s:123:20:123:28":6,"s:126:4:184:Infinity":7,"s:128:26:128:Infinity":8,"b:132:8:145:Infinity:142:15:145:Infinity":0,"s:132:8:145:Infinity":9,"s:133:30:133:Infinity":10,"b:134:12:141:Infinity:137:19:141:Infinity":1,"s:134:12:141:Infinity":11,"b:134:16:134:37:134:37:134:58:134:58:134:78":2,"s:135:16:135:Infinity":12,"s:136:16:136:Infinity":13,"s:139:16:139:Infinity":14,"s:140:16:140:Infinity":15,"s:143:12:143:Infinity":16,"s:144:12:144:Infinity":17,"s:147:49:147:Infinity":18,"b:148:8:155:Infinity:151:8:155:Infinity":3,"s:148:8:155:Infinity":19,"b:148:12:148:23:148:23:148:40":4,"s:149:12:149:Infinity":20,"s:150:12:150:Infinity":21,"b:151:8:155:Infinity:153:15:155:Infinity":5,"s:151:8:155:Infinity":22,"s:152:12:152:Infinity":23,"s:154:12:154:Infinity":24,"b:158:8:169:Infinity:undefined:undefined:undefined:undefined":6,"s:158:8:169:Infinity":25,"s:159:12:167:Infinity":26,"b:160:16:166:Infinity:164:23:166:Infinity":7,"s:160:16:166:Infinity":27,"s:161:20:163:Infinity":28,"s:165:20:165:Infinity":29,"s:168:12:168:Infinity":30,"b:172:8:175:Infinity:undefined:undefined:undefined:undefined":8,"s:172:8:175:Infinity":31,"s:173:12:173:Infinity":32,"s:174:12:174:Infinity":33,"b:178:8:181:Infinity:undefined:undefined:undefined:undefined":9,"s:178:8:181:Infinity":34,"s:179:12:179:Infinity":35,"s:180:12:180:Infinity":36,"s:183:8:183:Infinity":37,"s:186:4:186:Infinity":38,"f:189:9:189:26":2,"s:190:21:190:Infinity":39,"b:191:4:195:Infinity:193:11:195:Infinity":10,"s:191:4:195:Infinity":40,"s:192:8:192:Infinity":41,"s:192:31:192:Infinity":42,"s:194:8:194:Infinity":43,"s:199:39:199:Infinity":44,"s:201:61:201:Infinity":45,"s:203:78:208:Infinity":46,"s:210:34:219:Infinity":47,"f:210:34:210:Infinity":3,"s:213:4:219:Infinity":48,"f:216:19:216:20":4,"b:217:12:217:Infinity:undefined:undefined:undefined:undefined":11,"s:217:12:217:Infinity":49,"s:217:37:217:Infinity":50,"s:218:12:218:Infinity":51,"s:221:28:225:Infinity":52,"f:224:15:224:16":5,"s:224:47:224:94":53,"b:224:55:224:84:224:84:224:94":12,"s:227:25:237:Infinity":54,"f:230:15:230:16":6,"s:231:8:236:Infinity":55,"b:232:14:235:Infinity:236:14:236:Infinity":13,"f:234:23:234:24":7,"s:234:38:234:46":56,"s:239:18:317:Infinity":57,"f:271:12:271:13":8,"s:271:22:271:39":58,"f:272:12:272:13":9,"s:272:22:272:43":59,"f:276:12:276:13":10,"s:276:22:276:39":60,"f:277:12:277:13":11,"s:277:22:277:62":61,"b:277:22:277:39:277:39:277:62":14,"f:281:12:281:13":12,"s:281:22:281:103":62,"b:281:22:281:39:281:39:281:61:281:45:281:103":15,"f:286:8:286:9":13,"b:288:12:290:Infinity:undefined:undefined:undefined:undefined":16,"s:288:12:290:Infinity":63,"b:288:16:288:37:288:37:288:77":17,"s:289:16:289:Infinity":64,"s:291:12:291:Infinity":65,"f:299:8:299:9":14,"b:301:12:307:Infinity:undefined:undefined:undefined:undefined":18,"s:301:12:307:Infinity":66,"s:302:16:306:Infinity":67,"b:303:20:305:Infinity:undefined:undefined:undefined:undefined":19,"s:303:20:305:Infinity":68,"s:304:24:304:Infinity":69,"s:308:12:308:Infinity":70,"f:310:8:310:9":15,"s:311:34:311:Infinity":71,"f:311:64:311:65":16,"s:311:76:311:98":72,"s:312:12:315:Infinity":73,"f:369:16:369:34":17,"b:369:59:369:91":20,"s:370:19:400:Infinity":74,"b:402:4:405:Infinity:undefined:undefined:undefined:undefined":21,"s:402:4:405:Infinity":75,"s:403:25:403:Infinity":76,"f:403:49:403:50":18,"s:403:72:403:85":77,"s:404:8:404:Infinity":78,"s:408:21:408:Infinity":79,"b:408:21:408:45:408:45:408:Infinity":22,"s:411:25:411:Infinity":80,"b:411:25:411:53:411:53:411:Infinity":23,"s:412:29:412:Infinity":81,"b:412:29:412:63:412:63:412:Infinity":24,"s:414:31:414:Infinity":82,"b:418:4:421:Infinity:undefined:undefined:undefined:undefined":25,"s:418:4:421:Infinity":83,"s:419:8:419:Infinity":84,"s:420:8:420:Infinity":85,"s:423:30:423:Infinity":86,"b:423:30:423:60:423:60:423:Infinity":26,"s:424:71:424:Infinity":87,"s:425:4:425:Infinity":88,"b:426:4:428:Infinity:undefined:undefined:undefined:undefined":27,"s:426:4:428:Infinity":89,"s:427:8:427:Infinity":90,"b:429:4:431:Infinity:undefined:undefined:undefined:undefined":28,"s:429:4:431:Infinity":91,"s:430:8:430:Infinity":92,"b:432:4:434:Infinity:undefined:undefined:undefined:undefined":29,"s:432:4:434:Infinity":93,"s:433:8:433:Infinity":94,"s:436:4:468:Infinity":95}}}
,"C:\\Users\\IPF-2026\\Downloads\\Omada MCP\\src\\env.ts": {"path":"C:\\Users\\IPF-2026\\Downloads\\Omada MCP\\src\\env.ts","statementMap":{"0":{"start":{"line":6,"column":0},"end":{"line":6,"column":null}},"1":{"start":{"line":9,"column":0},"end":{"line":11,"column":null}},"2":{"start":{"line":10,"column":4},"end":{"line":10,"column":null}}},"fnMap":{},"branchMap":{"0":{"loc":{"start":{"line":9,"column":0},"end":{"line":11,"column":null}},"type":"if","locations":[{"start":{"line":9,"column":0},"end":{"line":11,"column":null}},{"start":{},"end":{}}],"line":9}},"s":{"0":2,"1":2,"2":1},"f":{},"b":{"0":[1,1]},"meta":{"lastBranch":1,"lastFunction":0,"lastStatement":3,"seen":{"s:6:0:6:Infinity":0,"b:9:0:11:Infinity:undefined:undefined:undefined:undefined":0,"s:9:0:11:Infinity":1,"s:10:4:10:Infinity":2}}}
,"C:\\Users\\IPF-2026\\Downloads\\Omada MCP\\src\\index.ts": {"path":"C:\\Users\\IPF-2026\\Downloads\\Omada MCP\\src\\index.ts","statementMap":{"0":{"start":{"line":11,"column":10},"end":{"line":11,"column":null}},"1":{"start":{"line":14,"column":22},"end":{"line":14,"column":null}},"2":{"start":{"line":17,"column":4},"end":{"line":17,"column":null}},"3":{"start":{"line":20,"column":4},"end":{"line":29,"column":null}},"4":{"start":{"line":31,"column":4},"end":{"line":33,"column":null}},"5":{"start":{"line":32,"column":8},"end":{"line":32,"column":null}},"6":{"start":{"line":35,"column":4},"end":{"line":42,"column":null}},"7":{"start":{"line":44,"column":4},"end":{"line":59,"column":null}},"8":{"start":{"line":45,"column":8},"end":{"line":45,"column":null}},"9":{"start":{"line":48,"column":51},"end":{"line":56,"column":null}},"10":{"start":{"line":57,"column":23},"end":{"line":57,"column":null}},"11":{"start":{"line":58,"column":8},"end":{"line":58,"column":null}},"12":{"start":{"line":61,"column":0},"end":{"line":67,"column":null}},"13":{"start":{"line":62,"column":20},"end":{"line":62,"column":null}},"14":{"start":{"line":65,"column":4},"end":{"line":65,"column":null}},"15":{"start":{"line":66,"column":4},"end":{"line":66,"column":null}}},"fnMap":{"0":{"name":"main","decl":{"start":{"line":10,"column":15},"end":{"line":10,"column":37}},"loc":{"start":{"line":10,"column":37},"end":{"line":60,"column":null}},"line":10},"1":{"name":"(anonymous_1)","decl":{"start":{"line":61,"column":13},"end":{"line":61,"column":14}},"loc":{"start":{"line":61,"column":24},"end":{"line":67,"column":1}},"line":61}},"branchMap":{"0":{"loc":{"start":{"line":24,"column":14},"end":{"line":24,"column":null}},"type":"cond-expr","locations":[{"start":{"line":24,"column":31},"end":{"line":24,"column":40}},{"start":{"line":24,"column":40},"end":{"line":24,"column":null}}],"line":24},"1":{"loc":{"start":{"line":38,"column":16},"end":{"line":38,"column":null}},"type":"binary-expr","locations":[{"start":{"line":38,"column":16},"end":{"line":38,"column":33}},{"start":{"line":38,"column":33},"end":{"line":38,"column":null}}],"line":38},"2":{"loc":{"start":{"line":40,"column":24},"end":{"line":40,"column":null}},"type":"binary-expr","locations":[{"start":{"line":40,"column":24},"end":{"line":40,"column":49}},{"start":{"line":40,"column":49},"end":{"line":40,"column":null}}],"line":40},"3":{"loc":{"start":{"line":44,"column":4},"end":{"line":59,"column":null}},"type":"if","locations":[{"start":{"line":44,"column":4},"end":{"line":59,"column":null}},{"start":{"line":46,"column":11},"end":{"line":59,"column":null}}],"line":44},"4":{"loc":{"start":{"line":62,"column":20},"end":{"line":62,"column":null}},"type":"cond-expr","locations":[{"start":{"line":62,"column":45},"end":{"line":62,"column":61}},{"start":{"line":62,"column":61},"end":{"line":62,"column":null}}],"line":62}},"s":{"0":4,"1":4,"2":4,"3":4,"4":4,"5":1,"6":4,"7":4,"8":1,"9":3,"10":3,"11":3,"12":4,"13":1,"14":1,"15":1},"f":{"0":4,"1":1},"b":{"0":[1,3],"1":[4,0],"2":[4,0],"3":[1,3],"4":[1,0]},"meta":{"lastBranch":5,"lastFunction":2,"lastStatement":16,"seen":{"f:10:15:10:37":0,"s:11:10:11:Infinity":0,"s:14:22:14:Infinity":1,"s:17:4:17:Infinity":2,"s:20:4:29:Infinity":3,"b:24:31:24:40:24:40:24:Infinity":0,"s:31:4:33:Infinity":4,"s:32:8:32:Infinity":5,"s:35:4:42:Infinity":6,"b:38:16:38:33:38:33:38:Infinity":1,"b:40:24:40:49:40:49:40:Infinity":2,"b:44:4:59:Infinity:46:11:59:Infinity":3,"s:44:4:59:Infinity":7,"s:45:8:45:Infinity":8,"s:48:51:56:Infinity":9,"s:57:23:57:Infinity":10,"s:58:8:58:Infinity":11,"s:61:0:67:Infinity":12,"f:61:13:61:14":1,"s:62:20:62:Infinity":13,"b:62:45:62:61:62:61:62:Infinity":4,"s:65:4:65:Infinity":14,"s:66:4:66:Infinity":15}}}
,"C:\\Users\\IPF-2026\\Downloads\\Omada MCP\\src\\omadaClient\\account.ts": {"path":"C:\\Users\\IPF-2026\\Downloads\\Omada MCP\\src\\omadaClient\\account.ts","statementMap":{"0":{"start":{"line":11,"column":25},"end":{"line":11,"column":null}},"1":{"start":{"line":12,"column":25},"end":{"line":12,"column":null}},"2":{"start":{"line":20,"column":21},"end":{"line":20,"column":null}},"3":{"start":{"line":21,"column":25},"end":{"line":21,"column":null}},"4":{"start":{"line":22,"column":8},"end":{"line":22,"column":null}},"5":{"start":{"line":30,"column":21},"end":{"line":30,"column":null}},"6":{"start":{"line":31,"column":25},"end":{"line":31,"column":null}},"7":{"start":{"line":32,"column":8},"end":{"line":32,"column":null}},"8":{"start":{"line":40,"column":21},"end":{"line":40,"column":null}},"9":{"start":{"line":41,"column":25},"end":{"line":41,"column":null}},"10":{"start":{"line":42,"column":8},"end":{"line":42,"column":null}},"11":{"start":{"line":50,"column":21},"end":{"line":50,"column":null}},"12":{"start":{"line":51,"column":25},"end":{"line":51,"column":null}},"13":{"start":{"line":52,"column":8},"end":{"line":52,"column":null}},"14":{"start":{"line":60,"column":21},"end":{"line":60,"column":null}},"15":{"start":{"line":61,"column":25},"end":{"line":61,"column":null}},"16":{"start":{"line":62,"column":8},"end":{"line":62,"column":null}},"17":{"start":{"line":70,"column":21},"end":{"line":70,"column":null}},"18":{"start":{"line":71,"column":25},"end":{"line":71,"column":null}},"19":{"start":{"line":72,"column":8},"end":{"line":72,"column":null}},"20":{"start":{"line":80,"column":21},"end":{"line":80,"column":null}},"21":{"start":{"line":81,"column":25},"end":{"line":81,"column":null}},"22":{"start":{"line":82,"column":8},"end":{"line":82,"column":null}},"23":{"start":{"line":90,"column":21},"end":{"line":90,"column":null}},"24":{"start":{"line":91,"column":25},"end":{"line":91,"column":null}},"25":{"start":{"line":92,"column":8},"end":{"line":92,"column":null}},"26":{"start":{"line":100,"column":21},"end":{"line":100,"column":null}},"27":{"start":{"line":101,"column":25},"end":{"line":101,"column":null}},"28":{"start":{"line":102,"column":8},"end":{"line":102,"column":null}},"29":{"start":{"line":110,"column":21},"end":{"line":110,"column":null}},"30":{"start":{"line":111,"column":25},"end":{"line":111,"column":null}},"31":{"start":{"line":112,"column":8},"end":{"line":112,"column":null}}},"fnMap":{"0":{"name":"(anonymous_0)","decl":{"start":{"line":10,"column":4},"end":{"line":10,"column":null}},"loc":{"start":{"line":13,"column":6},"end":{"line":13,"column":null}},"line":13},"1":{"name":"(anonymous_1)","decl":{"start":{"line":19,"column":17},"end":{"line":19,"column":34}},"loc":{"start":{"line":19,"column":83},"end":{"line":23,"column":null}},"line":19},"2":{"name":"(anonymous_2)","decl":{"start":{"line":29,"column":17},"end":{"line":29,"column":34}},"loc":{"start":{"line":29,"column":83},"end":{"line":33,"column":null}},"line":29},"3":{"name":"(anonymous_3)","decl":{"start":{"line":39,"column":17},"end":{"line":39,"column":29}},"loc":{"start":{"line":39,"column":78},"end":{"line":43,"column":null}},"line":39},"4":{"name":"(anonymous_4)","decl":{"start":{"line":49,"column":17},"end":{"line":49,"column":31}},"loc":{"start":{"line":49,"column":96},"end":{"line":53,"column":null}},"line":49},"5":{"name":"(anonymous_5)","decl":{"start":{"line":59,"column":17},"end":{"line":59,"column":35}},"loc":{"start":{"line":59,"column":84},"end":{"line":63,"column":null}},"line":59},"6":{"name":"(anonymous_6)","decl":{"start":{"line":69,"column":17},"end":{"line":69,"column":32}},"loc":{"start":{"line":69,"column":81},"end":{"line":73,"column":null}},"line":69},"7":{"name":"(anonymous_7)","decl":{"start":{"line":79,"column":17},"end":{"line":79,"column":38}},"loc":{"start":{"line":79,"column":87},"end":{"line":83,"column":null}},"line":79},"8":{"name":"(anonymous_8)","decl":{"start":{"line":89,"column":17},"end":{"line":89,"column":34}},"loc":{"start":{"line":89,"column":83},"end":{"line":93,"column":null}},"line":89},"9":{"name":"(anonymous_9)","decl":{"start":{"line":99,"column":17},"end":{"line":99,"column":30}},"loc":{"start":{"line":99,"column":79},"end":{"line":103,"column":null}},"line":99},"10":{"name":"(anonymous_10)","decl":{"start":{"line":109,"column":17},"end":{"line":109,"column":40}},"loc":{"start":{"line":109,"column":89},"end":{"line":113,"column":null}},"line":109}},"branchMap":{},"s":{"0":20,"1":20,"2":3,"3":3,"4":3,"5":2,"6":2,"7":2,"8":0,"9":0,"10":0,"11":2,"12":2,"13":2,"14":2,"15":2,"16":2,"17":2,"18":2,"19":2,"20":2,"21":2,"22":2,"23":2,"24":2,"25":2,"26":2,"27":2,"28":2,"29":2,"30":2,"31":2},"f":{"0":20,"1":3,"2":2,"3":0,"4":2,"5":2,"6":2,"7":2,"8":2,"9":2,"10":2},"b":{},"meta":{"lastBranch":0,"lastFunction":11,"lastStatement":32,"seen":{"f:10:4:10:Infinity":0,"s:11:25:11:Infinity":0,"s:12:25:12:Infinity":1,"f:19:17:19:34":1,"s:20:21:20:Infinity":2,"s:21:25:21:Infinity":3,"s:22:8:22:Infinity":4,"f:29:17:29:34":2,"s:30:21:30:Infinity":5,"s:31:25:31:Infinity":6,"s:32:8:32:Infinity":7,"f:39:17:39:29":3,"s:40:21:40:Infinity":8,"s:41:25:41:Infinity":9,"s:42:8:42:Infinity":10,"f:49:17:49:31":4,"s:50:21:50:Infinity":11,"s:51:25:51:Infinity":12,"s:52:8:52:Infinity":13,"f:59:17:59:35":5,"s:60:21:60:Infinity":14,"s:61:25:61:Infinity":15,"s:62:8:62:Infinity":16,"f:69:17:69:32":6,"s:70:21:70:Infinity":17,"s:71:25:71:Infinity":18,"s:72:8:72:Infinity":19,"f:79:17:79:38":7,"s:80:21:80:Infinity":20,"s:81:25:81:Infinity":21,"s:82:8:82:Infinity":22,"f:89:17:89:34":8,"s:90:21:90:Infinity":23,"s:91:25:91:Infinity":24,"s:92:8:92:Infinity":25,"f:99:17:99:30":9,"s:100:21:100:Infinity":26,"s:101:25:101:Infinity":27,"s:102:8:102:Infinity":28,"f:109:17:109:40":10,"s:110:21:110:Infinity":29,"s:111:25:111:Infinity":30,"s:112:8:112:Infinity":31}}}
,"C:\\Users\\IPF-2026\\Downloads\\Omada MCP\\src\\omadaClient\\actions.ts": {"path":"C:\\Users\\IPF-2026\\Downloads\\Omada MCP\\src\\omadaClient\\actions.ts","statementMap":{"0":{"start":{"line":12,"column":25},"end":{"line":12,"column":null}},"1":{"start":{"line":13,"column":25},"end":{"line":13,"column":null}},"2":{"start":{"line":14,"column":25},"end":{"line":14,"column":null}},"3":{"start":{"line":18,"column":31},"end":{"line":18,"column":null}},"4":{"start":{"line":19,"column":21},"end":{"line":19,"column":null}},"5":{"start":{"line":20,"column":25},"end":{"line":20,"column":null}},"6":{"start":{"line":21,"column":8},"end":{"line":21,"column":null}},"7":{"start":{"line":25,"column":31},"end":{"line":25,"column":null}},"8":{"start":{"line":26,"column":21},"end":{"line":26,"column":null}},"9":{"start":{"line":27,"column":25},"end":{"line":27,"column":null}},"10":{"start":{"line":28,"column":8},"end":{"line":28,"column":null}},"11":{"start":{"line":32,"column":31},"end":{"line":32,"column":null}},"12":{"start":{"line":33,"column":21},"end":{"line":33,"column":null}},"13":{"start":{"line":34,"column":25},"end":{"line":34,"column":null}},"14":{"start":{"line":35,"column":8},"end":{"line":35,"column":null}},"15":{"start":{"line":39,"column":31},"end":{"line":39,"column":null}},"16":{"start":{"line":40,"column":21},"end":{"line":40,"column":null}},"17":{"start":{"line":41,"column":25},"end":{"line":41,"column":null}},"18":{"start":{"line":42,"column":8},"end":{"line":42,"column":null}},"19":{"start":{"line":46,"column":31},"end":{"line":46,"column":null}},"20":{"start":{"line":47,"column":21},"end":{"line":47,"column":null}},"21":{"start":{"line":48,"column":25},"end":{"line":48,"column":null}},"22":{"start":{"line":49,"column":8},"end":{"line":49,"column":null}}},"fnMap":{"0":{"name":"(anonymous_0)","decl":{"start":{"line":11,"column":4},"end":{"line":11,"column":null}},"loc":{"start":{"line":15,"column":6},"end":{"line":15,"column":null}},"line":15},"1":{"name":"(anonymous_1)","decl":{"start":{"line":17,"column":17},"end":{"line":17,"column":30}},"loc":{"start":{"line":17,"column":115},"end":{"line":22,"column":null}},"line":17},"2":{"name":"(anonymous_2)","decl":{"start":{"line":24,"column":17},"end":{"line":24,"column":29}},"loc":{"start":{"line":24,"column":114},"end":{"line":29,"column":null}},"line":24},"3":{"name":"(anonymous_3)","decl":{"start":{"line":31,"column":17},"end":{"line":31,"column":31}},"loc":{"start":{"line":31,"column":116},"end":{"line":36,"column":null}},"line":31},"4":{"name":"(anonymous_4)","decl":{"start":{"line":38,"column":17},"end":{"line":38,"column":33}},"loc":{"start":{"line":38,"column":118},"end":{"line":43,"column":null}},"line":38},"5":{"name":"(anonymous_5)","decl":{"start":{"line":45,"column":17},"end":{"line":45,"column":30}},"loc":{"start":{"line":45,"column":135},"end":{"line":50,"column":null}},"line":45}},"branchMap":{},"s":{"0":4,"1":4,"2":4,"3":1,"4":1,"5":1,"6":1,"7":1,"8":1,"9":1,"10":1,"11":1,"12":1,"13":1,"14":1,"15":1,"16":1,"17":1,"18":1,"19":1,"20":1,"21":1,"22":1},"f":{"0":4,"1":1,"2":1,"3":1,"4":1,"5":1},"b":{},"meta":{"lastBranch":0,"lastFunction":6,"lastStatement":23,"seen":{"f:11:4:11:Infinity":0,"s:12:25:12:Infinity":0,"s:13:25:13:Infinity":1,"s:14:25:14:Infinity":2,"f:17:17:17:30":1,"s:18:31:18:Infinity":3,"s:19:21:19:Infinity":4,"s:20:25:20:Infinity":5,"s:21:8:21:Infinity":6,"f:24:17:24:29":2,"s:25:31:25:Infinity":7,"s:26:21:26:Infinity":8,"s:27:25:27:Infinity":9,"s:28:8:28:Infinity":10,"f:31:17:31:31":3,"s:32:31:32:Infinity":11,"s:33:21:33:Infinity":12,"s:34:25:34:Infinity":13,"s:35:8:35:Infinity":14,"f:38:17:38:33":4,"s:39:31:39:Infinity":15,"s:40:21:40:Infinity":16,"s:41:25:41:Infinity":17,"s:42:8:42:Infinity":18,"f:45:17:45:30":5,"s:46:31:46:Infinity":19,"s:47:21:47:Infinity":20,"s:48:25:48:Infinity":21,"s:49:8:49:Infinity":22}}}
,"C:\\Users\\IPF-2026\\Downloads\\Omada MCP\\src\\omadaClient\\auth.ts": {"path":"C:\\Users\\IPF-2026\\Downloads\\Omada MCP\\src\\omadaClient\\auth.ts","statementMap":{"0":{"start":{"line":6,"column":36},"end":{"line":6,"column":null}},"1":{"start":{"line":19,"column":25},"end":{"line":19,"column":null}},"2":{"start":{"line":20,"column":25},"end":{"line":20,"column":null}},"3":{"start":{"line":21,"column":25},"end":{"line":21,"column":null}},"4":{"start":{"line":22,"column":25},"end":{"line":22,"column":null}},"5":{"start":{"line":29,"column":8},"end":{"line":29,"column":null}},"6":{"start":{"line":30,"column":8},"end":{"line":30,"column":null}},"7":{"start":{"line":37,"column":8},"end":{"line":37,"column":null}},"8":{"start":{"line":38,"column":8},"end":{"line":38,"column":null}},"9":{"start":{"line":39,"column":8},"end":{"line":39,"column":null}},"10":{"start":{"line":46,"column":8},"end":{"line":48,"column":null}},"11":{"start":{"line":47,"column":12},"end":{"line":47,"column":null}},"12":{"start":{"line":50,"column":8},"end":{"line":57,"column":null}},"13":{"start":{"line":51,"column":12},"end":{"line":56,"column":null}},"14":{"start":{"line":52,"column":16},"end":{"line":52,"column":null}},"15":{"start":{"line":53,"column":16},"end":{"line":53,"column":null}},"16":{"start":{"line":55,"column":16},"end":{"line":55,"column":null}},"17":{"start":{"line":59,"column":8},"end":{"line":59,"column":null}},"18":{"start":{"line":66,"column":47},"end":{"line":66,"column":null}},"19":{"start":{"line":67,"column":45},"end":{"line":70,"column":null}},"20":{"start":{"line":72,"column":8},"end":{"line":80,"column":null}},"21":{"start":{"line":73,"column":12},"end":{"line":73,"column":null}},"22":{"start":{"line":75,"column":12},"end":{"line":77,"column":null}},"23":{"start":{"line":76,"column":16},"end":{"line":76,"column":null}},"24":{"start":{"line":79,"column":12},"end":{"line":79,"column":null}},"25":{"start":{"line":82,"column":8},"end":{"line":102,"column":null}},"26":{"start":{"line":83,"column":29},"end":{"line":83,"column":null}},"27":{"start":{"line":85,"column":12},"end":{"line":91,"column":null}},"28":{"start":{"line":86,"column":16},"end":{"line":89,"column":null}},"29":{"start":{"line":90,"column":16},"end":{"line":90,"column":null}},"30":{"start":{"line":93,"column":26},"end":{"line":93,"column":null}},"31":{"start":{"line":94,"column":12},"end":{"line":94,"column":null}},"32":{"start":{"line":96,"column":12},"end":{"line":100,"column":null}},"33":{"start":{"line":101,"column":12},"end":{"line":101,"column":null}},"34":{"start":{"line":109,"column":8},"end":{"line":109,"column":null}},"35":{"start":{"line":110,"column":8},"end":{"line":110,"column":null}},"36":{"start":{"line":112,"column":33},"end":{"line":112,"column":null}},"37":{"start":{"line":113,"column":28},"end":{"line":113,"column":null}},"38":{"start":{"line":114,"column":8},"end":{"line":114,"column":null}}},"fnMap":{"0":{"name":"(anonymous_0)","decl":{"start":{"line":18,"column":4},"end":{"line":18,"column":null}},"loc":{"start":{"line":23,"column":6},"end":{"line":23,"column":null}},"line":23},"1":{"name":"(anonymous_1)","decl":{"start":{"line":28,"column":17},"end":{"line":28,"column":51}},"loc":{"start":{"line":28,"column":51},"end":{"line":31,"column":null}},"line":28},"2":{"name":"(anonymous_2)","decl":{"start":{"line":36,"column":11},"end":{"line":36,"column":30}},"loc":{"start":{"line":36,"column":30},"end":{"line":40,"column":null}},"line":36},"3":{"name":"(anonymous_3)","decl":{"start":{"line":45,"column":18},"end":{"line":45,"column":53}},"loc":{"start":{"line":45,"column":53},"end":{"line":60,"column":null}},"line":45},"4":{"name":"(anonymous_4)","decl":{"start":{"line":65,"column":18},"end":{"line":65,"column":31}},"loc":{"start":{"line":65,"column":97},"end":{"line":103,"column":null}},"line":65},"5":{"name":"(anonymous_5)","decl":{"start":{"line":108,"column":12},"end":{"line":108,"column":21}},"loc":{"start":{"line":108,"column":47},"end":{"line":115,"column":null}},"line":108}},"branchMap":{"0":{"loc":{"start":{"line":30,"column":15},"end":{"line":30,"column":null}},"type":"binary-expr","locations":[{"start":{"line":30,"column":15},"end":{"line":30,"column":35}},{"start":{"line":30,"column":35},"end":{"line":30,"column":null}}],"line":30},"1":{"loc":{"start":{"line":46,"column":8},"end":{"line":48,"column":null}},"type":"if","locations":[{"start":{"line":46,"column":8},"end":{"line":48,"column":null}},{"start":{},"end":{}}],"line":46},"2":{"loc":{"start":{"line":46,"column":12},"end":{"line":46,"column":89}},"type":"binary-expr","locations":[{"start":{"line":46,"column":12},"end":{"line":46,"column":32}},{"start":{"line":46,"column":32},"end":{"line":46,"column":55}},{"start":{"line":46,"column":55},"end":{"line":46,"column":89}}],"line":46},"3":{"loc":{"start":{"line":50,"column":8},"end":{"line":57,"column":null}},"type":"if","locations":[{"start":{"line":50,"column":8},"end":{"line":57,"column":null}},{"start":{},"end":{}}],"line":50},"4":{"loc":{"start":{"line":72,"column":8},"end":{"line":80,"column":null}},"type":"if","locations":[{"start":{"line":72,"column":8},"end":{"line":80,"column":null}},{"start":{"line":74,"column":15},"end":{"line":80,"column":null}}],"line":72},"5":{"loc":{"start":{"line":75,"column":12},"end":{"line":77,"column":null}},"type":"if","locations":[{"start":{"line":75,"column":12},"end":{"line":77,"column":null}},{"start":{},"end":{}}],"line":75},"6":{"loc":{"start":{"line":85,"column":12},"end":{"line":91,"column":null}},"type":"if","locations":[{"start":{"line":85,"column":12},"end":{"line":91,"column":null}},{"start":{},"end":{}}],"line":85},"7":{"loc":{"start":{"line":90,"column":32},"end":{"line":90,"column":73}},"type":"binary-expr","locations":[{"start":{"line":90,"column":32},"end":{"line":90,"column":44}},{"start":{"line":90,"column":44},"end":{"line":90,"column":73}}],"line":90},"8":{"loc":{"start":{"line":93,"column":26},"end":{"line":93,"column":null}},"type":"binary-expr","locations":[{"start":{"line":93,"column":26},"end":{"line":93,"column":42}},{"start":{"line":93,"column":42},"end":{"line":93,"column":null}}],"line":93},"9":{"loc":{"start":{"line":99,"column":23},"end":{"line":99,"column":null}},"type":"cond-expr","locations":[{"start":{"line":99,"column":48},"end":{"line":99,"column":64}},{"start":{"line":99,"column":64},"end":{"line":99,"column":null}}],"line":99},"10":{"loc":{"start":{"line":112,"column":33},"end":{"line":112,"column":null}},"type":"cond-expr","locations":[{"start":{"line":112,"column":68},"end":{"line":112,"column":86}},{"start":{"line":112,"column":86},"end":{"line":112,"column":null}}],"line":112}},"s":{"0":3,"1":14,"2":14,"3":14,"4":14,"5":13,"6":11,"7":3,"8":3,"9":3,"10":13,"11":1,"12":12,"13":2,"14":2,"15":1,"16":1,"17":11,"18":13,"19":13,"20":13,"21":11,"22":2,"23":0,"24":2,"25":13,"26":13,"27":11,"28":1,"29":1,"30":10,"31":13,"32":3,"33":3,"34":10,"35":10,"36":10,"37":10,"38":10},"f":{"0":14,"1":13,"2":3,"3":13,"4":13,"5":10},"b":{"0":[11,1],"1":[1,12],"2":[13,3,3],"3":[2,10],"4":[11,2],"5":[0,2],"6":[1,10],"7":[1,0],"8":[10,1],"9":[3,0],"10":[9,1]},"meta":{"lastBranch":11,"lastFunction":6,"lastStatement":39,"seen":{"s:6:36:6:Infinity":0,"f:18:4:18:Infinity":0,"s:19:25:19:Infinity":1,"s:20:25:20:Infinity":2,"s:21:25:21:Infinity":3,"s:22:25:22:Infinity":4,"f:28:17:28:51":1,"s:29:8:29:Infinity":5,"s:30:8:30:Infinity":6,"b:30:15:30:35:30:35:30:Infinity":0,"f:36:11:36:30":2,"s:37:8:37:Infinity":7,"s:38:8:38:Infinity":8,"s:39:8:39:Infinity":9,"f:45:18:45:53":3,"b:46:8:48:Infinity:undefined:undefined:undefined:undefined":1,"s:46:8:48:Infinity":10,"b:46:12:46:32:46:32:46:55:46:55:46:89":2,"s:47:12:47:Infinity":11,"b:50:8:57:Infinity:undefined:undefined:undefined:undefined":3,"s:50:8:57:Infinity":12,"s:51:12:56:Infinity":13,"s:52:16:52:Infinity":14,"s:53:16:53:Infinity":15,"s:55:16:55:Infinity":16,"s:59:8:59:Infinity":17,"f:65:18:65:31":4,"s:66:47:66:Infinity":18,"s:67:45:70:Infinity":19,"b:72:8:80:Infinity:74:15:80:Infinity":4,"s:72:8:80:Infinity":20,"s:73:12:73:Infinity":21,"b:75:12:77:Infinity:undefined:undefined:undefined:undefined":5,"s:75:12:77:Infinity":22,"s:76:16:76:Infinity":23,"s:79:12:79:Infinity":24,"s:82:8:102:Infinity":25,"s:83:29:83:Infinity":26,"b:85:12:91:Infinity:undefined:undefined:undefined:undefined":6,"s:85:12:91:Infinity":27,"s:86:16:89:Infinity":28,"s:90:16:90:Infinity":29,"b:90:32:90:44:90:44:90:73":7,"s:93:26:93:Infinity":30,"b:93:26:93:42:93:42:93:Infinity":8,"s:94:12:94:Infinity":31,"s:96:12:100:Infinity":32,"b:99:48:99:64:99:64:99:Infinity":9,"s:101:12:101:Infinity":33,"f:108:12:108:21":5,"s:109:8:109:Infinity":34,"s:110:8:110:Infinity":35,"s:112:33:112:Infinity":36,"b:112:68:112:86:112:86:112:Infinity":10,"s:113:28:113:Infinity":37,"s:114:8:114:Infinity":38}}}
,"C:\\Users\\IPF-2026\\Downloads\\Omada MCP\\src\\omadaClient\\client.ts": {"path":"C:\\Users\\IPF-2026\\Downloads\\Omada MCP\\src\\omadaClient\\client.ts","statementMap":{"0":{"start":{"line":24,"column":25},"end":{"line":24,"column":null}},"1":{"start":{"line":25,"column":25},"end":{"line":25,"column":null}},"2":{"start":{"line":26,"column":25},"end":{"line":26,"column":null}},"3":{"start":{"line":33,"column":31},"end":{"line":33,"column":null}},"4":{"start":{"line":34,"column":8},"end":{"line":38,"column":null}},"5":{"start":{"line":45,"column":24},"end":{"line":45,"column":null}},"6":{"start":{"line":46,"column":8},"end":{"line":46,"column":null}},"7":{"start":{"line":46,"column":40},"end":{"line":46,"column":93}},"8":{"start":{"line":57,"column":31},"end":{"line":57,"column":null}},"9":{"start":{"line":58,"column":25},"end":{"line":62,"column":null}},"10":{"start":{"line":63,"column":8},"end":{"line":63,"column":null}},"11":{"start":{"line":74,"column":31},"end":{"line":74,"column":null}},"12":{"start":{"line":75,"column":48},"end":{"line":75,"column":null}},"13":{"start":{"line":77,"column":8},"end":{"line":79,"column":null}},"14":{"start":{"line":78,"column":12},"end":{"line":78,"column":null}},"15":{"start":{"line":80,"column":8},"end":{"line":82,"column":null}},"16":{"start":{"line":81,"column":12},"end":{"line":81,"column":null}},"17":{"start":{"line":84,"column":25},"end":{"line":88,"column":null}},"18":{"start":{"line":89,"column":8},"end":{"line":89,"column":null}},"19":{"start":{"line":103,"column":31},"end":{"line":103,"column":null}},"20":{"start":{"line":104,"column":48},"end":{"line":107,"column":null}},"21":{"start":{"line":110,"column":8},"end":{"line":112,"column":null}},"22":{"start":{"line":111,"column":12},"end":{"line":111,"column":null}},"23":{"start":{"line":115,"column":8},"end":{"line":117,"column":null}},"24":{"start":{"line":116,"column":12},"end":{"line":116,"column":null}},"25":{"start":{"line":118,"column":8},"end":{"line":120,"column":null}},"26":{"start":{"line":119,"column":12},"end":{"line":119,"column":null}},"27":{"start":{"line":121,"column":8},"end":{"line":123,"column":null}},"28":{"start":{"line":122,"column":12},"end":{"line":122,"column":null}},"29":{"start":{"line":126,"column":8},"end":{"line":128,"column":null}},"30":{"start":{"line":127,"column":12},"end":{"line":127,"column":null}},"31":{"start":{"line":130,"column":25},"end":{"line":134,"column":null}},"32":{"start":{"line":136,"column":23},"end":{"line":136,"column":null}},"33":{"start":{"line":137,"column":8},"end":{"line":137,"column":null}},"34":{"start":{"line":148,"column":31},"end":{"line":148,"column":null}},"35":{"start":{"line":149,"column":25},"end":{"line":153,"column":null}},"36":{"start":{"line":154,"column":8},"end":{"line":154,"column":null}},"37":{"start":{"line":174,"column":31},"end":{"line":174,"column":null}},"38":{"start":{"line":175,"column":58},"end":{"line":184,"column":null}},"39":{"start":{"line":186,"column":25},"end":{"line":190,"column":null}},"40":{"start":{"line":191,"column":8},"end":{"line":191,"column":null}},"41":{"start":{"line":209,"column":31},"end":{"line":209,"column":null}},"42":{"start":{"line":210,"column":58},"end":{"line":213,"column":null}},"43":{"start":{"line":215,"column":25},"end":{"line":219,"column":null}},"44":{"start":{"line":220,"column":8},"end":{"line":220,"column":null}},"45":{"start":{"line":232,"column":31},"end":{"line":232,"column":null}},"46":{"start":{"line":235,"column":58},"end":{"line":244,"column":null}},"47":{"start":{"line":246,"column":25},"end":{"line":250,"column":null}},"48":{"start":{"line":251,"column":8},"end":{"line":251,"column":null}},"49":{"start":{"line":259,"column":31},"end":{"line":259,"column":null}},"50":{"start":{"line":260,"column":21},"end":{"line":260,"column":null}},"51":{"start":{"line":261,"column":25},"end":{"line":261,"column":null}},"52":{"start":{"line":262,"column":8},"end":{"line":262,"column":null}},"53":{"start":{"line":276,"column":31},"end":{"line":276,"column":null}},"54":{"start":{"line":277,"column":21},"end":{"line":277,"column":null}},"55":{"start":{"line":278,"column":48},"end":{"line":278,"column":null}},"56":{"start":{"line":279,"column":8},"end":{"line":279,"column":null}},"57":{"start":{"line":279,"column":49},"end":{"line":279,"column":null}},"58":{"start":{"line":280,"column":8},"end":{"line":280,"column":null}},"59":{"start":{"line":280,"column":46},"end":{"line":280,"column":null}},"60":{"start":{"line":281,"column":8},"end":{"line":281,"column":null}},"61":{"start":{"line":281,"column":44},"end":{"line":281,"column":null}},"62":{"start":{"line":282,"column":8},"end":{"line":282,"column":null}},"63":{"start":{"line":282,"column":42},"end":{"line":282,"column":null}},"64":{"start":{"line":283,"column":8},"end":{"line":283,"column":null}},"65":{"start":{"line":283,"column":46},"end":{"line":283,"column":null}},"66":{"start":{"line":284,"column":25},"end":{"line":284,"column":null}},"67":{"start":{"line":285,"column":8},"end":{"line":285,"column":null}},"68":{"start":{"line":300,"column":31},"end":{"line":300,"column":null}},"69":{"start":{"line":301,"column":21},"end":{"line":301,"column":null}},"70":{"start":{"line":302,"column":48},"end":{"line":302,"column":null}},"71":{"start":{"line":303,"column":8},"end":{"line":303,"column":null}},"72":{"start":{"line":303,"column":37},"end":{"line":303,"column":null}},"73":{"start":{"line":304,"column":25},"end":{"line":304,"column":null}},"74":{"start":{"line":305,"column":8},"end":{"line":305,"column":null}},"75":{"start":{"line":313,"column":31},"end":{"line":313,"column":null}},"76":{"start":{"line":314,"column":21},"end":{"line":314,"column":null}},"77":{"start":{"line":315,"column":25},"end":{"line":315,"column":null}},"78":{"start":{"line":316,"column":8},"end":{"line":316,"column":null}},"79":{"start":{"line":324,"column":31},"end":{"line":324,"column":null}},"80":{"start":{"line":325,"column":21},"end":{"line":325,"column":null}},"81":{"start":{"line":326,"column":25},"end":{"line":326,"column":null}},"82":{"start":{"line":327,"column":8},"end":{"line":327,"column":null}}},"fnMap":{"0":{"name":"(anonymous_0)","decl":{"start":{"line":23,"column":4},"end":{"line":23,"column":null}},"loc":{"start":{"line":27,"column":6},"end":{"line":27,"column":null}},"line":27},"1":{"name":"(anonymous_1)","decl":{"start":{"line":32,"column":17},"end":{"line":32,"column":29}},"loc":{"start":{"line":32,"column":105},"end":{"line":39,"column":null}},"line":32},"2":{"name":"(anonymous_2)","decl":{"start":{"line":44,"column":17},"end":{"line":44,"column":27}},"loc":{"start":{"line":44,"column":133},"end":{"line":47,"column":null}},"line":44},"3":{"name":"(anonymous_3)","decl":{"start":{"line":46,"column":28},"end":{"line":46,"column":29}},"loc":{"start":{"line":46,"column":40},"end":{"line":46,"column":93}},"line":46},"4":{"name":"(anonymous_4)","decl":{"start":{"line":56,"column":17},"end":{"line":56,"column":39}},"loc":{"start":{"line":56,"column":116},"end":{"line":64,"column":null}},"line":56},"5":{"name":"(anonymous_5)","decl":{"start":{"line":73,"column":17},"end":{"line":73,"column":37}},"loc":{"start":{"line":73,"column":135},"end":{"line":90,"column":null}},"line":73},"6":{"name":"(anonymous_6)","decl":{"start":{"line":99,"column":17},"end":{"line":99,"column":null}},"loc":{"start":{"line":102,"column":39},"end":{"line":138,"column":null}},"line":102},"7":{"name":"(anonymous_7)","decl":{"start":{"line":147,"column":17},"end":{"line":147,"column":38}},"loc":{"start":{"line":147,"column":115},"end":{"line":155,"column":null}},"line":147},"8":{"name":"(anonymous_8)","decl":{"start":{"line":167,"column":17},"end":{"line":167,"column":null}},"loc":{"start":{"line":173,"column":39},"end":{"line":192,"column":null}},"line":173},"9":{"name":"(anonymous_9)","decl":{"start":{"line":203,"column":17},"end":{"line":203,"column":null}},"loc":{"start":{"line":208,"column":39},"end":{"line":221,"column":null}},"line":208},"10":{"name":"(anonymous_10)","decl":{"start":{"line":231,"column":17},"end":{"line":231,"column":40}},"loc":{"start":{"line":231,"column":140},"end":{"line":252,"column":null}},"line":231},"11":{"name":"(anonymous_11)","decl":{"start":{"line":258,"column":17},"end":{"line":258,"column":33}},"loc":{"start":{"line":258,"column":118},"end":{"line":263,"column":null}},"line":258},"12":{"name":"(anonymous_12)","decl":{"start":{"line":269,"column":17},"end":{"line":269,"column":null}},"loc":{"start":{"line":275,"column":24},"end":{"line":286,"column":null}},"line":275},"13":{"name":"(anonymous_13)","decl":{"start":{"line":292,"column":17},"end":{"line":292,"column":null}},"loc":{"start":{"line":299,"column":24},"end":{"line":306,"column":null}},"line":299},"14":{"name":"(anonymous_14)","decl":{"start":{"line":312,"column":17},"end":{"line":312,"column":40}},"loc":{"start":{"line":312,"column":106},"end":{"line":317,"column":null}},"line":312},"15":{"name":"(anonymous_15)","decl":{"start":{"line":323,"column":17},"end":{"line":323,"column":34}},"loc":{"start":{"line":323,"column":128},"end":{"line":328,"column":null}},"line":323}},"branchMap":{"0":{"loc":{"start":{"line":46,"column":40},"end":{"line":46,"column":93}},"type":"binary-expr","locations":[{"start":{"line":46,"column":40},"end":{"line":46,"column":69}},{"start":{"line":46,"column":69},"end":{"line":46,"column":93}}],"line":46},"1":{"loc":{"start":{"line":63,"column":15},"end":{"line":63,"column":null}},"type":"binary-expr","locations":[{"start":{"line":63,"column":15},"end":{"line":63,"column":34}},{"start":{"line":63,"column":34},"end":{"line":63,"column":null}}],"line":63},"2":{"loc":{"start":{"line":73,"column":37},"end":{"line":73,"column":77}},"type":"default-arg","locations":[{"start":{"line":73,"column":73},"end":{"line":73,"column":77}}],"line":73},"3":{"loc":{"start":{"line":77,"column":8},"end":{"line":79,"column":null}},"type":"if","locations":[{"start":{"line":77,"column":8},"end":{"line":79,"column":null}},{"start":{},"end":{}}],"line":77},"4":{"loc":{"start":{"line":80,"column":8},"end":{"line":82,"column":null}},"type":"if","locations":[{"start":{"line":80,"column":8},"end":{"line":82,"column":null}},{"start":{},"end":{}}],"line":80},"5":{"loc":{"start":{"line":89,"column":15},"end":{"line":89,"column":null}},"type":"binary-expr","locations":[{"start":{"line":89,"column":15},"end":{"line":89,"column":34}},{"start":{"line":89,"column":34},"end":{"line":89,"column":null}}],"line":89},"6":{"loc":{"start":{"line":110,"column":8},"end":{"line":112,"column":null}},"type":"if","locations":[{"start":{"line":110,"column":8},"end":{"line":112,"column":null}},{"start":{},"end":{}}],"line":110},"7":{"loc":{"start":{"line":115,"column":8},"end":{"line":117,"column":null}},"type":"if","locations":[{"start":{"line":115,"column":8},"end":{"line":117,"column":null}},{"start":{},"end":{}}],"line":115},"8":{"loc":{"start":{"line":118,"column":8},"end":{"line":120,"column":null}},"type":"if","locations":[{"start":{"line":118,"column":8},"end":{"line":120,"column":null}},{"start":{},"end":{}}],"line":118},"9":{"loc":{"start":{"line":121,"column":8},"end":{"line":123,"column":null}},"type":"if","locations":[{"start":{"line":121,"column":8},"end":{"line":123,"column":null}},{"start":{},"end":{}}],"line":121},"10":{"loc":{"start":{"line":126,"column":8},"end":{"line":128,"column":null}},"type":"if","locations":[{"start":{"line":126,"column":8},"end":{"line":128,"column":null}},{"start":{},"end":{}}],"line":126},"11":{"loc":{"start":{"line":137,"column":15},"end":{"line":137,"column":null}},"type":"binary-expr","locations":[{"start":{"line":137,"column":15},"end":{"line":137,"column":30}},{"start":{"line":137,"column":30},"end":{"line":137,"column":null}}],"line":137},"12":{"loc":{"start":{"line":154,"column":15},"end":{"line":154,"column":null}},"type":"binary-expr","locations":[{"start":{"line":154,"column":15},"end":{"line":154,"column":55}},{"start":{"line":154,"column":55},"end":{"line":154,"column":null}}],"line":154},"13":{"loc":{"start":{"line":279,"column":8},"end":{"line":279,"column":null}},"type":"if","locations":[{"start":{"line":279,"column":8},"end":{"line":279,"column":null}},{"start":{},"end":{}}],"line":279},"14":{"loc":{"start":{"line":280,"column":8},"end":{"line":280,"column":null}},"type":"if","locations":[{"start":{"line":280,"column":8},"end":{"line":280,"column":null}},{"start":{},"end":{}}],"line":280},"15":{"loc":{"start":{"line":281,"column":8},"end":{"line":281,"column":null}},"type":"if","locations":[{"start":{"line":281,"column":8},"end":{"line":281,"column":null}},{"start":{},"end":{}}],"line":281},"16":{"loc":{"start":{"line":282,"column":8},"end":{"line":282,"column":null}},"type":"if","locations":[{"start":{"line":282,"column":8},"end":{"line":282,"column":null}},{"start":{},"end":{}}],"line":282},"17":{"loc":{"start":{"line":283,"column":8},"end":{"line":283,"column":null}},"type":"if","locations":[{"start":{"line":283,"column":8},"end":{"line":283,"column":null}},{"start":{},"end":{}}],"line":283},"18":{"loc":{"start":{"line":303,"column":8},"end":{"line":303,"column":null}},"type":"if","locations":[{"start":{"line":303,"column":8},"end":{"line":303,"column":null}},{"start":{},"end":{}}],"line":303}},"s":{"0":33,"1":33,"2":33,"3":5,"4":5,"5":3,"6":3,"7":3,"8":3,"9":3,"10":3,"11":3,"12":3,"13":3,"14":1,"15":3,"16":1,"17":3,"18":3,"19":3,"20":3,"21":3,"22":1,"23":3,"24":1,"25":3,"26":1,"27":3,"28":1,"29":3,"30":1,"31":3,"32":3,"33":3,"34":4,"35":4,"36":4,"37":3,"38":3,"39":3,"40":3,"41":3,"42":3,"43":3,"44":3,"45":3,"46":3,"47":3,"48":3,"49":1,"50":1,"51":1,"52":1,"53":2,"54":2,"55":2,"56":2,"57":0,"58":2,"59":0,"60":2,"61":0,"62":2,"63":1,"64":2,"65":1,"66":2,"67":2,"68":1,"69":1,"70":1,"71":1,"72":0,"73":1,"74":1,"75":1,"76":1,"77":1,"78":1,"79":1,"80":1,"81":1,"82":1},"f":{"0":33,"1":5,"2":3,"3":3,"4":3,"5":3,"6":3,"7":4,"8":3,"9":3,"10":3,"11":1,"12":2,"13":1,"14":1,"15":1},"b":{"0":[3,2],"1":[3,1],"2":[3],"3":[1,2],"4":[1,2],"5":[3,1],"6":[1,2],"7":[1,2],"8":[1,2],"9":[1,2],"10":[1,2],"11":[3,1],"12":[4,1],"13":[0,2],"14":[0,2],"15":[0,2],"16":[1,1],"17":[1,1],"18":[0,1]},"meta":{"lastBranch":19,"lastFunction":16,"lastStatement":83,"seen":{"f:23:4:23:Infinity":0,"s:24:25:24:Infinity":0,"s:25:25:25:Infinity":1,"s:26:25:26:Infinity":2,"f:32:17:32:29":1,"s:33:31:33:Infinity":3,"s:34:8:38:Infinity":4,"f:44:17:44:27":2,"s:45:24:45:Infinity":5,"s:46:8:46:Infinity":6,"f:46:28:46:29":3,"s:46:40:46:93":7,"b:46:40:46:69:46:69:46:93":0,"f:56:17:56:39":4,"s:57:31:57:Infinity":8,"s:58:25:62:Infinity":9,"s:63:8:63:Infinity":10,"b:63:15:63:34:63:34:63:Infinity":1,"f:73:17:73:37":5,"b:73:73:73:77":2,"s:74:31:74:Infinity":11,"s:75:48:75:Infinity":12,"b:77:8:79:Infinity:undefined:undefined:undefined:undefined":3,"s:77:8:79:Infinity":13,"s:78:12:78:Infinity":14,"b:80:8:82:Infinity:undefined:undefined:undefined:undefined":4,"s:80:8:82:Infinity":15,"s:81:12:81:Infinity":16,"s:84:25:88:Infinity":17,"s:89:8:89:Infinity":18,"b:89:15:89:34:89:34:89:Infinity":5,"f:99:17:99:Infinity":6,"s:103:31:103:Infinity":19,"s:104:48:107:Infinity":20,"b:110:8:112:Infinity:undefined:undefined:undefined:undefined":6,"s:110:8:112:Infinity":21,"s:111:12:111:Infinity":22,"b:115:8:117:Infinity:undefined:undefined:undefined:undefined":7,"s:115:8:117:Infinity":23,"s:116:12:116:Infinity":24,"b:118:8:120:Infinity:undefined:undefined:undefined:undefined":8,"s:118:8:120:Infinity":25,"s:119:12:119:Infinity":26,"b:121:8:123:Infinity:undefined:undefined:undefined:undefined":9,"s:121:8:123:Infinity":27,"s:122:12:122:Infinity":28,"b:126:8:128:Infinity:undefined:undefined:undefined:undefined":10,"s:126:8:128:Infinity":29,"s:127:12:127:Infinity":30,"s:130:25:134:Infinity":31,"s:136:23:136:Infinity":32,"s:137:8:137:Infinity":33,"b:137:15:137:30:137:30:137:Infinity":11,"f:147:17:147:38":7,"s:148:31:148:Infinity":34,"s:149:25:153:Infinity":35,"s:154:8:154:Infinity":36,"b:154:15:154:55:154:55:154:Infinity":12,"f:167:17:167:Infinity":8,"s:174:31:174:Infinity":37,"s:175:58:184:Infinity":38,"s:186:25:190:Infinity":39,"s:191:8:191:Infinity":40,"f:203:17:203:Infinity":9,"s:209:31:209:Infinity":41,"s:210:58:213:Infinity":42,"s:215:25:219:Infinity":43,"s:220:8:220:Infinity":44,"f:231:17:231:40":10,"s:232:31:232:Infinity":45,"s:235:58:244:Infinity":46,"s:246:25:250:Infinity":47,"s:251:8:251:Infinity":48,"f:258:17:258:33":11,"s:259:31:259:Infinity":49,"s:260:21:260:Infinity":50,"s:261:25:261:Infinity":51,"s:262:8:262:Infinity":52,"f:269:17:269:Infinity":12,"s:276:31:276:Infinity":53,"s:277:21:277:Infinity":54,"s:278:48:278:Infinity":55,"b:279:8:279:Infinity:undefined:undefined:undefined:undefined":13,"s:279:8:279:Infinity":56,"s:279:49:279:Infinity":57,"b:280:8:280:Infinity:undefined:undefined:undefined:undefined":14,"s:280:8:280:Infinity":58,"s:280:46:280:Infinity":59,"b:281:8:281:Infinity:undefined:undefined:undefined:undefined":15,"s:281:8:281:Infinity":60,"s:281:44:281:Infinity":61,"b:282:8:282:Infinity:undefined:undefined:undefined:undefined":16,"s:282:8:282:Infinity":62,"s:282:42:282:Infinity":63,"b:283:8:283:Infinity:undefined:undefined:undefined:undefined":17,"s:283:8:283:Infinity":64,"s:283:46:283:Infinity":65,"s:284:25:284:Infinity":66,"s:285:8:285:Infinity":67,"f:292:17:292:Infinity":13,"s:300:31:300:Infinity":68,"s:301:21:301:Infinity":69,"s:302:48:302:Infinity":70,"b:303:8:303:Infinity:undefined:undefined:undefined:undefined":18,"s:303:8:303:Infinity":71,"s:303:37:303:Infinity":72,"s:304:25:304:Infinity":73,"s:305:8:305:Infinity":74,"f:312:17:312:40":14,"s:313:31:313:Infinity":75,"s:314:21:314:Infinity":76,"s:315:25:315:Infinity":77,"s:316:8:316:Infinity":78,"f:323:17:323:34":15,"s:324:31:324:Infinity":79,"s:325:21:325:Infinity":80,"s:326:25:326:Infinity":81,"s:327:8:327:Infinity":82}}}
,"C:\\Users\\IPF-2026\\Downloads\\Omada MCP\\src\\omadaClient\\controller.ts": {"path":"C:\\Users\\IPF-2026\\Downloads\\Omada MCP\\src\\omadaClient\\controller.ts","statementMap":{"0":{"start":{"line":11,"column":25},"end":{"line":11,"column":null}},"1":{"start":{"line":12,"column":25},"end":{"line":12,"column":null}},"2":{"start":{"line":20,"column":21},"end":{"line":20,"column":null}},"3":{"start":{"line":21,"column":25},"end":{"line":21,"column":null}},"4":{"start":{"line":22,"column":8},"end":{"line":22,"column":null}},"5":{"start":{"line":30,"column":21},"end":{"line":30,"column":null}},"6":{"start":{"line":31,"column":25},"end":{"line":31,"column":null}},"7":{"start":{"line":32,"column":8},"end":{"line":32,"column":null}},"8":{"start":{"line":40,"column":21},"end":{"line":40,"column":null}},"9":{"start":{"line":41,"column":25},"end":{"line":41,"column":null}},"10":{"start":{"line":42,"column":8},"end":{"line":42,"column":null}},"11":{"start":{"line":50,"column":21},"end":{"line":50,"column":null}},"12":{"start":{"line":51,"column":25},"end":{"line":51,"column":null}},"13":{"start":{"line":52,"column":8},"end":{"line":52,"column":null}},"14":{"start":{"line":60,"column":21},"end":{"line":60,"column":null}},"15":{"start":{"line":61,"column":25},"end":{"line":61,"column":null}},"16":{"start":{"line":62,"column":8},"end":{"line":62,"column":null}},"17":{"start":{"line":70,"column":21},"end":{"line":70,"column":null}},"18":{"start":{"line":71,"column":25},"end":{"line":71,"column":null}},"19":{"start":{"line":72,"column":8},"end":{"line":72,"column":null}},"20":{"start":{"line":80,"column":21},"end":{"line":80,"column":null}},"21":{"start":{"line":81,"column":25},"end":{"line":81,"column":null}},"22":{"start":{"line":82,"column":8},"end":{"line":82,"column":null}}},"fnMap":{"0":{"name":"(anonymous_0)","decl":{"start":{"line":10,"column":4},"end":{"line":10,"column":null}},"loc":{"start":{"line":13,"column":6},"end":{"line":13,"column":null}},"line":13},"1":{"name":"(anonymous_1)","decl":{"start":{"line":19,"column":17},"end":{"line":19,"column":34}},"loc":{"start":{"line":19,"column":83},"end":{"line":23,"column":null}},"line":19},"2":{"name":"(anonymous_2)","decl":{"start":{"line":29,"column":17},"end":{"line":29,"column":35}},"loc":{"start":{"line":29,"column":84},"end":{"line":33,"column":null}},"line":29},"3":{"name":"(anonymous_3)","decl":{"start":{"line":39,"column":17},"end":{"line":39,"column":31}},"loc":{"start":{"line":39,"column":80},"end":{"line":43,"column":null}},"line":39},"4":{"name":"(anonymous_4)","decl":{"start":{"line":49,"column":17},"end":{"line":49,"column":32}},"loc":{"start":{"line":49,"column":81},"end":{"line":53,"column":null}},"line":49},"5":{"name":"(anonymous_5)","decl":{"start":{"line":59,"column":17},"end":{"line":59,"column":42}},"loc":{"start":{"line":59,"column":91},"end":{"line":63,"column":null}},"line":59},"6":{"name":"(anonymous_6)","decl":{"start":{"line":69,"column":17},"end":{"line":69,"column":44}},"loc":{"start":{"line":69,"column":93},"end":{"line":73,"column":null}},"line":69},"7":{"name":"(anonymous_7)","decl":{"start":{"line":79,"column":17},"end":{"line":79,"column":44}},"loc":{"start":{"line":79,"column":93},"end":{"line":83,"column":null}},"line":79}},"branchMap":{},"s":{"0":16,"1":16,"2":3,"3":3,"4":3,"5":2,"6":2,"7":2,"8":2,"9":2,"10":2,"11":2,"12":2,"13":2,"14":2,"15":2,"16":2,"17":2,"18":2,"19":2,"20":2,"21":2,"22":2},"f":{"0":16,"1":3,"2":2,"3":2,"4":2,"5":2,"6":2,"7":2},"b":{},"meta":{"lastBranch":0,"lastFunction":8,"lastStatement":23,"seen":{"f:10:4:10:Infinity":0,"s:11:25:11:Infinity":0,"s:12:25:12:Infinity":1,"f:19:17:19:34":1,"s:20:21:20:Infinity":2,"s:21:25:21:Infinity":3,"s:22:8:22:Infinity":4,"f:29:17:29:35":2,"s:30:21:30:Infinity":5,"s:31:25:31:Infinity":6,"s:32:8:32:Infinity":7,"f:39:17:39:31":3,"s:40:21:40:Infinity":8,"s:41:25:41:Infinity":9,"s:42:8:42:Infinity":10,"f:49:17:49:32":4,"s:50:21:50:Infinity":11,"s:51:25:51:Infinity":12,"s:52:8:52:Infinity":13,"f:59:17:59:42":5,"s:60:21:60:Infinity":14,"s:61:25:61:Infinity":15,"s:62:8:62:Infinity":16,"f:69:17:69:44":6,"s:70:21:70:Infinity":17,"s:71:25:71:Infinity":18,"s:72:8:72:Infinity":19,"f:79:17:79:44":7,"s:80:21:80:Infinity":20,"s:81:25:81:Infinity":21,"s:82:8:82:Infinity":22}}}
,"C:\\Users\\IPF-2026\\Downloads\\Omada MCP\\src\\omadaClient\\device.ts": {"path":"C:\\Users\\IPF-2026\\Downloads\\Omada MCP\\src\\omadaClient\\device.ts","statementMap":{"0":{"start":{"line":11,"column":25},"end":{"line":11,"column":null}},"1":{"start":{"line":12,"column":25},"end":{"line":12,"column":null}},"2":{"start":{"line":13,"column":25},"end":{"line":13,"column":null}},"3":{"start":{"line":20,"column":31},"end":{"line":20,"column":null}},"4":{"start":{"line":21,"column":8},"end":{"line":25,"column":null}},"5":{"start":{"line":32,"column":24},"end":{"line":32,"column":null}},"6":{"start":{"line":33,"column":8},"end":{"line":33,"column":null}},"7":{"start":{"line":33,"column":40},"end":{"line":33,"column":99}},"8":{"start":{"line":40,"column":8},"end":{"line":42,"column":null}},"9":{"start":{"line":41,"column":12},"end":{"line":41,"column":null}},"10":{"start":{"line":44,"column":31},"end":{"line":44,"column":null}},"11":{"start":{"line":45,"column":21},"end":{"line":45,"column":null}},"12":{"start":{"line":47,"column":25},"end":{"line":47,"column":null}},"13":{"start":{"line":48,"column":8},"end":{"line":48,"column":null}},"14":{"start":{"line":55,"column":8},"end":{"line":57,"column":null}},"15":{"start":{"line":56,"column":12},"end":{"line":56,"column":null}},"16":{"start":{"line":59,"column":21},"end":{"line":59,"column":null}},"17":{"start":{"line":60,"column":25},"end":{"line":60,"column":null}},"18":{"start":{"line":61,"column":8},"end":{"line":61,"column":null}},"19":{"start":{"line":68,"column":28},"end":{"line":68,"column":null}},"20":{"start":{"line":69,"column":8},"end":{"line":69,"column":null}},"21":{"start":{"line":70,"column":8},"end":{"line":70,"column":null}},"22":{"start":{"line":72,"column":8},"end":{"line":74,"column":null}},"23":{"start":{"line":73,"column":12},"end":{"line":73,"column":null}},"24":{"start":{"line":75,"column":8},"end":{"line":77,"column":null}},"25":{"start":{"line":76,"column":12},"end":{"line":76,"column":null}},"26":{"start":{"line":78,"column":8},"end":{"line":80,"column":null}},"27":{"start":{"line":79,"column":12},"end":{"line":79,"column":null}},"28":{"start":{"line":81,"column":8},"end":{"line":83,"column":null}},"29":{"start":{"line":82,"column":12},"end":{"line":82,"column":null}},"30":{"start":{"line":84,"column":8},"end":{"line":86,"column":null}},"31":{"start":{"line":85,"column":12},"end":{"line":85,"column":null}},"32":{"start":{"line":87,"column":8},"end":{"line":89,"column":null}},"33":{"start":{"line":88,"column":12},"end":{"line":88,"column":null}},"34":{"start":{"line":91,"column":21},"end":{"line":91,"column":null}},"35":{"start":{"line":92,"column":25},"end":{"line":92,"column":null}},"36":{"start":{"line":93,"column":8},"end":{"line":93,"column":null}},"37":{"start":{"line":101,"column":8},"end":{"line":103,"column":null}},"38":{"start":{"line":102,"column":12},"end":{"line":102,"column":null}},"39":{"start":{"line":104,"column":31},"end":{"line":104,"column":null}},"40":{"start":{"line":105,"column":21},"end":{"line":105,"column":null}},"41":{"start":{"line":106,"column":25},"end":{"line":106,"column":null}},"42":{"start":{"line":107,"column":8},"end":{"line":107,"column":null}},"43":{"start":{"line":115,"column":8},"end":{"line":117,"column":null}},"44":{"start":{"line":116,"column":12},"end":{"line":116,"column":null}},"45":{"start":{"line":118,"column":31},"end":{"line":118,"column":null}},"46":{"start":{"line":119,"column":21},"end":{"line":119,"column":null}},"47":{"start":{"line":120,"column":25},"end":{"line":120,"column":null}},"48":{"start":{"line":121,"column":8},"end":{"line":121,"column":null}},"49":{"start":{"line":129,"column":8},"end":{"line":131,"column":null}},"50":{"start":{"line":130,"column":12},"end":{"line":130,"column":null}},"51":{"start":{"line":132,"column":31},"end":{"line":132,"column":null}},"52":{"start":{"line":133,"column":21},"end":{"line":133,"column":null}},"53":{"start":{"line":134,"column":25},"end":{"line":134,"column":null}},"54":{"start":{"line":135,"column":8},"end":{"line":135,"column":null}},"55":{"start":{"line":143,"column":8},"end":{"line":145,"column":null}},"56":{"start":{"line":144,"column":12},"end":{"line":144,"column":null}},"57":{"start":{"line":146,"column":31},"end":{"line":146,"column":null}},"58":{"start":{"line":147,"column":21},"end":{"line":147,"column":null}},"59":{"start":{"line":148,"column":25},"end":{"line":148,"column":null}},"60":{"start":{"line":149,"column":8},"end":{"line":149,"column":null}},"61":{"start":{"line":157,"column":8},"end":{"line":159,"column":null}},"62":{"start":{"line":158,"column":12},"end":{"line":158,"column":null}},"63":{"start":{"line":160,"column":31},"end":{"line":160,"column":null}},"64":{"start":{"line":161,"column":21},"end":{"line":161,"column":null}},"65":{"start":{"line":162,"column":25},"end":{"line":162,"column":null}},"66":{"start":{"line":163,"column":23},"end":{"line":163,"column":null}},"67":{"start":{"line":164,"column":8},"end":{"line":164,"column":null}},"68":{"start":{"line":172,"column":8},"end":{"line":174,"column":null}},"69":{"start":{"line":173,"column":12},"end":{"line":173,"column":null}},"70":{"start":{"line":175,"column":31},"end":{"line":175,"column":null}},"71":{"start":{"line":176,"column":21},"end":{"line":176,"column":null}},"72":{"start":{"line":177,"column":25},"end":{"line":177,"column":null}},"73":{"start":{"line":178,"column":8},"end":{"line":178,"column":null}},"74":{"start":{"line":186,"column":8},"end":{"line":188,"column":null}},"75":{"start":{"line":187,"column":12},"end":{"line":187,"column":null}},"76":{"start":{"line":189,"column":31},"end":{"line":189,"column":null}},"77":{"start":{"line":190,"column":21},"end":{"line":190,"column":null}},"78":{"start":{"line":191,"column":25},"end":{"line":191,"column":null}},"79":{"start":{"line":192,"column":23},"end":{"line":192,"column":null}},"80":{"start":{"line":193,"column":8},"end":{"line":193,"column":null}},"81":{"start":{"line":201,"column":8},"end":{"line":203,"column":null}},"82":{"start":{"line":202,"column":12},"end":{"line":202,"column":null}},"83":{"start":{"line":204,"column":31},"end":{"line":204,"column":null}},"84":{"start":{"line":205,"column":21},"end":{"line":205,"column":null}},"85":{"start":{"line":206,"column":8},"end":{"line":206,"column":null}},"86":{"start":{"line":214,"column":31},"end":{"line":214,"column":null}},"87":{"start":{"line":215,"column":21},"end":{"line":215,"column":null}},"88":{"start":{"line":216,"column":8},"end":{"line":216,"column":null}},"89":{"start":{"line":228,"column":31},"end":{"line":228,"column":null}},"90":{"start":{"line":229,"column":21},"end":{"line":229,"column":null}},"91":{"start":{"line":230,"column":25},"end":{"line":230,"column":null}},"92":{"start":{"line":231,"column":8},"end":{"line":231,"column":null}},"93":{"start":{"line":239,"column":8},"end":{"line":239,"column":null}},"94":{"start":{"line":239,"column":24},"end":{"line":239,"column":null}},"95":{"start":{"line":240,"column":31},"end":{"line":240,"column":null}},"96":{"start":{"line":241,"column":21},"end":{"line":241,"column":null}},"97":{"start":{"line":242,"column":25},"end":{"line":242,"column":null}},"98":{"start":{"line":243,"column":8},"end":{"line":243,"column":null}},"99":{"start":{"line":251,"column":21},"end":{"line":251,"column":null}},"100":{"start":{"line":252,"column":25},"end":{"line":252,"column":null}},"101":{"start":{"line":253,"column":8},"end":{"line":253,"column":null}},"102":{"start":{"line":267,"column":8},"end":{"line":267,"column":null}},"103":{"start":{"line":267,"column":24},"end":{"line":267,"column":null}},"104":{"start":{"line":268,"column":31},"end":{"line":268,"column":null}},"105":{"start":{"line":269,"column":21},"end":{"line":269,"column":null}},"106":{"start":{"line":270,"column":25},"end":{"line":270,"column":null}},"107":{"start":{"line":271,"column":8},"end":{"line":271,"column":null}},"108":{"start":{"line":279,"column":8},"end":{"line":279,"column":null}},"109":{"start":{"line":279,"column":24},"end":{"line":279,"column":null}},"110":{"start":{"line":280,"column":31},"end":{"line":280,"column":null}},"111":{"start":{"line":281,"column":21},"end":{"line":281,"column":null}},"112":{"start":{"line":282,"column":25},"end":{"line":282,"column":null}},"113":{"start":{"line":283,"column":8},"end":{"line":283,"column":null}},"114":{"start":{"line":291,"column":8},"end":{"line":291,"column":null}},"115":{"start":{"line":291,"column":24},"end":{"line":291,"column":null}},"116":{"start":{"line":292,"column":31},"end":{"line":292,"column":null}},"117":{"start":{"line":293,"column":21},"end":{"line":293,"column":null}},"118":{"start":{"line":294,"column":25},"end":{"line":294,"column":null}},"119":{"start":{"line":295,"column":8},"end":{"line":295,"column":null}},"120":{"start":{"line":303,"column":8},"end":{"line":303,"column":null}},"121":{"start":{"line":303,"column":24},"end":{"line":303,"column":null}},"122":{"start":{"line":304,"column":31},"end":{"line":304,"column":null}},"123":{"start":{"line":305,"column":21},"end":{"line":305,"column":null}},"124":{"start":{"line":306,"column":25},"end":{"line":306,"column":null}},"125":{"start":{"line":307,"column":8},"end":{"line":307,"column":null}},"126":{"start":{"line":315,"column":8},"end":{"line":315,"column":null}},"127":{"start":{"line":315,"column":22},"end":{"line":315,"column":null}},"128":{"start":{"line":316,"column":31},"end":{"line":316,"column":null}},"129":{"start":{"line":317,"column":21},"end":{"line":317,"column":null}},"130":{"start":{"line":318,"column":25},"end":{"line":318,"column":null}},"131":{"start":{"line":319,"column":8},"end":{"line":319,"column":null}},"132":{"start":{"line":333,"column":8},"end":{"line":333,"column":null}},"133":{"start":{"line":333,"column":22},"end":{"line":333,"column":null}},"134":{"start":{"line":334,"column":31},"end":{"line":334,"column":null}},"135":{"start":{"line":335,"column":21},"end":{"line":335,"column":null}},"136":{"start":{"line":336,"column":25},"end":{"line":336,"column":null}},"137":{"start":{"line":337,"column":8},"end":{"line":337,"column":null}},"138":{"start":{"line":345,"column":8},"end":{"line":345,"column":null}},"139":{"start":{"line":345,"column":20},"end":{"line":345,"column":null}},"140":{"start":{"line":346,"column":31},"end":{"line":346,"column":null}},"141":{"start":{"line":347,"column":21},"end":{"line":347,"column":null}},"142":{"start":{"line":348,"column":25},"end":{"line":348,"column":null}},"143":{"start":{"line":349,"column":8},"end":{"line":349,"column":null}},"144":{"start":{"line":357,"column":8},"end":{"line":357,"column":null}},"145":{"start":{"line":357,"column":20},"end":{"line":357,"column":null}},"146":{"start":{"line":358,"column":31},"end":{"line":358,"column":null}},"147":{"start":{"line":359,"column":21},"end":{"line":359,"column":null}},"148":{"start":{"line":360,"column":25},"end":{"line":360,"column":null}},"149":{"start":{"line":361,"column":8},"end":{"line":361,"column":null}},"150":{"start":{"line":369,"column":8},"end":{"line":369,"column":null}},"151":{"start":{"line":369,"column":20},"end":{"line":369,"column":null}},"152":{"start":{"line":370,"column":31},"end":{"line":370,"column":n
[...]
,"statementMap":{"0":{"start":{"line":14,"column":4},"end":{"line":14,"column":null}},"1":{"start":{"line":23,"column":4},"end":{"line":23,"column":null}},"2":{"start":{"line":32,"column":4},"end":{"line":32,"column":null}},"3":{"start":{"line":42,"column":4},"end":{"line":44,"column":null}},"4":{"start":{"line":43,"column":8},"end":{"line":43,"column":null}},"5":{"start":{"line":47,"column":4},"end":{"line":49,"column":null}},"6":{"start":{"line":48,"column":8},"end":{"line":48,"column":null}},"7":{"start":{"line":52,"column":26},"end":{"line":52,"column":null}},"8":{"start":{"line":53,"column":4},"end":{"line":53,"column":null}},"9":{"start":{"line":63,"column":4},"end":{"line":65,"column":null}},"10":{"start":{"line":64,"column":8},"end":{"line":64,"column":null}},"11":{"start":{"line":66,"column":4},"end":{"line":66,"column":null}},"12":{"start":{"line":75,"column":4},"end":{"line":75,"column":null}},"13":{"start":{"line":83,"column":4},"end":{"line":83,"column":null}},"14":{"start":{"line":92,"column":4},"end":{"line":99,"column":null}},"15":{"start":{"line":93,"column":8},"end":{"line":98,"column":null}},"16":{"start":{"line":94,"column":12},"end":{"line":97,"column":null}},"17":{"start":{"line":100,"column":4},"end":{"line":100,"column":null}},"18":{"start":{"line":109,"column":4},"end":{"line":114,"column":null}},"19":{"start":{"line":110,"column":8},"end":{"line":113,"column":null}},"20":{"start":{"line":115,"column":4},"end":{"line":115,"column":null}},"21":{"start":{"line":125,"column":4},"end":{"line":127,"column":null}},"22":{"start":{"line":126,"column":8},"end":{"line":126,"column":null}},"23":{"start":{"line":129,"column":4},"end":{"line":131,"column":null}},"24":{"start":{"line":130,"column":8},"end":{"line":130,"column":null}},"25":{"start":{"line":133,"column":4},"end":{"line":133,"column":null}},"26":{"start":{"line":142,"column":28},"end":{"line":142,"column":null}},"27":{"start":{"line":143,"column":4},"end":{"line":146,"column":null}},"28":{"start":{"line":144,"column":24},"end":{"line":144,"column":null}},"29":{"start":{"line":145,"column":8},"end":{"line":145,"column":null}},"30":{"start":{"line":148,"column":4},"end":{"line":148,"column":null}}},"fnMap":{"0":{"name":"isValidIpv4Address","decl":{"start":{"line":13,"column":16},"end":{"line":13,"column":35}},"loc":{"start":{"line":13,"column":59},"end":{"line":15,"column":null}},"line":13},"1":{"name":"isValidIpv6Address","decl":{"start":{"line":22,"column":16},"end":{"line":22,"column":35}},"loc":{"start":{"line":22,"column":59},"end":{"line":24,"column":null}},"line":22},"2":{"name":"isValidIpAddress","decl":{"start":{"line":31,"column":16},"end":{"line":31,"column":33}},"loc":{"start":{"line":31,"column":57},"end":{"line":33,"column":null}},"line":31},"3":{"name":"isValidHostname","decl":{"start":{"line":40,"column":16},"end":{"line":40,"column":32}},"loc":{"start":{"line":40,"column":56},"end":{"line":54,"column":null}},"line":40},"4":{"name":"isValidOrigin","decl":{"start":{"line":61,"column":16},"end":{"line":61,"column":30}},"loc":{"start":{"line":61,"column":54},"end":{"line":67,"column":null}},"line":61},"5":{"name":"isValidBindAddress","decl":{"start":{"line":74,"column":16},"end":{"line":74,"column":35}},"loc":{"start":{"line":74,"column":59},"end":{"line":76,"column":null}},"line":74},"6":{"name":"isLoopbackBindAddress","decl":{"start":{"line":82,"column":16},"end":{"line":82,"column":38}},"loc":{"start":{"line":82,"column":62},"end":{"line":84,"column":null}},"line":82},"7":{"name":"validateOrigins","decl":{"start":{"line":91,"column":16},"end":{"line":91,"column":32}},"loc":{"start":{"line":91,"column":89},"end":{"line":101,"column":null}},"line":91},"8":{"name":"validateBindAddress","decl":{"start":{"line":108,"column":16},"end":{"line":108,"column":36}},"loc":{"start":{"line":108,"column":92},"end":{"line":116,"column":null}},"line":108},"9":{"name":"resolvePort","decl":{"start":{"line":124,"column":16},"end":{"line":124,"column":28}},"loc":{"start":{"line":124,"column":81},"end":{"line":134,"column":null}},"line":124},"10":{"name":"normalizePath","decl":{"start":{"line":141,"column":16},"end":{"line":141,"column":30}},"loc":{"start":{"line":141,"column":52},"end":{"line":149,"column":null}},"line":141}},"branchMap":{"0":{"loc":{"start":{"line":32,"column":11},"end":{"line":32,"column":null}},"type":"binary-expr","locations":[{"start":{"line":32,"column":11},"end":{"line":32,"column":40}},{"start":{"line":32,"column":40},"end":{"line":32,"column":null}}],"line":32},"1":{"loc":{"start":{"line":42,"column":4},"end":{"line":44,"column":null}},"type":"if","locations":[{"start":{"line":42,"column":4},"end":{"line":44,"column":null}},{"start":{},"end":{}}],"line":42},"2":{"loc":{"start":{"line":47,"column":4},"end":{"line":49,"column":null}},"type":"if","locations":[{"start":{"line":47,"column":4},"end":{"line":49,"column":null}},{"start":{},"end":{}}],"line":47},"3":{"loc":{"start":{"line":63,"column":4},"end":{"line":65,"column":null}},"type":"if","locations":[{"start":{"line":63,"column":4},"end":{"line":65,"column":null}},{"start":{},"end":{}}],"line":63},"4":{"loc":{"start":{"line":66,"column":11},"end":{"line":66,"column":null}},"type":"binary-expr","locations":[{"start":{"line":66,"column":11},"end":{"line":66,"column":38}},{"start":{"line":66,"column":38},"end":{"line":66,"column":null}}],"line":66},"5":{"loc":{"start":{"line":83,"column":11},"end":{"line":83,"column":null}},"type":"binary-expr","locations":[{"start":{"line":83,"column":11},"end":{"line":83,"column":36}},{"start":{"line":83,"column":36},"end":{"line":83,"column":null}}],"line":83},"6":{"loc":{"start":{"line":93,"column":8},"end":{"line":98,"column":null}},"type":"if","locations":[{"start":{"line":93,"column":8},"end":{"line":98,"column":null}},{"start":{},"end":{}}],"line":93},"7":{"loc":{"start":{"line":109,"column":4},"end":{"line":114,"column":null}},"type":"if","locations":[{"start":{"line":109,"column":4},"end":{"line":114,"column":null}},{"start":{},"end":{}}],"line":109},"8":{"loc":{"start":{"line":125,"column":4},"end":{"line":127,"column":null}},"type":"if","locations":[{"start":{"line":125,"column":4},"end":{"line":127,"column":null}},{"start":{},"end":{}}],"line":125},"9":{"loc":{"start":{"line":129,"column":4},"end":{"line":131,"column":null}},"type":"if","locations":[{"start":{"line":129,"column":4},"end":{"line":131,"column":null}},{"start":{},"end":{}}],"line":129},"10":{"loc":{"start":{"line":129,"column":8},"end":{"line":129,"column":66}},"type":"binary-expr","locations":[{"start":{"line":129,"column":8},"end":{"line":129,"column":36}},{"start":{"line":129,"column":36},"end":{"line":129,"column":50}},{"start":{"line":129,"column":50},"end":{"line":129,"column":66}}],"line":129},"11":{"loc":{"start":{"line":142,"column":28},"end":{"line":142,"column":null}},"type":"cond-expr","locations":[{"start":{"line":142,"column":51},"end":{"line":142,"column":58}},{"start":{"line":142,"column":58},"end":{"line":142,"column":null}}],"line":142},"12":{"loc":{"start":{"line":143,"column":4},"end":{"line":146,"column":null}},"type":"if","locations":[{"start":{"line":143,"column":4},"end":{"line":146,"column":null}},{"start":{},"end":{}}],"line":143},"13":{"loc":{"start":{"line":143,"column":8},"end":{"line":143,"column":69}},"type":"binary-expr","locations":[{"start":{"line":143,"column":8},"end":{"line":143,"column":38}},{"start":{"line":143,"column":38},"end":{"line":143,"column":69}}],"line":143},"14":{"loc":{"start":{"line":145,"column":15},"end":{"line":145,"column":null}},"type":"cond-expr","locations":[{"start":{"line":145,"column":38},"end":{"line":145,"column":44}},{"start":{"line":145,"column":44},"end":{"line":145,"column":null}}],"line":145}},"s":{"0":86,"1":66,"2":75,"3":29,"4":6,"5":23,"6":1,"7":22,"8":22,"9":30,"10":2,"11":28,"12":16,"13":1,"14":6,"15":9,"16":2,"17":4,"18":4,"19":2,"20":2,"21":16,"22":8,"23":8,"24":4,"25":4,"26":15,"27":15,"28":4,"29":4,"30":11},"f":{"0":86,"1":66,"2":75,"3":29,"4":30,"5":16,"6":1,"7":6,"8":4,"9":16,"10":15},"b":{"0":[75,59],"1":[6,23],"2":[1,22],"3":[2,28],"4":[28,18],"5":[1,0],"6":[2,7],"7":[2,2],"8":[8,8],"9":[4,4],"10":[8,7,6],"11":[11,4],"12":[4,11],"13":[15,13],"14":[0,4]},"meta":{"lastBranch":15,"lastFunction":11,"lastStatement":31,"seen":{"f:13:16:13:35":0,"s:14:4:14:Infinity":0,"f:22:16:22:35":1,"s:23:4:23:Infinity":1,"f:31:16:31:33":2,"s:32:4:32:Infinity":2,"b:32:11:32:40:32:40:32:Infinity":0,"f:40:16:40:32":3,"b:42:4:44:Infinity:undefined:undefined:undefined:undefined":1,"s:42:4:44:Infinity":3,"s:43:8:43:Infinity":4,"b:47:4:49:Infinity:undefined:undefined:undefined:undefined":2,"s:47:4:49:Infinity":5,"s:48:8:48:Infinity":6,"s:52:26:52:Infinity":7,"s:53:4:53:Infinity":8,"f:61:16:61:30":4,"b:63:4:65:Infinity:undefined:undefined:undefined:undefined":3,"s:63:4:65:Infinity":9,"s:64:8:64:Infinity":10,"s:66:4:66:Infinity":11,"b:66:11:66:38:66:38:66:Infinity":4,"f:74:16:74:35":5,"s:75:4:75:Infinity":12,"f:82:16:82:38":6,"s:83:4:83:Infinity":13,"b:83:11:83:36:83:36:83:Infinity":5,"f:91:16:91:32":7,"s:92:4:99:Infinity":14,"b:93:8:98:Infinity:undefined:undefined:undefined:undefined":6,"s:93:8:98:Infinity":15,"s:94:12:97:Infinity":16,"s:100:4:100:Infinity":17,"f:108:16:108:36":8,"b:109:4:114:Infinity:undefined:undefined:undefined:undefined":7,"s:109:4:114:Infinity":18,"s:110:8:113:Infinity":19,"s:115:4:115:Infinity":20,"f:124:16:124:28":9,"b:125:4:127:Infinity:undefined:undefined:undefined:undefined":8,"s:125:4:127:Infinity":21,"s:126:8:126:Infinity":22,"b:129:4:131:Infinity:undefined:undefined:undefined:undefined":9,"s:129:4:131:Infinity":23,"b:129:8:129:36:129:36:129:50:129:50:129:66":10,"s:130:8:130:Infinity":24,"s:133:4:133:Infinity":25,"f:141:16:141:30":10,"s:142:28:142:Infinity":26,"b:142:51:142:58:142:58:142:Infinity":11,"b:143:4:146:Infinity:undefined:undefined:undefined:undefined":12,"s:143:4:146:Infinity":27,"b:143:8:143:38:143:38:143:69":13,"s:144:24:144:Infinity":28,"s:145:8:145:Infinity":29,"b:145:38:145:44:145:44:145:Infinity":14,"s:148:4:148:Infinity":30}}}
,"C:\\Users\\IPF-2026\\Downloads\\Omada MCP\\src\\utils\\logger.ts": {"path":"C:\\Users\\IPF-2026\\Downloads\\Omada MCP\\src\\utils\\logger.ts","statementMap":{"0":{"start":{"line":9,"column":48},"end":{"line":16,"column":null}},"1":{"start":{"line":21,"column":43},"end":{"line":26,"column":null}},"2":{"start":{"line":29,"column":4},"end":{"line":43,"column":null}},"3":{"start":{"line":30,"column":8},"end":{"line":34,"column":null}},"4":{"start":{"line":32,"column":16},"end":{"line":32,"column":null}},"5":{"start":{"line":35,"column":4},"end":{"line":43,"column":null}},"6":{"start":{"line":38,"column":8},"end":{"line":42,"column":null}},"7":{"start":{"line":40,"column":16},"end":{"line":40,"column":null}},"8":{"start":{"line":48,"column":4},"end":{"line":48,"column":null}},"9":{"start":{"line":53,"column":22},"end":{"line":53,"column":null}},"10":{"start":{"line":54,"column":0},"end":{"line":54,"column":null}},"11":{"start":{"line":64,"column":4},"end":{"line":64,"column":null}},"12":{"start":{"line":68,"column":4},"end":{"line":70,"column":null}},"13":{"start":{"line":69,"column":8},"end":{"line":69,"column":null}},"14":{"start":{"line":72,"column":34},"end":{"line":72,"column":null}},"15":{"start":{"line":73,"column":4},"end":{"line":80,"column":null}},"16":{"start":{"line":74,"column":8},"end":{"line":77,"column":null}},"17":{"start":{"line":75,"column":12},"end":{"line":75,"column":null}},"18":{"start":{"line":76,"column":12},"end":{"line":76,"column":null}},"19":{"start":{"line":79,"column":8},"end":{"line":79,"column":null}},"20":{"start":{"line":82,"column":4},"end":{"line":82,"column":null}},"21":{"start":{"line":86,"column":19},"end":{"line":86,"column":null}},"22":{"start":{"line":87,"column":4},"end":{"line":91,"column":null}},"23":{"start":{"line":88,"column":8},"end":{"line":88,"column":null}},"24":{"start":{"line":90,"column":8},"end":{"line":90,"column":null}},"25":{"start":{"line":94,"column":22},"end":{"line":107,"column":null}},"26":{"start":{"line":96,"column":8},"end":{"line":96,"column":null}},"27":{"start":{"line":99,"column":8},"end":{"line":99,"column":null}},"28":{"start":{"line":102,"column":8},"end":{"line":102,"column":null}},"29":{"start":{"line":105,"column":8},"end":{"line":105,"column":null}}},"fnMap":{"0":{"name":"createLogger","decl":{"start":{"line":20,"column":9},"end":{"line":20,"column":22}},"loc":{"start":{"line":20,"column":109},"end":{"line":49,"column":null}},"line":20},"1":{"name":"(anonymous_1)","decl":{"start":{"line":31,"column":12},"end":{"line":31,"column":18}},"loc":{"start":{"line":31,"column":25},"end":{"line":33,"column":null}},"line":31},"2":{"name":"(anonymous_2)","decl":{"start":{"line":39,"column":12},"end":{"line":39,"column":18}},"loc":{"start":{"line":39,"column":25},"end":{"line":41,"column":null}},"line":39},"3":{"name":"initLogger","decl":{"start":{"line":63,"column":16},"end":{"line":63,"column":27}},"loc":{"start":{"line":63,"column":98},"end":{"line":65,"column":null}},"line":63},"4":{"name":"normalizeMeta","decl":{"start":{"line":67,"column":9},"end":{"line":67,"column":23}},"loc":{"start":{"line":67,"column":64},"end":{"line":83,"column":null}},"line":67},"5":{"name":"write","decl":{"start":{"line":85,"column":9},"end":{"line":85,"column":15}},"loc":{"start":{"line":85,"column":73},"end":{"line":92,"column":null}},"line":85},"6":{"name":"(anonymous_6)","decl":{"start":{"line":95,"column":4},"end":{"line":95,"column":10}},"loc":{"start":{"line":95,"column":45},"end":{"line":97,"column":null}},"line":95},"7":{"name":"(anonymous_7)","decl":{"start":{"line":98,"column":4},"end":{"line":98,"column":9}},"loc":{"start":{"line":98,"column":44},"end":{"line":100,"column":null}},"line":98},"8":{"name":"(anonymous_8)","decl":{"start":{"line":101,"column":4},"end":{"line":101,"column":9}},"loc":{"start":{"line":101,"column":44},"end":{"line":103,"column":null}},"line":101},"9":{"name":"(anonymous_9)","decl":{"start":{"line":104,"column":4},"end":{"line":104,"column":10}},"loc":{"start":{"line":104,"column":45},"end":{"line":106,"column":null}},"line":104}},"branchMap":{"0":{"loc":{"start":{"line":20,"column":22},"end":{"line":20,"column":48}},"type":"default-arg","locations":[{"start":{"line":20,"column":40},"end":{"line":20,"column":48}}],"line":20},"1":{"loc":{"start":{"line":20,"column":48},"end":{"line":20,"column":77}},"type":"default-arg","locations":[{"start":{"line":20,"column":68},"end":{"line":20,"column":77}}],"line":20},"2":{"loc":{"start":{"line":20,"column":77},"end":{"line":20,"column":109}},"type":"default-arg","locations":[{"start":{"line":20,"column":89},"end":{"line":20,"column":109}}],"line":20},"3":{"loc":{"start":{"line":29,"column":4},"end":{"line":43,"column":null}},"type":"if","locations":[{"start":{"line":29,"column":4},"end":{"line":43,"column":null}},{"start":{"line":35,"column":4},"end":{"line":43,"column":null}}],"line":29},"4":{"loc":{"start":{"line":32,"column":35},"end":{"line":32,"column":81}},"type":"binary-expr","locations":[{"start":{"line":32,"column":35},"end":{"line":32,"column":61}},{"start":{"line":32,"column":61},"end":{"line":32,"column":81}}],"line":32},"5":{"loc":{"start":{"line":35,"column":4},"end":{"line":43,"column":null}},"type":"if","locations":[{"start":{"line":35,"column":4},"end":{"line":43,"column":null}},{"start":{},"end":{}}],"line":35},"6":{"loc":{"start":{"line":48,"column":11},"end":{"line":48,"column":null}},"type":"cond-expr","locations":[{"start":{"line":48,"column":11},"end":{"line":48,"column":58}},{"start":{"line":48,"column":54},"end":{"line":48,"column":null}}],"line":48},"7":{"loc":{"start":{"line":53,"column":22},"end":{"line":53,"column":null}},"type":"binary-expr","locations":[{"start":{"line":53,"column":22},"end":{"line":53,"column":83}},{"start":{"line":53,"column":83},"end":{"line":53,"column":null}}],"line":53},"8":{"loc":{"start":{"line":63,"column":44},"end":{"line":63,"column":73}},"type":"default-arg","locations":[{"start":{"line":63,"column":64},"end":{"line":63,"column":73}}],"line":63},"9":{"loc":{"start":{"line":63,"column":73},"end":{"line":63,"column":98}},"type":"default-arg","locations":[{"start":{"line":63,"column":85},"end":{"line":63,"column":98}}],"line":63},"10":{"loc":{"start":{"line":68,"column":4},"end":{"line":70,"column":null}},"type":"if","locations":[{"start":{"line":68,"column":4},"end":{"line":70,"column":null}},{"start":{},"end":{}}],"line":68},"11":{"loc":{"start":{"line":74,"column":8},"end":{"line":77,"column":null}},"type":"if","locations":[{"start":{"line":74,"column":8},"end":{"line":77,"column":null}},{"start":{},"end":{}}],"line":74},"12":{"loc":{"start":{"line":82,"column":11},"end":{"line":82,"column":null}},"type":"cond-expr","locations":[{"start":{"line":82,"column":48},"end":{"line":82,"column":61}},{"start":{"line":82,"column":61},"end":{"line":82,"column":null}}],"line":82},"13":{"loc":{"start":{"line":87,"column":4},"end":{"line":91,"column":null}},"type":"if","locations":[{"start":{"line":87,"column":4},"end":{"line":91,"column":null}},{"start":{"line":89,"column":11},"end":{"line":91,"column":null}}],"line":87}},"s":{"0":378,"1":400,"2":400,"3":5,"4":30,"5":395,"6":379,"7":2274,"8":400,"9":378,"10":378,"11":22,"12":599,"13":21,"14":578,"15":578,"16":1820,"17":1,"18":1,"19":1819,"20":578,"21":599,"22":599,"23":577,"24":22,"25":378,"26":85,"27":458,"28":15,"29":41},"f":{"0":400,"1":30,"2":2274,"3":22,"4":599,"5":599,"6":85,"7":458,"8":15,"9":41},"b":{"0":[400],"1":[400],"2":[400],"3":[5,395],"4":[30,0],"5":[379,16],"6":[1,399],"7":[378,0],"8":[22],"9":[22],"10":[21,578],"11":[1,1819],"12":[577,1],"13":[577,22]},"meta":{"lastBranch":14,"lastFunction":10,"lastStatement":30,"seen":{"s:9:48:16:Infinity":0,"f:20:9:20:22":0,"b:20:40:20:48":0,"b:20:68:20:77":1,"b:20:89:20:109":2,"s:21:43:26:Infinity":1,"b:29:4:43:Infinity:35:4:43:Infinity":3,"s:29:4:43:Infinity":2,"s:30:8:34:Infinity":3,"f:31:12:31:18":1,"s:32:16:32:Infinity":4,"b:32:35:32:61:32:61:32:81":4,"b:35:4:43:Infinity:undefined:undefined:undefined:undefined":5,"s:35:4:43:Infinity":5,"s:38:8:42:Infinity":6,"f:39:12:39:18":2,"s:40:16:40:Infinity":7,"s:48:4:48:Infinity":8,"b:48:11:48:58:48:54:48:Infinity":6,"s:53:22:53:Infinity":9,"b:53:22:53:83:53:83:53:Infinity":7,"s:54:0:54:Infinity":10,"f:63:16:63:27":3,"b:63:64:63:73":8,"b:63:85:63:98":9,"s:64:4:64:Infinity":11,"f:67:9:67:23":4,"b:68:4:70:Infinity:undefined:undefined:undefined:undefined":10,"s:68:4:70:Infinity":12,"s:69:8:69:Infinity":13,"s:72:34:72:Infinity":14,"s:73:4:80:Infinity":15,"b:74:8:77:Infinity:undefined:undefined:undefined:undefined":11,"s:74:8:77:Infinity":16,"s:75:12:75:Infinity":17,"s:76:12:76:Infinity":18,"s:79:8:79:Infinity":19,"s:82:4:82:Infinity":20,"b:82:48:82:61:82:61:82:Infinity":12,"f:85:9:85:15":5,"s:86:19:86:Infinity":21,"b:87:4:91:Infinity:89:11:91:Infinity":13,"s:87:4:91:Infinity":22,"s:88:8:88:Infinity":23,"s:90:8:90:Infinity":24,"s:94:22:107:Infinity":25,"f:95:4:95:10":6,"s:96:8:96:Infinity":26,"f:98:4:98:9":7,"s:99:8:99:Infinity":27,"f:101:4:101:9":8,"s:102:8:102:Infinity":28,"f:104:4:104:10":9,"s:105:8:105:Infinity":29}}}
,"C:\\Users\\IPF-2026\\Downloads\\Omada MCP\\src\\utils\\pagination-schema.ts": {"path":"C:\\Users\\IPF-2026\\Downloads\\Omada MCP\\src\\utils\\pagination-schema.ts","statementMap":{"0":{"start":{"line":15,"column":4},"end":{"line":18,"column":null}}},"fnMap":{"0":{"name":"createPaginationSchema","decl":{"start":{"line":14,"column":16},"end":{"line":14,"column":39}},"loc":{"start":{"line":14,"column":61},"end":{"line":19,"column":null}},"line":14}},"branchMap":{"0":{"loc":{"start":{"line":14,"column":39},"end":{"line":14,"column":61}},"type":"default-arg","locations":[{"start":{"line":14,"column":57},"end":{"line":14,"column":61}}],"line":14}},"s":{"0":368},"f":{"0":368},"b":{"0":[368]},"meta":{"lastBranch":1,"lastFunction":1,"lastStatement":1,"seen":{"f:14:16:14:39":0,"b:14:57:14:61":0,"s:15:4:18:Infinity":0}}}
}
